#
# There is insufficient memory for the Java Runtime Environment to continue.
# Native memory allocation (malloc) failed to allocate 1232976 bytes for Chunk::new
# Possible reasons:
#   The system is out of physical RAM or swap space
#   The process is running with CompressedOops enabled, and the Java Heap may be blocking the growth of the native heap
# Possible solutions:
#   Reduce memory load on the system
#   Increase physical memory or swap space
#   Check if swap backing store is full
#   Decrease Java heap size (-Xmx/-Xms)
#   Decrease number of Java threads
#   Decrease Java thread stack sizes (-Xss)
#   Set larger code cache with -XX:ReservedCodeCacheSize=
#   JVM is running with Unscaled Compressed Oops mode in which the Java heap is
#     placed in the first 4GB address space. The Java Heap base address is the
#     maximum limit for the native heap growth. Please use -XX:HeapBaseMinAddress
#     to set the Java Heap base and to place the Java Heap above 4GB virtual address.
# This output file may be truncated or incomplete.
#
#  Out of Memory Error (src/hotspot/share/memory/arena.cpp:197), pid=16432, tid=19796
#
# JRE version: OpenJDK Runtime Environment (11.0.15) (build 11.0.15+0-b2043.56-9505619)
# Java VM: OpenJDK 64-Bit Server VM (11.0.15+0-b2043.56-9505619, mixed mode, tiered, compressed oops, g1 gc, windows-amd64)
# No core dump will be written. Minidumps are not enabled by default on client versions of Windows
#

---------------  S U M M A R Y ------------

Command Line: org.jetbrains.kotlin.cli.jvm.K2JVMCompiler @D:\Usuarios\Santiago Mejia\Desarrollo_Movil\Proyecto_Movipet\app\build\20230306_16664736081920599065.compiler.options

Host: Intel(R) Core(TM) i5-10210U CPU @ 1.60GHz, 8 cores, 7G,  Windows 11 , 64 bit Build 22621 (10.0.22621.1194)
Time: Mon Mar  6 12:22:00 2023 Hora est. Pacífico, Sudamérica elapsed time: 9.909823 seconds (0d 0h 0m 9s)

---------------  T H R E A D  ---------------

Current thread (0x0000014d8615f000):  JavaThread "C2 CompilerThread1" daemon [_thread_in_native, id=19796, stack(0x0000002773000000,0x0000002773100000)]


Current CompileTask:
C2:   9909 8650       4       org.jetbrains.kotlin.ir.util.TypeTranslator::translateType (625 bytes)

Stack: [0x0000002773000000,0x0000002773100000]
Native frames: (J=compiled Java code, j=interpreted, Vv=VM code, C=native code)
V  [jvm.dll+0x64135a]
V  [jvm.dll+0x7d39f9]
V  [jvm.dll+0x7d51b9]
V  [jvm.dll+0x7d58a3]
V  [jvm.dll+0x2691c5]
V  [jvm.dll+0xc1a5c]
V  [jvm.dll+0xc200c]
V  [jvm.dll+0x377462]
V  [jvm.dll+0x1b3732]
V  [jvm.dll+0x22163e]
V  [jvm.dll+0x220498]
V  [jvm.dll+0x19e851]
V  [jvm.dll+0x230479]
V  [jvm.dll+0x22e5ef]
V  [jvm.dll+0x794de1]
V  [jvm.dll+0x78dc24]
V  [jvm.dll+0x6400f6]
C  [ucrtbase.dll+0x29363]
C  [KERNEL32.DLL+0x126bd]
C  [ntdll.dll+0x5dfb8]


---------------  P R O C E S S  ---------------

Threads class SMR info:
_java_thread_list=0x0000014d83751740, length=11, elements={
0x0000014de6740000, 0x0000014dfea8b000, 0x0000014dfea8c000, 0x0000014dff2a7800,
0x0000014dff2a9800, 0x0000014dff2af000, 0x0000014dff2b0000, 0x0000014dff2f4000,
0x0000014dff2f9800, 0x0000014dff498800, 0x0000014d8615f000
}

Java Threads: ( => current thread )
  0x0000014de6740000 JavaThread "main" [_thread_in_vm, id=11532, stack(0x0000002771f00000,0x0000002772000000)]
  0x0000014dfea8b000 JavaThread "Reference Handler" daemon [_thread_blocked, id=11428, stack(0x0000002772600000,0x0000002772700000)]
  0x0000014dfea8c000 JavaThread "Finalizer" daemon [_thread_blocked, id=14436, stack(0x0000002772700000,0x0000002772800000)]
  0x0000014dff2a7800 JavaThread "Signal Dispatcher" daemon [_thread_blocked, id=6872, stack(0x0000002772800000,0x0000002772900000)]
  0x0000014dff2a9800 JavaThread "Attach Listener" daemon [_thread_blocked, id=3616, stack(0x0000002772900000,0x0000002772a00000)]
  0x0000014dff2af000 JavaThread "Service Thread" daemon [_thread_blocked, id=22264, stack(0x0000002772a00000,0x0000002772b00000)]
  0x0000014dff2b0000 JavaThread "C2 CompilerThread0" daemon [_thread_in_native, id=16332, stack(0x0000002772b00000,0x0000002772c00000)]
  0x0000014dff2f4000 JavaThread "C1 CompilerThread0" daemon [_thread_blocked, id=17480, stack(0x0000002772c00000,0x0000002772d00000)]
  0x0000014dff2f9800 JavaThread "Sweeper thread" daemon [_thread_blocked, id=19004, stack(0x0000002772d00000,0x0000002772e00000)]
  0x0000014dff498800 JavaThread "Common-Cleaner" daemon [_thread_blocked, id=4260, stack(0x0000002772f00000,0x0000002773000000)]
=>0x0000014d8615f000 JavaThread "C2 CompilerThread1" daemon [_thread_in_native, id=19796, stack(0x0000002773000000,0x0000002773100000)]

Other Threads:
  0x0000014dfea56800 VMThread "VM Thread" [stack: 0x0000002772500000,0x0000002772600000] [id=16232]
  0x0000014dff496000 WatcherThread [stack: 0x0000002772e00000,0x0000002772f00000] [id=21088]
  0x0000014de6756800 GCTaskThread "GC Thread#0" [stack: 0x0000002772000000,0x0000002772100000] [id=21760]
  0x0000014dff681800 GCTaskThread "GC Thread#1" [stack: 0x0000002773200000,0x0000002773300000] [id=3696]
  0x0000014dff9b9800 GCTaskThread "GC Thread#2" [stack: 0x0000002773300000,0x0000002773400000] [id=19416]
  0x0000014d8499c000 GCTaskThread "GC Thread#3" [stack: 0x0000002773400000,0x0000002773500000] [id=6232]
  0x0000014de6787000 ConcurrentGCThread "G1 Main Marker" [stack: 0x0000002772100000,0x0000002772200000] [id=1764]
  0x0000014de6789000 ConcurrentGCThread "G1 Conc#0" [stack: 0x0000002772200000,0x0000002772300000] [id=276]
  0x0000014dfff6b000 ConcurrentGCThread "G1 Conc#1" [stack: 0x0000002773100000,0x0000002773200000] [id=20312]
  0x0000014dfe8c2800 ConcurrentGCThread "G1 Refine#0" [stack: 0x0000002772300000,0x0000002772400000] [id=16244]
  0x0000014dfe8c5800 ConcurrentGCThread "G1 Young RemSet Sampling" [stack: 0x0000002772400000,0x0000002772500000] [id=19500]

Threads with active compile tasks:
C2 CompilerThread0     9927 8718   !   4       org.jetbrains.kotlin.ir.util.SymbolTable::referenceClass (217 bytes)
C2 CompilerThread1     9927 8650       4       org.jetbrains.kotlin.ir.util.TypeTranslator::translateType (625 bytes)

VM state:not at safepoint (normal execution)

VM Mutex/Monitor currently owned by a thread: None

Heap address: 0x0000000082a00000, size: 2006 MB, Compressed Oops mode: 32-bit
Narrow klass base: 0x0000000000000000, Narrow klass shift: 3
Compressed class space size: 1073741824 Address: 0x0000000100000000

Heap:
 garbage-first heap   total 187392K, used 77643K [0x0000000082a00000, 0x0000000100000000)
  region size 1024K, 29 young (29696K), 8 survivors (8192K)
 Metaspace       used 71382K, capacity 72173K, committed 72344K, reserved 1114112K
  class space    used 7992K, capacity 8346K, committed 8448K, reserved 1048576K
Heap Regions: E=young(eden), S=young(survivor), O=old, HS=humongous(starts), HC=humongous(continues), CS=collection set, F=free, A=archive, TAMS=top-at-mark-start (previous, next)
|   0|0x0000000082a00000, 0x0000000082b00000, 0x0000000082b00000|100%|HS|  |TAMS 0x0000000082b00000, 0x0000000082a00000| Complete 
|   1|0x0000000082b00000, 0x0000000082c00000, 0x0000000082c00000|100%|HC|  |TAMS 0x0000000082c00000, 0x0000000082b00000| Complete 
|   2|0x0000000082c00000, 0x0000000082d00000, 0x0000000082d00000|100%|HC|  |TAMS 0x0000000082d00000, 0x0000000082c00000| Complete 
|   3|0x0000000082d00000, 0x0000000082e00000, 0x0000000082e00000|100%|HC|  |TAMS 0x0000000082e00000, 0x0000000082d00000| Complete 
|   4|0x0000000082e00000, 0x0000000082f00000, 0x0000000082f00000|100%|HS|  |TAMS 0x0000000082f00000, 0x0000000082e00000| Complete 
|   5|0x0000000082f00000, 0x0000000083000000, 0x0000000083000000|100%|HC|  |TAMS 0x0000000083000000, 0x0000000082f00000| Complete 
|   6|0x0000000083000000, 0x0000000083100000, 0x0000000083100000|100%|HC|  |TAMS 0x0000000083100000, 0x0000000083000000| Complete 
|   7|0x0000000083100000, 0x0000000083200000, 0x0000000083200000|100%|HC|  |TAMS 0x0000000083200000, 0x0000000083100000| Complete 
|   8|0x0000000083200000, 0x0000000083300000, 0x0000000083300000|100%|HS|  |TAMS 0x0000000083300000, 0x0000000083200000| Complete 
|   9|0x0000000083300000, 0x0000000083400000, 0x0000000083400000|100%|HC|  |TAMS 0x0000000083400000, 0x0000000083300000| Complete 
|  10|0x0000000083400000, 0x0000000083500000, 0x0000000083500000|100%| O|  |TAMS 0x0000000083500000, 0x0000000083400000| Untracked 
|  11|0x0000000083500000, 0x0000000083600000, 0x0000000083600000|100%| O|  |TAMS 0x0000000083600000, 0x0000000083500000| Untracked 
|  12|0x0000000083600000, 0x0000000083700000, 0x0000000083700000|100%| O|  |TAMS 0x0000000083700000, 0x0000000083600000| Untracked 
|  13|0x0000000083700000, 0x0000000083800000, 0x0000000083800000|100%| O|  |TAMS 0x0000000083800000, 0x0000000083700000| Untracked 
|  14|0x0000000083800000, 0x0000000083900000, 0x0000000083900000|100%| O|  |TAMS 0x0000000083900000, 0x0000000083800000| Untracked 
|  15|0x0000000083900000, 0x0000000083a00000, 0x0000000083a00000|100%| O|  |TAMS 0x0000000083a00000, 0x0000000083900000| Untracked 
|  16|0x0000000083a00000, 0x0000000083b00000, 0x0000000083b00000|100%| O|  |TAMS 0x0000000083b00000, 0x0000000083a00000| Untracked 
|  17|0x0000000083b00000, 0x0000000083c00000, 0x0000000083c00000|100%| O|  |TAMS 0x0000000083c00000, 0x0000000083b00000| Untracked 
|  18|0x0000000083c00000, 0x0000000083d00000, 0x0000000083d00000|100%| O|  |TAMS 0x0000000083d00000, 0x0000000083c00000| Untracked 
|  19|0x0000000083d00000, 0x0000000083e00000, 0x0000000083e00000|100%| O|  |TAMS 0x0000000083e00000, 0x0000000083d00000| Untracked 
|  20|0x0000000083e00000, 0x0000000083f00000, 0x0000000083f00000|100%| O|  |TAMS 0x0000000083f00000, 0x0000000083e00000| Untracked 
|  21|0x0000000083f00000, 0x0000000084000000, 0x0000000084000000|100%| O|  |TAMS 0x0000000084000000, 0x0000000083f00000| Untracked 
|  22|0x0000000084000000, 0x0000000084100000, 0x0000000084100000|100%| O|  |TAMS 0x0000000084100000, 0x0000000084000000| Untracked 
|  23|0x0000000084100000, 0x0000000084200000, 0x0000000084200000|100%| O|  |TAMS 0x0000000084200000, 0x0000000084100000| Untracked 
|  24|0x0000000084200000, 0x0000000084300000, 0x0000000084300000|100%| O|  |TAMS 0x0000000084300000, 0x0000000084200000| Untracked 
|  25|0x0000000084300000, 0x0000000084400000, 0x0000000084400000|100%| O|  |TAMS 0x0000000084400000, 0x0000000084300000| Untracked 
|  26|0x0000000084400000, 0x0000000084500000, 0x0000000084500000|100%| O|  |TAMS 0x0000000084500000, 0x0000000084400000| Untracked 
|  27|0x0000000084500000, 0x0000000084600000, 0x0000000084600000|100%| O|  |TAMS 0x0000000084600000, 0x0000000084500000| Untracked 
|  28|0x0000000084600000, 0x0000000084700000, 0x0000000084700000|100%| O|  |TAMS 0x0000000084700000, 0x0000000084600000| Untracked 
|  29|0x0000000084700000, 0x0000000084800000, 0x0000000084800000|100%| O|  |TAMS 0x0000000084800000, 0x0000000084700000| Untracked 
|  30|0x0000000084800000, 0x0000000084900000, 0x0000000084900000|100%| O|  |TAMS 0x0000000084900000, 0x0000000084800000| Untracked 
|  31|0x0000000084900000, 0x0000000084a00000, 0x0000000084a00000|100%| O|  |TAMS 0x0000000084a00000, 0x0000000084900000| Untracked 
|  32|0x0000000084a00000, 0x0000000084b00000, 0x0000000084b00000|100%| O|  |TAMS 0x0000000084b00000, 0x0000000084a00000| Untracked 
|  33|0x0000000084b00000, 0x0000000084c00000, 0x0000000084c00000|100%| O|  |TAMS 0x0000000084c00000, 0x0000000084b00000| Untracked 
|  34|0x0000000084c00000, 0x0000000084d00000, 0x0000000084d00000|100%| O|  |TAMS 0x0000000084d00000, 0x0000000084c00000| Untracked 
|  35|0x0000000084d00000, 0x0000000084e00000, 0x0000000084e00000|100%| O|  |TAMS 0x0000000084e00000, 0x0000000084d00000| Untracked 
|  36|0x0000000084e00000, 0x0000000084f00000, 0x0000000084f00000|100%| O|  |TAMS 0x0000000084f00000, 0x0000000084e00000| Untracked 
|  37|0x0000000084f00000, 0x0000000085000000, 0x0000000085000000|100%| O|  |TAMS 0x0000000085000000, 0x0000000084f00000| Untracked 
|  38|0x0000000085000000, 0x0000000085100000, 0x0000000085100000|100%| O|  |TAMS 0x0000000085100000, 0x0000000085000000| Untracked 
|  39|0x0000000085100000, 0x0000000085200000, 0x0000000085200000|100%| O|  |TAMS 0x0000000085200000, 0x0000000085100000| Untracked 
|  40|0x0000000085200000, 0x0000000085300000, 0x0000000085300000|100%| O|  |TAMS 0x0000000085300000, 0x0000000085200000| Untracked 
|  41|0x0000000085300000, 0x0000000085400000, 0x0000000085400000|100%| O|  |TAMS 0x0000000085400000, 0x0000000085300000| Untracked 
|  42|0x0000000085400000, 0x0000000085500000, 0x0000000085500000|100%| O|  |TAMS 0x0000000085500000, 0x0000000085400000| Untracked 
|  43|0x0000000085500000, 0x0000000085600000, 0x0000000085600000|100%| O|  |TAMS 0x0000000085600000, 0x0000000085500000| Untracked 
|  44|0x0000000085600000, 0x0000000085700000, 0x0000000085700000|100%| O|  |TAMS 0x0000000085700000, 0x0000000085600000| Untracked 
|  45|0x0000000085700000, 0x0000000085800000, 0x0000000085800000|100%| O|  |TAMS 0x0000000085800000, 0x0000000085700000| Untracked 
|  46|0x0000000085800000, 0x0000000085900000, 0x0000000085900000|100%| O|  |TAMS 0x0000000085900000, 0x0000000085800000| Untracked 
|  47|0x0000000085900000, 0x0000000085a00000, 0x0000000085a00000|100%| O|  |TAMS 0x0000000085a00000, 0x0000000085900000| Untracked 
|  48|0x0000000085a00000, 0x0000000085a80000, 0x0000000085b00000| 50%| O|  |TAMS 0x0000000085a80000, 0x0000000085a00000| Untracked 
|  49|0x0000000085b00000, 0x0000000085b00000, 0x0000000085c00000|  0%| F|  |TAMS 0x0000000085b00000, 0x0000000085b00000| Untracked 
|  50|0x0000000085c00000, 0x0000000085c00000, 0x0000000085d00000|  0%| F|  |TAMS 0x0000000085c00000, 0x0000000085c00000| Untracked 
|  51|0x0000000085d00000, 0x0000000085d00000, 0x0000000085e00000|  0%| F|  |TAMS 0x0000000085d00000, 0x0000000085d00000| Untracked 
|  52|0x0000000085e00000, 0x0000000085e00000, 0x0000000085f00000|  0%| F|  |TAMS 0x0000000085e00000, 0x0000000085e00000| Untracked 
|  53|0x0000000085f00000, 0x0000000085f00000, 0x0000000086000000|  0%| F|  |TAMS 0x0000000085f00000, 0x0000000085f00000| Untracked 
|  54|0x0000000086000000, 0x0000000086000000, 0x0000000086100000|  0%| F|  |TAMS 0x0000000086000000, 0x0000000086000000| Untracked 
|  55|0x0000000086100000, 0x0000000086100000, 0x0000000086200000|  0%| F|  |TAMS 0x0000000086100000, 0x0000000086100000| Untracked 
|  56|0x0000000086200000, 0x0000000086200000, 0x0000000086300000|  0%| F|  |TAMS 0x0000000086200000, 0x0000000086200000| Untracked 
|  57|0x0000000086300000, 0x0000000086300000, 0x0000000086400000|  0%| F|  |TAMS 0x0000000086300000, 0x0000000086300000| Untracked 
|  58|0x0000000086400000, 0x0000000086400000, 0x0000000086500000|  0%| F|  |TAMS 0x0000000086400000, 0x0000000086400000| Untracked 
|  59|0x0000000086500000, 0x0000000086500000, 0x0000000086600000|  0%| F|  |TAMS 0x0000000086500000, 0x0000000086500000| Untracked 
|  60|0x0000000086600000, 0x0000000086600000, 0x0000000086700000|  0%| F|  |TAMS 0x0000000086600000, 0x0000000086600000| Untracked 
|  61|0x0000000086700000, 0x0000000086700000, 0x0000000086800000|  0%| F|  |TAMS 0x0000000086700000, 0x0000000086700000| Untracked 
|  62|0x0000000086800000, 0x0000000086800000, 0x0000000086900000|  0%| F|  |TAMS 0x0000000086800000, 0x0000000086800000| Untracked 
|  63|0x0000000086900000, 0x0000000086900000, 0x0000000086a00000|  0%| F|  |TAMS 0x0000000086900000, 0x0000000086900000| Untracked 
|  64|0x0000000086a00000, 0x0000000086a00000, 0x0000000086b00000|  0%| F|  |TAMS 0x0000000086a00000, 0x0000000086a00000| Untracked 
|  65|0x0000000086b00000, 0x0000000086b00000, 0x0000000086c00000|  0%| F|  |TAMS 0x0000000086b00000, 0x0000000086b00000| Untracked 
|  66|0x0000000086c00000, 0x0000000086c00000, 0x0000000086d00000|  0%| F|  |TAMS 0x0000000086c00000, 0x0000000086c00000| Untracked 
|  67|0x0000000086d00000, 0x0000000086d00000, 0x0000000086e00000|  0%| F|  |TAMS 0x0000000086d00000, 0x0000000086d00000| Untracked 
|  68|0x0000000086e00000, 0x0000000086e00000, 0x0000000086f00000|  0%| F|  |TAMS 0x0000000086e00000, 0x0000000086e00000| Untracked 
|  69|0x0000000086f00000, 0x0000000086f00000, 0x0000000087000000|  0%| F|  |TAMS 0x0000000086f00000, 0x0000000086f00000| Untracked 
|  70|0x0000000087000000, 0x0000000087000000, 0x0000000087100000|  0%| F|  |TAMS 0x0000000087000000, 0x0000000087000000| Untracked 
|  71|0x0000000087100000, 0x0000000087100000, 0x0000000087200000|  0%| F|  |TAMS 0x0000000087100000, 0x0000000087100000| Untracked 
|  72|0x0000000087200000, 0x0000000087200000, 0x0000000087300000|  0%| F|  |TAMS 0x0000000087200000, 0x0000000087200000| Untracked 
|  73|0x0000000087300000, 0x0000000087300000, 0x0000000087400000|  0%| F|  |TAMS 0x0000000087300000, 0x0000000087300000| Untracked 
|  74|0x0000000087400000, 0x0000000087400000, 0x0000000087500000|  0%| F|  |TAMS 0x0000000087400000, 0x0000000087400000| Untracked 
|  75|0x0000000087500000, 0x0000000087500000, 0x0000000087600000|  0%| F|  |TAMS 0x0000000087500000, 0x0000000087500000| Untracked 
|  76|0x0000000087600000, 0x0000000087600000, 0x0000000087700000|  0%| F|  |TAMS 0x0000000087600000, 0x0000000087600000| Untracked 
|  77|0x0000000087700000, 0x0000000087700000, 0x0000000087800000|  0%| F|  |TAMS 0x0000000087700000, 0x0000000087700000| Untracked 
|  78|0x0000000087800000, 0x0000000087800000, 0x0000000087900000|  0%| F|  |TAMS 0x0000000087800000, 0x0000000087800000| Untracked 
|  79|0x0000000087900000, 0x0000000087900000, 0x0000000087a00000|  0%| F|  |TAMS 0x0000000087900000, 0x0000000087900000| Untracked 
|  80|0x0000000087a00000, 0x0000000087a00000, 0x0000000087b00000|  0%| F|  |TAMS 0x0000000087a00000, 0x0000000087a00000| Untracked 
|  81|0x0000000087b00000, 0x0000000087b00000, 0x0000000087c00000|  0%| F|  |TAMS 0x0000000087b00000, 0x0000000087b00000| Untracked 
|  82|0x0000000087c00000, 0x0000000087c00000, 0x0000000087d00000|  0%| F|  |TAMS 0x0000000087c00000, 0x0000000087c00000| Untracked 
|  83|0x0000000087d00000, 0x0000000087d00000, 0x0000000087e00000|  0%| F|  |TAMS 0x0000000087d00000, 0x0000000087d00000| Untracked 
|  84|0x0000000087e00000, 0x0000000087e00000, 0x0000000087f00000|  0%| F|  |TAMS 0x0000000087e00000, 0x0000000087e00000| Untracked 
|  85|0x0000000087f00000, 0x0000000087f00000, 0x0000000088000000|  0%| F|  |TAMS 0x0000000087f00000, 0x0000000087f00000| Untracked 
|  86|0x0000000088000000, 0x0000000088000000, 0x0000000088100000|  0%| F|  |TAMS 0x0000000088000000, 0x0000000088000000| Untracked 
|  87|0x0000000088100000, 0x0000000088100000, 0x0000000088200000|  0%| F|  |TAMS 0x0000000088100000, 0x0000000088100000| Untracked 
|  88|0x0000000088200000, 0x0000000088200000, 0x0000000088300000|  0%| F|  |TAMS 0x0000000088200000, 0x0000000088200000| Untracked 
|  89|0x0000000088300000, 0x0000000088300000, 0x0000000088400000|  0%| F|  |TAMS 0x0000000088300000, 0x0000000088300000| Untracked 
|  90|0x0000000088400000, 0x0000000088400000, 0x0000000088500000|  0%| F|  |TAMS 0x0000000088400000, 0x0000000088400000| Untracked 
|  91|0x0000000088500000, 0x0000000088500000, 0x0000000088600000|  0%| F|  |TAMS 0x0000000088500000, 0x0000000088500000| Untracked 
|  92|0x0000000088600000, 0x0000000088600000, 0x0000000088700000|  0%| F|  |TAMS 0x0000000088600000, 0x0000000088600000| Untracked 
|  93|0x0000000088700000, 0x0000000088700000, 0x0000000088800000|  0%| F|  |TAMS 0x0000000088700000, 0x0000000088700000| Untracked 
|  94|0x0000000088800000, 0x0000000088800000, 0x0000000088900000|  0%| F|  |TAMS 0x0000000088800000, 0x0000000088800000| Untracked 
|  95|0x0000000088900000, 0x0000000088900000, 0x0000000088a00000|  0%| F|  |TAMS 0x0000000088900000, 0x0000000088900000| Untracked 
|  96|0x0000000088a00000, 0x0000000088a00000, 0x0000000088b00000|  0%| F|  |TAMS 0x0000000088a00000, 0x0000000088a00000| Untracked 
|  97|0x0000000088b00000, 0x0000000088b00000, 0x0000000088c00000|  0%| F|  |TAMS 0x0000000088b00000, 0x0000000088b00000| Untracked 
|  98|0x0000000088c00000, 0x0000000088c00000, 0x0000000088d00000|  0%| F|  |TAMS 0x0000000088c00000, 0x0000000088c00000| Untracked 
|  99|0x0000000088d00000, 0x0000000088d00000, 0x0000000088e00000|  0%| F|  |TAMS 0x0000000088d00000, 0x0000000088d00000| Untracked 
| 100|0x0000000088e00000, 0x0000000088e00000, 0x0000000088f00000|  0%| F|  |TAMS 0x0000000088e00000, 0x0000000088e00000| Untracked 
| 101|0x0000000088f00000, 0x0000000088f00000, 0x0000000089000000|  0%| F|  |TAMS 0x0000000088f00000, 0x0000000088f00000| Untracked 
| 102|0x0000000089000000, 0x0000000089000000, 0x0000000089100000|  0%| F|  |TAMS 0x0000000089000000, 0x0000000089000000| Untracked 
| 103|0x0000000089100000, 0x0000000089100000, 0x0000000089200000|  0%| F|  |TAMS 0x0000000089100000, 0x0000000089100000| Untracked 
| 104|0x0000000089200000, 0x0000000089200000, 0x0000000089300000|  0%| F|  |TAMS 0x0000000089200000, 0x0000000089200000| Untracked 
| 105|0x0000000089300000, 0x0000000089300000, 0x0000000089400000|  0%| F|  |TAMS 0x0000000089300000, 0x0000000089300000| Untracked 
| 106|0x0000000089400000, 0x0000000089400000, 0x0000000089500000|  0%| F|  |TAMS 0x0000000089400000, 0x0000000089400000| Untracked 
| 107|0x0000000089500000, 0x0000000089500000, 0x0000000089600000|  0%| F|  |TAMS 0x0000000089500000, 0x0000000089500000| Untracked 
| 108|0x0000000089600000, 0x0000000089600000, 0x0000000089700000|  0%| F|  |TAMS 0x0000000089600000, 0x0000000089600000| Untracked 
| 109|0x0000000089700000, 0x0000000089700000, 0x0000000089800000|  0%| F|  |TAMS 0x0000000089700000, 0x0000000089700000| Untracked 
| 110|0x0000000089800000, 0x0000000089800000, 0x0000000089900000|  0%| F|  |TAMS 0x0000000089800000, 0x0000000089800000| Untracked 
| 111|0x0000000089900000, 0x0000000089900000, 0x0000000089a00000|  0%| F|  |TAMS 0x0000000089900000, 0x0000000089900000| Untracked 
| 112|0x0000000089a00000, 0x0000000089a52cc8, 0x0000000089b00000| 32%| S|CS|TAMS 0x0000000089a00000, 0x0000000089a00000| Complete 
| 113|0x0000000089b00000, 0x0000000089c00000, 0x0000000089c00000|100%| S|CS|TAMS 0x0000000089b00000, 0x0000000089b00000| Complete 
| 114|0x0000000089c00000, 0x0000000089d00000, 0x0000000089d00000|100%| S|CS|TAMS 0x0000000089c00000, 0x0000000089c00000| Complete 
| 115|0x0000000089d00000, 0x0000000089e00000, 0x0000000089e00000|100%| S|CS|TAMS 0x0000000089d00000, 0x0000000089d00000| Complete 
| 116|0x0000000089e00000, 0x0000000089f00000, 0x0000000089f00000|100%| S|CS|TAMS 0x0000000089e00000, 0x0000000089e00000| Complete 
| 117|0x0000000089f00000, 0x000000008a000000, 0x000000008a000000|100%| S|CS|TAMS 0x0000000089f00000, 0x0000000089f00000| Complete 
| 118|0x000000008a000000, 0x000000008a100000, 0x000000008a100000|100%| S|CS|TAMS 0x000000008a000000, 0x000000008a000000| Complete 
| 119|0x000000008a100000, 0x000000008a200000, 0x000000008a200000|100%| S|CS|TAMS 0x000000008a100000, 0x000000008a100000| Complete 
| 120|0x000000008a200000, 0x000000008a200000, 0x000000008a300000|  0%| F|  |TAMS 0x000000008a200000, 0x000000008a200000| Untracked 
| 121|0x000000008a300000, 0x000000008a300000, 0x000000008a400000|  0%| F|  |TAMS 0x000000008a300000, 0x000000008a300000| Untracked 
| 122|0x000000008a400000, 0x000000008a400000, 0x000000008a500000|  0%| F|  |TAMS 0x000000008a400000, 0x000000008a400000| Untracked 
| 123|0x000000008a500000, 0x000000008a500000, 0x000000008a600000|  0%| F|  |TAMS 0x000000008a500000, 0x000000008a500000| Untracked 
| 124|0x000000008a600000, 0x000000008a600000, 0x000000008a700000|  0%| F|  |TAMS 0x000000008a600000, 0x000000008a600000| Untracked 
| 125|0x000000008a700000, 0x000000008a700000, 0x000000008a800000|  0%| F|  |TAMS 0x000000008a700000, 0x000000008a700000| Untracked 
| 126|0x000000008a800000, 0x000000008a800000, 0x000000008a900000|  0%| F|  |TAMS 0x000000008a800000, 0x000000008a800000| Untracked 
| 127|0x000000008a900000, 0x000000008a900000, 0x000000008aa00000|  0%| F|  |TAMS 0x000000008a900000, 0x000000008a900000| Untracked 
| 128|0x000000008aa00000, 0x000000008aa00000, 0x000000008ab00000|  0%| F|  |TAMS 0x000000008aa00000, 0x000000008aa00000| Untracked 
| 129|0x000000008ab00000, 0x000000008ab00000, 0x000000008ac00000|  0%| F|  |TAMS 0x000000008ab00000, 0x000000008ab00000| Untracked 
| 130|0x000000008ac00000, 0x000000008ac00000, 0x000000008ad00000|  0%| F|  |TAMS 0x000000008ac00000, 0x000000008ac00000| Untracked 
| 131|0x000000008ad00000, 0x000000008ad00000, 0x000000008ae00000|  0%| F|  |TAMS 0x000000008ad00000, 0x000000008ad00000| Untracked 
| 132|0x000000008ae00000, 0x000000008ae00000, 0x000000008af00000|  0%| F|  |TAMS 0x000000008ae00000, 0x000000008ae00000| Untracked 
| 133|0x000000008af00000, 0x000000008af00000, 0x000000008b000000|  0%| F|  |TAMS 0x000000008af00000, 0x000000008af00000| Untracked 
| 134|0x000000008b000000, 0x000000008b000000, 0x000000008b100000|  0%| F|  |TAMS 0x000000008b000000, 0x000000008b000000| Untracked 
| 135|0x000000008b100000, 0x000000008b100000, 0x000000008b200000|  0%| F|  |TAMS 0x000000008b100000, 0x000000008b100000| Untracked 
| 136|0x000000008b200000, 0x000000008b200000, 0x000000008b300000|  0%| F|  |TAMS 0x000000008b200000, 0x000000008b200000| Untracked 
| 137|0x000000008b300000, 0x000000008b300000, 0x000000008b400000|  0%| F|  |TAMS 0x000000008b300000, 0x000000008b300000| Untracked 
| 138|0x000000008b400000, 0x000000008b400000, 0x000000008b500000|  0%| F|  |TAMS 0x000000008b400000, 0x000000008b400000| Untracked 
| 139|0x000000008b500000, 0x000000008b500000, 0x000000008b600000|  0%| F|  |TAMS 0x000000008b500000, 0x000000008b500000| Untracked 
| 140|0x000000008b600000, 0x000000008b600000, 0x000000008b700000|  0%| F|  |TAMS 0x000000008b600000, 0x000000008b600000| Untracked 
| 141|0x000000008b700000, 0x000000008b700000, 0x000000008b800000|  0%| F|  |TAMS 0x000000008b700000, 0x000000008b700000| Untracked 
| 142|0x000000008b800000, 0x000000008b800000, 0x000000008b900000|  0%| F|  |TAMS 0x000000008b800000, 0x000000008b800000| Untracked 
| 143|0x000000008b900000, 0x000000008b900000, 0x000000008ba00000|  0%| F|  |TAMS 0x000000008b900000, 0x000000008b900000| Untracked 
| 144|0x000000008ba00000, 0x000000008ba00000, 0x000000008bb00000|  0%| F|  |TAMS 0x000000008ba00000, 0x000000008ba00000| Untracked 
| 145|0x000000008bb00000, 0x000000008bb00000, 0x000000008bc00000|  0%| F|  |TAMS 0x000000008bb00000, 0x000000008bb00000| Untracked 
| 146|0x000000008bc00000, 0x000000008bc00000, 0x000000008bd00000|  0%| F|  |TAMS 0x000000008bc00000, 0x000000008bc00000| Untracked 
| 147|0x000000008bd00000, 0x000000008bd00000, 0x000000008be00000|  0%| F|  |TAMS 0x000000008bd00000, 0x000000008bd00000| Untracked 
| 148|0x000000008be00000, 0x000000008be00000, 0x000000008bf00000|  0%| F|  |TAMS 0x000000008be00000, 0x000000008be00000| Untracked 
| 149|0x000000008bf00000, 0x000000008bf00000, 0x000000008c000000|  0%| F|  |TAMS 0x000000008bf00000, 0x000000008bf00000| Untracked 
| 150|0x000000008c000000, 0x000000008c000000, 0x000000008c100000|  0%| F|  |TAMS 0x000000008c000000, 0x000000008c000000| Untracked 
| 151|0x000000008c100000, 0x000000008c100000, 0x000000008c200000|  0%| F|  |TAMS 0x000000008c100000, 0x000000008c100000| Untracked 
| 152|0x000000008c200000, 0x000000008c200000, 0x000000008c300000|  0%| F|  |TAMS 0x000000008c200000, 0x000000008c200000| Untracked 
| 153|0x000000008c300000, 0x000000008c300000, 0x000000008c400000|  0%| F|  |TAMS 0x000000008c300000, 0x000000008c300000| Untracked 
| 154|0x000000008c400000, 0x000000008c400000, 0x000000008c500000|  0%| F|  |TAMS 0x000000008c400000, 0x000000008c400000| Untracked 
| 155|0x000000008c500000, 0x000000008c500000, 0x000000008c600000|  0%| F|  |TAMS 0x000000008c500000, 0x000000008c500000| Untracked 
| 156|0x000000008c600000, 0x000000008c600000, 0x000000008c700000|  0%| F|  |TAMS 0x000000008c600000, 0x000000008c600000| Untracked 
| 157|0x000000008c700000, 0x000000008c700000, 0x000000008c800000|  0%| F|  |TAMS 0x000000008c700000, 0x000000008c700000| Untracked 
| 158|0x000000008c800000, 0x000000008c800000, 0x000000008c900000|  0%| F|  |TAMS 0x000000008c800000, 0x000000008c800000| Untracked 
| 159|0x000000008c900000, 0x000000008c900000, 0x000000008ca00000|  0%| F|  |TAMS 0x000000008c900000, 0x000000008c900000| Untracked 
| 160|0x000000008ca00000, 0x000000008ca00000, 0x000000008cb00000|  0%| F|  |TAMS 0x000000008ca00000, 0x000000008ca00000| Untracked 
| 161|0x000000008cb00000, 0x000000008cb81fc8, 0x000000008cc00000| 50%| E|  |TAMS 0x000000008cb00000, 0x000000008cb00000| Complete 
| 162|0x000000008cc00000, 0x000000008cd00000, 0x000000008cd00000|100%| E|CS|TAMS 0x000000008cc00000, 0x000000008cc00000| Complete 
| 163|0x000000008cd00000, 0x000000008ce00000, 0x000000008ce00000|100%| E|CS|TAMS 0x000000008cd00000, 0x000000008cd00000| Complete 
| 164|0x000000008ce00000, 0x000000008cf00000, 0x000000008cf00000|100%| E|CS|TAMS 0x000000008ce00000, 0x000000008ce00000| Complete 
| 165|0x000000008cf00000, 0x000000008d000000, 0x000000008d000000|100%| E|CS|TAMS 0x000000008cf00000, 0x000000008cf00000| Complete 
| 166|0x000000008d000000, 0x000000008d100000, 0x000000008d100000|100%| E|CS|TAMS 0x000000008d000000, 0x000000008d000000| Complete 
| 167|0x000000008d100000, 0x000000008d200000, 0x000000008d200000|100%| E|CS|TAMS 0x000000008d100000, 0x000000008d100000| Complete 
| 168|0x000000008d200000, 0x000000008d300000, 0x000000008d300000|100%| E|CS|TAMS 0x000000008d200000, 0x000000008d200000| Complete 
| 169|0x000000008d300000, 0x000000008d400000, 0x000000008d400000|100%| E|CS|TAMS 0x000000008d300000, 0x000000008d300000| Complete 
| 170|0x000000008d400000, 0x000000008d500000, 0x000000008d500000|100%| E|CS|TAMS 0x000000008d400000, 0x000000008d400000| Complete 
| 171|0x000000008d500000, 0x000000008d600000, 0x000000008d600000|100%| E|CS|TAMS 0x000000008d500000, 0x000000008d500000| Complete 
| 172|0x000000008d600000, 0x000000008d700000, 0x000000008d700000|100%| E|CS|TAMS 0x000000008d600000, 0x000000008d600000| Complete 
| 173|0x000000008d700000, 0x000000008d800000, 0x000000008d800000|100%| E|CS|TAMS 0x000000008d700000, 0x000000008d700000| Complete 
| 174|0x000000008d800000, 0x000000008d900000, 0x000000008d900000|100%| E|CS|TAMS 0x000000008d800000, 0x000000008d800000| Complete 
| 175|0x000000008d900000, 0x000000008da00000, 0x000000008da00000|100%| E|CS|TAMS 0x000000008d900000, 0x000000008d900000| Complete 
| 176|0x000000008da00000, 0x000000008db00000, 0x000000008db00000|100%| E|CS|TAMS 0x000000008da00000, 0x000000008da00000| Complete 
| 177|0x000000008db00000, 0x000000008dc00000, 0x000000008dc00000|100%| E|CS|TAMS 0x000000008db00000, 0x000000008db00000| Complete 
| 178|0x000000008dc00000, 0x000000008dd00000, 0x000000008dd00000|100%| E|CS|TAMS 0x000000008dc00000, 0x000000008dc00000| Complete 
| 179|0x000000008dd00000, 0x000000008de00000, 0x000000008de00000|100%| E|CS|TAMS 0x000000008dd00000, 0x000000008dd00000| Complete 
| 180|0x000000008de00000, 0x000000008df00000, 0x000000008df00000|100%| E|CS|TAMS 0x000000008de00000, 0x000000008de00000| Complete 
| 181|0x000000008df00000, 0x000000008e000000, 0x000000008e000000|100%| E|CS|TAMS 0x000000008df00000, 0x000000008df00000| Complete 
| 182|0x000000008e000000, 0x000000008e100000, 0x000000008e100000|100%| E|CS|TAMS 0x000000008e000000, 0x000000008e000000| Complete 

Card table byte_map: [0x0000014df9980000,0x0000014df9d70000] _byte_map_base: 0x0000014df956b000

Marking Bits (Prev, Next): (CMBitMap*) 0x0000014de677e418, (CMBitMap*) 0x0000014de677e450
 Prev Bits: [0x0000014dfa160000, 0x0000014dfc0b8000)
 Next Bits: [0x0000014dfc0c0000, 0x0000014dfe018000)

Polling page: 0x0000014de4690000

Metaspace:

Usage:
  Non-class:     62.39 MB capacity,    61.95 MB (>99%) used,   337.39 KB ( <1%) free+waste,   120.62 KB ( <1%) overhead. 
      Class:      8.15 MB capacity,     7.81 MB ( 96%) used,   291.50 KB (  3%) free+waste,    53.25 KB ( <1%) overhead. 
       Both:     70.54 MB capacity,    69.76 MB ( 99%) used,   628.89 KB ( <1%) free+waste,   173.88 KB ( <1%) overhead. 

Virtual space:
  Non-class space:       64.00 MB reserved,      62.40 MB ( 97%) committed 
      Class space:        1.00 GB reserved,       8.25 MB ( <1%) committed 
             Both:        1.06 GB reserved,      70.65 MB (  6%) committed 

Chunk freelists:
   Non-Class:  5.00 KB
       Class:  6.00 KB
        Both:  11.00 KB

MaxMetaspaceSize: 17179869184.00 GB
CompressedClassSpaceSize: 1.00 GB
Initial GC threshold: 20.80 MB
Current GC threshold: 116.29 MB
CDS: off

CodeHeap 'non-profiled nmethods': size=120000Kb used=4024Kb max_used=4024Kb free=115976Kb
 bounds [0x0000014df1d30000, 0x0000014df2120000, 0x0000014df9260000]
CodeHeap 'profiled nmethods': size=120000Kb used=24228Kb max_used=24228Kb free=95771Kb
 bounds [0x0000014dea800000, 0x0000014debfb0000, 0x0000014df1d30000]
CodeHeap 'non-nmethods': size=5760Kb used=1378Kb max_used=1413Kb free=4381Kb
 bounds [0x0000014dea260000, 0x0000014dea4d0000, 0x0000014dea800000]
 total_blobs=9485 nmethods=8803 adapters=591
 compilation: enabled
              stopped_count=0, restarted_count=0
 full_count=0

Compilation events (20 events):
Event: 9.866 Thread 0x0000014dff2f4000 8818       2       kotlin.collections.builders.MapBuilder::hash (23 bytes)
Event: 9.866 Thread 0x0000014dff2f4000 nmethod 8818 0x0000014debf81010 code [0x0000014debf811c0, 0x0000014debf81308]
Event: 9.866 Thread 0x0000014dff2f4000 8821       2       kotlin.collections.builders.MapBuilder::addKey$kotlin_stdlib (198 bytes)
Event: 9.867 Thread 0x0000014dff2f4000 nmethod 8821 0x0000014debf81390 code [0x0000014debf815c0, 0x0000014debf81c88]
Event: 9.867 Thread 0x0000014dff2f4000 8822       2       kotlin.collections.builders.MapBuilder::putRehash (74 bytes)
Event: 9.867 Thread 0x0000014dff2f4000 nmethod 8822 0x0000014debf82190 code [0x0000014debf82360, 0x0000014debf82668]
Event: 9.867 Thread 0x0000014dff2f4000 8819       2       kotlin.collections.builders.MapBuilder::getCapacity (6 bytes)
Event: 9.867 Thread 0x0000014dff2f4000 nmethod 8819 0x0000014debf82890 code [0x0000014debf82a40, 0x0000014debf82b38]
Event: 9.867 Thread 0x0000014dff2f4000 8820       2       kotlin.ranges.RangesKt___RangesKt::coerceAtMost (11 bytes)
Event: 9.867 Thread 0x0000014dff2f4000 nmethod 8820 0x0000014debf82c10 code [0x0000014debf82dc0, 0x0000014debf82e98]
Event: 9.867 Thread 0x0000014dff2f4000 8823       2       org.jetbrains.kotlin.ir.symbols.impl.IrBindableSymbolBase::isBound (13 bytes)
Event: 9.867 Thread 0x0000014dff2f4000 nmethod 8823 0x0000014debf82f10 code [0x0000014debf830c0, 0x0000014debf831d8]
Event: 9.867 Thread 0x0000014dff2f4000 8824       2       kotlin.collections.builders.SetBuilder::add (17 bytes)
Event: 9.868 Thread 0x0000014dff2f4000 nmethod 8824 0x0000014debf83290 code [0x0000014debf83440, 0x0000014debf83568]
Event: 9.870 Thread 0x0000014dff2b0000 nmethod 8797 0x0000014df2115010 code [0x0000014df2115240, 0x0000014df2115ab8]
Event: 9.870 Thread 0x0000014dff2b0000 8808       4       java.util.ArrayList::toArray (57 bytes)
Event: 9.870 Thread 0x0000014dff2f4000 8825       2       kotlin.jvm.internal.MutablePropertyReference1Impl::<init> (31 bytes)
Event: 9.870 Thread 0x0000014dff2f4000 nmethod 8825 0x0000014debf83610 code [0x0000014debf837e0, 0x0000014debf83a38]
Event: 9.870 Thread 0x0000014dff2f4000 8826       2       kotlin.jvm.internal.MutablePropertyReference1::<init> (12 bytes)
Event: 9.871 Thread 0x0000014dff2f4000 nmethod 8826 0x0000014debf83b90 code [0x0000014debf83d40, 0x0000014debf83e68]

GC Heap History (20 events):
Event: 0.881 GC heap before
{Heap before GC invocations=0 (full 0):
 garbage-first heap   total 129024K, used 28672K [0x0000000082a00000, 0x0000000100000000)
  region size 1024K, 24 young (24576K), 0 survivors (0K)
 Metaspace       used 12108K, capacity 12216K, committed 12544K, reserved 1060864K
  class space    used 1119K, capacity 1175K, committed 1280K, reserved 1048576K
}
Event: 0.886 GC heap after
{Heap after GC invocations=1 (full 0):
 garbage-first heap   total 129024K, used 6604K [0x0000000082a00000, 0x0000000100000000)
  region size 1024K, 3 young (3072K), 3 survivors (3072K)
 Metaspace       used 12108K, capacity 12216K, committed 12544K, reserved 1060864K
  class space    used 1119K, capacity 1175K, committed 1280K, reserved 1048576K
}
Event: 1.873 GC heap before
{Heap before GC invocations=1 (full 0):
 garbage-first heap   total 129024K, used 44492K [0x0000000082a00000, 0x0000000100000000)
  region size 1024K, 41 young (41984K), 3 survivors (3072K)
 Metaspace       used 21016K, capacity 21185K, committed 21248K, reserved 1069056K
  class space    used 2220K, capacity 2302K, committed 2304K, reserved 1048576K
}
Event: 1.890 GC heap after
{Heap after GC invocations=2 (full 0):
 garbage-first heap   total 129024K, used 10343K [0x0000000082a00000, 0x0000000100000000)
  region size 1024K, 7 young (7168K), 7 survivors (7168K)
 Metaspace       used 21016K, capacity 21185K, committed 21248K, reserved 1069056K
  class space    used 2220K, capacity 2302K, committed 2304K, reserved 1048576K
}
Event: 3.053 GC heap before
{Heap before GC invocations=3 (full 0):
 garbage-first heap   total 129024K, used 70759K [0x0000000082a00000, 0x0000000100000000)
  region size 1024K, 60 young (61440K), 7 survivors (7168K)
 Metaspace       used 33440K, capacity 33860K, committed 34048K, reserved 1079296K
  class space    used 4134K, capacity 4305K, committed 4352K, reserved 1048576K
}
Event: 3.071 GC heap after
{Heap after GC invocations=4 (full 0):
 garbage-first heap   total 129024K, used 23094K [0x0000000082a00000, 0x0000000100000000)
  region size 1024K, 8 young (8192K), 8 survivors (8192K)
 Metaspace       used 33440K, capacity 33860K, committed 34048K, reserved 1079296K
  class space    used 4134K, capacity 4305K, committed 4352K, reserved 1048576K
}
Event: 3.296 GC heap before
{Heap before GC invocations=4 (full 0):
 garbage-first heap   total 129024K, used 33334K [0x0000000082a00000, 0x0000000100000000)
  region size 1024K, 19 young (19456K), 8 survivors (8192K)
 Metaspace       used 35331K, capacity 35727K, committed 35840K, reserved 1081344K
  class space    used 4330K, capacity 4501K, committed 4608K, reserved 1048576K
}
Event: 3.321 GC heap after
{Heap after GC invocations=5 (full 0):
 garbage-first heap   total 129024K, used 25796K [0x0000000082a00000, 0x0000000100000000)
  region size 1024K, 3 young (3072K), 3 survivors (3072K)
 Metaspace       used 35331K, capacity 35727K, committed 35840K, reserved 1081344K
  class space    used 4330K, capacity 4501K, committed 4608K, reserved 1048576K
}
Event: 4.305 GC heap before
{Heap before GC invocations=6 (full 0):
 garbage-first heap   total 129024K, used 68804K [0x0000000082a00000, 0x0000000100000000)
  region size 1024K, 45 young (46080K), 3 survivors (3072K)
 Metaspace       used 44385K, capacity 44861K, committed 45184K, reserved 1089536K
  class space    used 5195K, capacity 5386K, committed 5504K, reserved 1048576K
}
Event: 4.315 GC heap after
{Heap after GC invocations=7 (full 0):
 garbage-first heap   total 155648K, used 27137K [0x0000000082a00000, 0x0000000100000000)
  region size 1024K, 6 young (6144K), 6 survivors (6144K)
 Metaspace       used 44385K, capacity 44861K, committed 45184K, reserved 1089536K
  class space    used 5195K, capacity 5386K, committed 5504K, reserved 1048576K
}
Event: 5.225 GC heap before
{Heap before GC invocations=7 (full 0):
 garbage-first heap   total 155648K, used 88577K [0x0000000082a00000, 0x0000000100000000)
  region size 1024K, 63 young (64512K), 6 survivors (6144K)
 Metaspace       used 50393K, capacity 50938K, committed 51200K, reserved 1093632K
  class space    used 5846K, capacity 6048K, committed 6144K, reserved 1048576K
}
Event: 5.238 GC heap after
{Heap after GC invocations=8 (full 0):
 garbage-first heap   total 155648K, used 34816K [0x0000000082a00000, 0x0000000100000000)
  region size 1024K, 8 young (8192K), 8 survivors (8192K)
 Metaspace       used 50393K, capacity 50938K, committed 51200K, reserved 1093632K
  class space    used 5846K, capacity 6048K, committed 6144K, reserved 1048576K
}
Event: 6.530 GC heap before
{Heap before GC invocations=8 (full 0):
 garbage-first heap   total 155648K, used 94208K [0x0000000082a00000, 0x0000000100000000)
  region size 1024K, 66 young (67584K), 8 survivors (8192K)
 Metaspace       used 56288K, capacity 56861K, committed 57088K, reserved 1099776K
  class space    used 6391K, capacity 6650K, committed 6656K, reserved 1048576K
}
Event: 6.554 GC heap after
{Heap after GC invocations=9 (full 0):
 garbage-first heap   total 155648K, used 44395K [0x0000000082a00000, 0x0000000100000000)
  region size 1024K, 9 young (9216K), 9 survivors (9216K)
 Metaspace       used 56288K, capacity 56861K, committed 57088K, reserved 1099776K
  class space    used 6391K, capacity 6650K, committed 6656K, reserved 1048576K
}
Event: 7.134 GC heap before
{Heap before GC invocations=9 (full 0):
 garbage-first heap   total 155648K, used 101739K [0x0000000082a00000, 0x0000000100000000)
  region size 1024K, 65 young (66560K), 9 survivors (9216K)
 Metaspace       used 58380K, capacity 58983K, committed 59136K, reserved 1101824K
  class space    used 6621K, capacity 6866K, committed 6912K, reserved 1048576K
}
Event: 7.153 GC heap after
{Heap after GC invocations=10 (full 0):
 garbage-first heap   total 155648K, used 49584K [0x0000000082a00000, 0x0000000100000000)
  region size 1024K, 5 young (5120K), 5 survivors (5120K)
 Metaspace       used 58380K, capacity 58983K, committed 59136K, reserved 1101824K
  class space    used 6621K, capacity 6866K, committed 6912K, reserved 1048576K
}
Event: 7.434 GC heap before
{Heap before GC invocations=10 (full 0):
 garbage-first heap   total 155648K, used 57776K [0x0000000082a00000, 0x0000000100000000)
  region size 1024K, 14 young (14336K), 5 survivors (5120K)
 Metaspace       used 59472K, capacity 60052K, committed 60160K, reserved 1101824K
  class space    used 6733K, capacity 6989K, committed 7040K, reserved 1048576K
}
Event: 7.446 GC heap after
{Heap after GC invocations=11 (full 0):
 garbage-first heap   total 187392K, used 51035K [0x0000000082a00000, 0x0000000100000000)
  region size 1024K, 2 young (2048K), 2 survivors (2048K)
 Metaspace       used 59472K, capacity 60052K, committed 60160K, reserved 1101824K
  class space    used 6733K, capacity 6989K, committed 7040K, reserved 1048576K
}
Event: 9.462 GC heap before
{Heap before GC invocations=12 (full 0):
 garbage-first heap   total 187392K, used 113499K [0x0000000082a00000, 0x0000000100000000)
  region size 1024K, 63 young (64512K), 2 survivors (2048K)
 Metaspace       used 70124K, capacity 70910K, committed 71064K, reserved 1112064K
  class space    used 7852K, capacity 8180K, committed 8192K, reserved 1048576K
}
Event: 9.479 GC heap after
{Heap after GC invocations=13 (full 0):
 garbage-first heap   total 187392K, used 57163K [0x0000000082a00000, 0x0000000100000000)
  region size 1024K, 8 young (8192K), 8 survivors (8192K)
 Metaspace       used 70124K, capacity 70910K, committed 71064K, reserved 1112064K
  class space    used 7852K, capacity 8180K, committed 8192K, reserved 1048576K
}

Deoptimization events (20 events):
Event: 9.623 Thread 0x0000014de6740000 Uncommon trap: trap_request=0xffffffc6 fr.pc=0x0000014df2000de8 relative=0x00000000000000a8
Event: 9.623 Thread 0x0000014de6740000 Uncommon trap: reason=bimorphic_or_optimized_type_check action=maybe_recompile pc=0x0000014df2000de8 method=org.jetbrains.kotlin.types.DelegatingSimpleType.getArguments()Ljava/util/List; @ 4 c2
Event: 9.623 Thread 0x0000014de6740000 DEOPT PACKING pc=0x0000014df2000de8 sp=0x0000002771ffcc90
Event: 9.623 Thread 0x0000014de6740000 DEOPT UNPACKING pc=0x0000014dea2aa1af sp=0x0000002771ffcc18 mode 2
Event: 9.626 Thread 0x0000014de6740000 Uncommon trap: trap_request=0xffffffc6 fr.pc=0x0000014df2000de8 relative=0x00000000000000a8
Event: 9.626 Thread 0x0000014de6740000 Uncommon trap: reason=bimorphic_or_optimized_type_check action=maybe_recompile pc=0x0000014df2000de8 method=org.jetbrains.kotlin.types.DelegatingSimpleType.getArguments()Ljava/util/List; @ 4 c2
Event: 9.626 Thread 0x0000014de6740000 DEOPT PACKING pc=0x0000014df2000de8 sp=0x0000002771ffcc30
Event: 9.626 Thread 0x0000014de6740000 DEOPT UNPACKING pc=0x0000014dea2aa1af sp=0x0000002771ffcbb8 mode 2
Event: 9.626 Thread 0x0000014de6740000 Uncommon trap: trap_request=0xffffffc6 fr.pc=0x0000014df1f73668 relative=0x00000000000000a8
Event: 9.626 Thread 0x0000014de6740000 Uncommon trap: reason=bimorphic_or_optimized_type_check action=maybe_recompile pc=0x0000014df1f73668 method=org.jetbrains.kotlin.types.DelegatingSimpleType.getConstructor()Lorg/jetbrains/kotlin/types/TypeConstructor; @ 4 c2
Event: 9.626 Thread 0x0000014de6740000 DEOPT PACKING pc=0x0000014df1f73668 sp=0x0000002771ffcc30
Event: 9.626 Thread 0x0000014de6740000 DEOPT UNPACKING pc=0x0000014dea2aa1af sp=0x0000002771ffcbb8 mode 2
Event: 9.782 Thread 0x0000014de6740000 Uncommon trap: trap_request=0xffffffde fr.pc=0x0000014df1fa2634 relative=0x0000000000000974
Event: 9.782 Thread 0x0000014de6740000 Uncommon trap: reason=class_check action=maybe_recompile pc=0x0000014df1fa2634 method=org.jetbrains.kotlin.resolve.OverridingUtil.filterOutOverridden(Ljava/util/Set;)Ljava/util/Set; @ 10 c2
Event: 9.782 Thread 0x0000014de6740000 DEOPT PACKING pc=0x0000014df1fa2634 sp=0x0000002771ffbc00
Event: 9.782 Thread 0x0000014de6740000 DEOPT UNPACKING pc=0x0000014dea2aa1af sp=0x0000002771ffbbd0 mode 2
Event: 9.793 Thread 0x0000014de6740000 Uncommon trap: trap_request=0xffffff4d fr.pc=0x0000014df1d99598 relative=0x0000000000000258
Event: 9.793 Thread 0x0000014de6740000 Uncommon trap: reason=unstable_if action=reinterpret pc=0x0000014df1d99598 method=java.util.HashMap.hash(Ljava/lang/Object;)I @ 1 c2
Event: 9.793 Thread 0x0000014de6740000 DEOPT PACKING pc=0x0000014df1d99598 sp=0x0000002771ffd020
Event: 9.793 Thread 0x0000014de6740000 DEOPT UNPACKING pc=0x0000014dea2aa1af sp=0x0000002771ffcf58 mode 2

Classes redefined (0 events):
No events

Internal exceptions (20 events):
Event: 7.310 Thread 0x0000014de6740000 Implicit null exception at 0x0000014df1f7497c to 0x0000014df1f75ba0
Event: 7.460 Thread 0x0000014de6740000 Exception <a 'java/lang/NoSuchMethodError'{0x000000008e093ae0}: 'int java.lang.invoke.DirectMethodHandle$Holder.invokeVirtual(java.lang.Object, java.lang.Object, java.lang.Object)'> (0x000000008e093ae0) thrown at [src/hotspot/share/interpreter/linkResolver.cpp, line 773]
Event: 7.589 Thread 0x0000014de6740000 Exception <a 'java/lang/NoSuchMethodError'{0x000000008dc1b1b0}: 'java.lang.Object java.lang.invoke.DirectMethodHandle$Holder.invokeSpecial(java.lang.Object, java.lang.Object, java.lang.Object, java.lang.Object, java.lang.Object, int)'> (0x000000008dc1b1b0) thrown at [src/hotspot/share/interpreter/linkResolver.cpp, line 773]
Event: 7.590 Thread 0x0000014de6740000 Exception <a 'java/lang/NoSuchMethodError'{0x000000008dc1f2a0}: 'java.lang.Object java.lang.invoke.Invokers$Holder.linkToTargetMethod(java.lang.Object, java.lang.Object, java.lang.Object, int, java.lang.Object)'> (0x000000008dc1f2a0) thrown at [src/hotspot/share/interpreter/linkResolver.cpp, line 773]
Event: 7.647 Thread 0x0000014de6740000 Exception <a 'java/lang/NoSuchMethodError'{0x000000008da21b68}: 'void java.lang.invoke.DirectMethodHandle$Holder.invokeInterface(java.lang.Object, java.lang.Object)'> (0x000000008da21b68) thrown at [src/hotspot/share/interpreter/linkResolver.cpp, line 773]
Event: 7.711 Thread 0x0000014de6740000 Exception <a 'java/lang/IncompatibleClassChangeError'{0x000000008d9d1c78}: Found class java.lang.Object, but interface was expected> (0x000000008d9d1c78) thrown at [src/hotspot/share/interpreter/linkResolver.cpp, line 839]
Event: 7.932 Thread 0x0000014de6740000 Exception <a 'java/lang/NoSuchMethodError'{0x000000008d3bf2a8}: 'int java.lang.invoke.DirectMethodHandle$Holder.invokeStaticInit(java.lang.Object, int)'> (0x000000008d3bf2a8) thrown at [src/hotspot/share/interpreter/linkResolver.cpp, line 773]
Event: 8.757 Thread 0x0000014de6740000 Implicit null exception at 0x0000014df1d8b0f5 to 0x0000014df1d8b2bc
Event: 8.944 Thread 0x0000014de6740000 Exception <a 'java/lang/NoSuchMethodError'{0x000000008ba606e8}: 'java.lang.Object java.lang.invoke.DirectMethodHandle$Holder.invokeStaticInit(java.lang.Object, java.lang.Object, java.lang.Object, java.lang.Object)'> (0x000000008ba606e8) thrown at [src/hotspot/share/interpreter/linkResolver.cpp, line 773]
Event: 9.231 Thread 0x0000014de6740000 Exception <a 'java/lang/NoSuchMethodError'{0x000000008ab83740}: 'java.lang.Object java.lang.invoke.DirectMethodHandle$Holder.invokeStatic(java.lang.Object, java.lang.Object, java.lang.Object, int, int, java.lang.Object, java.lang.Object, java.lang.Object)'> (0x000000008ab83740) thrown at [src/hotspot/share/interpreter/linkResolver.cpp, line 773]
Event: 9.233 Thread 0x0000014de6740000 Exception <a 'java/lang/NoSuchMethodError'{0x000000008ab8dd68}: 'java.lang.Object java.lang.invoke.DirectMethodHandle$Holder.invokeStatic(java.lang.Object, java.lang.Object, java.lang.Object, int, int)'> (0x000000008ab8dd68) thrown at [src/hotspot/share/interpreter/linkResolver.cpp, line 773]
Event: 9.233 Thread 0x0000014de6740000 Exception <a 'java/lang/NoSuchMethodError'{0x000000008ab91548}: 'java.lang.Object java.lang.invoke.DirectMethodHandle$Holder.invokeSpecial(java.lang.Object, java.lang.Object, java.lang.Object, java.lang.Object, int, int)'> (0x000000008ab91548) thrown at [src/hotspot/share/interpreter/linkResolver.cpp, line 773]
Event: 9.233 Thread 0x0000014de6740000 Exception <a 'java/lang/NoSuchMethodError'{0x000000008ab94650}: 'java.lang.Object java.lang.invoke.Invokers$Holder.linkToTargetMethod(java.lang.Object, java.lang.Object, int, int, java.lang.Object)'> (0x000000008ab94650) thrown at [src/hotspot/share/interpreter/linkResolver.cpp, line 773]
Event: 9.241 Thread 0x0000014de6740000 Exception <a 'java/lang/NoSuchMethodError'{0x000000008abf1b68}: 'java.lang.Object java.lang.invoke.DirectMethodHandle$Holder.invokeStatic(java.lang.Object, java.lang.Object, java.lang.Object, int, int, java.lang.Object, java.lang.Object)'> (0x000000008abf1b68) thrown at [src/hotspot/share/interpreter/linkResolver.cpp, line 773]
Event: 9.242 Thread 0x0000014de6740000 Exception <a 'java/lang/NoSuchMethodError'{0x000000008abf5780}: 'java.lang.Object java.lang.invoke.DirectMethodHandle$Holder.invokeSpecial(java.lang.Object, java.lang.Object, java.lang.Object, java.lang.Object, int, int, java.lang.Object, java.lang.Object)'> (0x000000008abf5780) thrown at [src/hotspot/share/interpreter/linkResolver.cpp, line 773]
Event: 9.242 Thread 0x0000014de6740000 Exception <a 'java/lang/NoSuchMethodError'{0x000000008abf8b90}: 'java.lang.Object java.lang.invoke.Invokers$Holder.linkToTargetMethod(java.lang.Object, java.lang.Object, int, int, java.lang.Object, java.lang.Object, java.lang.Object)'> (0x000000008abf8b90) thrown at [src/hotspot/share/interpreter/linkResolver.cpp, line 773]
Event: 9.255 Thread 0x0000014de6740000 Exception <a 'java/lang/NoSuchMethodError'{0x000000008aa69358}: 'java.lang.Object java.lang.invoke.DirectMethodHandle$Holder.invokeStatic(java.lang.Object, java.lang.Object, java.lang.Object, int, int, java.lang.Object, java.lang.Object, java.lang.Object, java.lang.Object)'> (0x000000008aa69358) thrown at [src/hotspot/share/interpreter/linkResolver.cpp, line 773]
Event: 9.255 Thread 0x0000014de6740000 Exception <a 'java/lang/NoSuchMethodError'{0x000000008aa713f8}: 'java.lang.Object java.lang.invoke.Invokers$Holder.linkToTargetMethod(java.lang.Object, java.lang.Object, int, int, java.lang.Object, java.lang.Object, java.lang.Object, java.lang.Object, java.lang.Object)'> (0x000000008aa713f8) thrown at [src/hotspot/share/interpreter/linkResolver.cpp, line 773]
Event: 9.783 Thread 0x0000014de6740000 Exception <a 'java/lang/NoSuchMethodError'{0x000000008d4d7900}: 'java.lang.Object java.lang.invoke.DirectMethodHandle$Holder.invokeSpecial(java.lang.Object, java.lang.Object, int, java.lang.Object, java.lang.Object)'> (0x000000008d4d7900) thrown at [src/hotspot/share/interpreter/linkResolver.cpp, line 773]
Event: 9.793 Thread 0x0000014de6740000 Implicit null exception at 0x0000014df1d99374 to 0x0000014df1d9958c

Events (20 events):
Event: 9.868 loading class org/jetbrains/kotlin/ir/declarations/lazy/IrLazyDeclarationBase
Event: 9.868 loading class org/jetbrains/kotlin/ir/declarations/lazy/IrLazyDeclarationBase done
Event: 9.868 loading class org/jetbrains/kotlin/ir/util/DeserializableClass
Event: 9.868 loading class org/jetbrains/kotlin/ir/util/DeserializableClass done
Event: 9.868 Executing VM operation: Deoptimize
Event: 9.869 Executing VM operation: Deoptimize done
Event: 9.870 loading class org/jetbrains/kotlin/ir/declarations/lazy/IrLazyDeclarationBase$DefaultImpls
Event: 9.870 loading class org/jetbrains/kotlin/ir/declarations/lazy/IrLazyDeclarationBase$DefaultImpls done
Event: 9.871 loading class org/jetbrains/kotlin/ir/declarations/lazy/IrLazyDeclarationBase$createLazyParent$1
Event: 9.871 loading class org/jetbrains/kotlin/ir/declarations/lazy/IrLazyDeclarationBase$createLazyParent$1 done
Event: 9.871 loading class org/jetbrains/kotlin/ir/declarations/lazy/LazyUtilKt
Event: 9.871 loading class org/jetbrains/kotlin/ir/declarations/lazy/LazyUtilKt done
Event: 9.871 loading class org/jetbrains/kotlin/ir/declarations/lazy/SynchronizedLazyVar
Event: 9.871 loading class org/jetbrains/kotlin/ir/declarations/lazy/SynchronizedLazyVar done
Event: 9.872 loading class org/jetbrains/kotlin/ir/declarations/lazy/IrLazyDeclarationBase$createLazyAnnotations$1
Event: 9.872 loading class org/jetbrains/kotlin/ir/declarations/lazy/IrLazyDeclarationBase$createLazyAnnotations$1 done
Event: 9.873 loading class org/jetbrains/kotlin/ir/declarations/lazy/IrLazyClass$thisReceiver$2
Event: 9.873 loading class org/jetbrains/kotlin/ir/declarations/lazy/IrLazyClass$thisReceiver$2 done
Event: 9.875 loading class org/jetbrains/kotlin/ir/declarations/lazy/IrLazyClass$declarations$2
Event: 9.875 loading class org/jetbrains/kotlin/ir/declarations/lazy/IrLazyClass$declarations$2 done


Dynamic libraries:
0x00007ff791f20000 - 0x00007ff791f2a000 	D:\Programas Nuevos\Android Studio\jbr\bin\java.exe
0x00007ffe8cbf0000 - 0x00007ffe8ce04000 	C:\WINDOWS\SYSTEM32\ntdll.dll
0x00007ffe8c300000 - 0x00007ffe8c3c3000 	C:\WINDOWS\System32\KERNEL32.DLL
0x00007ffe8a320000 - 0x00007ffe8a6bc000 	C:\WINDOWS\System32\KERNELBASE.dll
0x00007ffe8a200000 - 0x00007ffe8a311000 	C:\WINDOWS\System32\ucrtbase.dll
0x00007ffe83ca0000 - 0x00007ffe83cb7000 	D:\Programas Nuevos\Android Studio\jbr\bin\jli.dll
0x00007ffe84180000 - 0x00007ffe8419b000 	D:\Programas Nuevos\Android Studio\jbr\bin\VCRUNTIME140.dll
0x00007ffe8c5d0000 - 0x00007ffe8c77d000 	C:\WINDOWS\System32\USER32.dll
0x00007ffe7fa70000 - 0x00007ffe7fcfe000 	C:\WINDOWS\WinSxS\amd64_microsoft.windows.common-controls_6595b64144ccf1df_6.0.22621.608_none_a9444ca7c10bb01d\COMCTL32.dll
0x00007ffe8a150000 - 0x00007ffe8a176000 	C:\WINDOWS\System32\win32u.dll
0x00007ffe8b870000 - 0x00007ffe8b917000 	C:\WINDOWS\System32\msvcrt.dll
0x00007ffe8cb80000 - 0x00007ffe8cba9000 	C:\WINDOWS\System32\GDI32.dll
0x00007ffe8a030000 - 0x00007ffe8a142000 	C:\WINDOWS\System32\gdi32full.dll
0x00007ffe8a7f0000 - 0x00007ffe8a88a000 	C:\WINDOWS\System32\msvcp_win.dll
0x00007ffe8ae00000 - 0x00007ffe8ae32000 	C:\WINDOWS\System32\IMM32.DLL
0x00007ffe858f0000 - 0x00007ffe858fc000 	D:\Programas Nuevos\Android Studio\jbr\bin\vcruntime140_1.dll
0x00007ffe741b0000 - 0x00007ffe7423d000 	D:\Programas Nuevos\Android Studio\jbr\bin\msvcp140.dll
0x00007ffe1eb20000 - 0x00007ffe1f6dc000 	D:\Programas Nuevos\Android Studio\jbr\bin\server\jvm.dll
0x00007ffe8c920000 - 0x00007ffe8c9ce000 	C:\WINDOWS\System32\ADVAPI32.dll
0x00007ffe8c070000 - 0x00007ffe8c114000 	C:\WINDOWS\System32\sechost.dll
0x00007ffe8c1d0000 - 0x00007ffe8c2e5000 	C:\WINDOWS\System32\RPCRT4.dll
0x00007ffe8c060000 - 0x00007ffe8c068000 	C:\WINDOWS\System32\PSAPI.DLL
0x00007ffe3bc90000 - 0x00007ffe3bc99000 	C:\WINDOWS\SYSTEM32\WSOCK32.dll
0x00007ffe82b90000 - 0x00007ffe82bc4000 	C:\WINDOWS\SYSTEM32\WINMM.dll
0x00007ffe7f250000 - 0x00007ffe7f25a000 	C:\WINDOWS\SYSTEM32\VERSION.dll
0x00007ffe8ca20000 - 0x00007ffe8ca91000 	C:\WINDOWS\System32\WS2_32.dll
0x00007ffe89170000 - 0x00007ffe89188000 	C:\WINDOWS\SYSTEM32\kernel.appcore.dll
0x00007ffe87460000 - 0x00007ffe87470000 	D:\Programas Nuevos\Android Studio\jbr\bin\verify.dll
0x00007ffe7a310000 - 0x00007ffe7a53e000 	C:\WINDOWS\SYSTEM32\DBGHELP.DLL
0x00007ffe8aa60000 - 0x00007ffe8adea000 	C:\WINDOWS\System32\combase.dll
0x00007ffe8caa0000 - 0x00007ffe8cb77000 	C:\WINDOWS\System32\OLEAUT32.dll
0x00007ffe6b260000 - 0x00007ffe6b292000 	C:\WINDOWS\SYSTEM32\dbgcore.DLL
0x00007ffe8a180000 - 0x00007ffe8a1fb000 	C:\WINDOWS\System32\bcryptPrimitives.dll
0x00007ffe83fc0000 - 0x00007ffe83fe8000 	D:\Programas Nuevos\Android Studio\jbr\bin\java.dll
0x00007ffe87450000 - 0x00007ffe8745a000 	D:\Programas Nuevos\Android Studio\jbr\bin\jimage.dll
0x00007ffe85720000 - 0x00007ffe85738000 	D:\Programas Nuevos\Android Studio\jbr\bin\zip.dll
0x00007ffe8ae40000 - 0x00007ffe8b62f000 	C:\WINDOWS\System32\SHELL32.dll
0x00007ffe88050000 - 0x00007ffe88918000 	C:\WINDOWS\SYSTEM32\windows.storage.dll
0x00007ffe87f10000 - 0x00007ffe8804e000 	C:\WINDOWS\SYSTEM32\wintypes.dll
0x00007ffe8b630000 - 0x00007ffe8b721000 	C:\WINDOWS\System32\SHCORE.dll
0x00007ffe8aa00000 - 0x00007ffe8aa5e000 	C:\WINDOWS\System32\shlwapi.dll
0x00007ffe89f60000 - 0x00007ffe89f81000 	C:\WINDOWS\SYSTEM32\profapi.dll
0x00007ffe84210000 - 0x00007ffe84229000 	D:\Programas Nuevos\Android Studio\jbr\bin\net.dll
0x00007ffe82050000 - 0x00007ffe8217f000 	C:\WINDOWS\SYSTEM32\WINHTTP.dll
0x00007ffe895e0000 - 0x00007ffe89649000 	C:\WINDOWS\system32\mswsock.dll
0x00007ffe83ed0000 - 0x00007ffe83ee3000 	D:\Programas Nuevos\Android Studio\jbr\bin\nio.dll

dbghelp: loaded successfully - version: 4.0.5 - missing functions: none
symbol engine: initialized successfully - sym options: 0x614 - pdb path: .;D:\Programas Nuevos\Android Studio\jbr\bin;C:\WINDOWS\SYSTEM32;C:\WINDOWS\WinSxS\amd64_microsoft.windows.common-controls_6595b64144ccf1df_6.0.22621.608_none_a9444ca7c10bb01d;D:\Programas Nuevos\Android Studio\jbr\bin\server

VM Arguments:
java_command: org.jetbrains.kotlin.cli.jvm.K2JVMCompiler @D:\Usuarios\Santiago Mejia\Desarrollo_Movil\Proyecto_Movipet\app\build\20230306_16664736081920599065.compiler.options
java_class_path (initial): C:\Users\Santiago Mejia\.gradle\caches\modules-2\files-2.1\org.jetbrains.kotlin\kotlin-compiler-embeddable\1.8.0\eb9118d4bcceaa2a94b2ae2a33a4ddba7c9a947f\kotlin-compiler-embeddable-1.8.0.jar;C:\Users\Santiago Mejia\.gradle\caches\modules-2\files-2.1\org.jetbrains.kotlin\kotlin-stdlib\1.8.0\1796921c7a3e2e2665a83e6c8d33399336cd39bc\kotlin-stdlib-1.8.0.jar;C:\Users\Santiago Mejia\.gradle\caches\modules-2\files-2.1\org.jetbrains.kotlin\kotlin-script-runtime\1.8.0\b2f7e760d283cb339974851c222a4c1d48f2d3d\kotlin-script-runtime-1.8.0.jar;C:\Users\Santiago Mejia\.gradle\caches\modules-2\files-2.1\org.jetbrains.kotlin\kotlin-reflect\1.6.10\1cbe9c92c12a94eea200d23c2bbaedaf3daf5132\kotlin-reflect-1.6.10.jar;C:\Users\Santiago Mejia\.gradle\caches\modules-2\files-2.1\org.jetbrains.kotlin\kotlin-daemon-embeddable\1.8.0\d255216c551685dc3a7e852b53617f5f01aaaa5c\kotlin-daemon-embeddable-1.8.0.jar;C:\Users\Santiago Mejia\.gradle\caches\modules-2\files-2.1\org.jetbrains.intellij.deps\trove4j\1.0.20200330\3afb14d5f9ceb459d724e907a21145e8ff394f02\trove4j-1.0.20200330.jar;C:\Users\Santiago Mejia\.gradle\caches\modules-2\files-2.1\net.java.dev.jna\jna\5.6.0\330f2244e9030119ab3030fc3fededc86713d9cc\jna-5.6.0.jar;C:\Users\Santiago Mejia\.gradle\caches\modules-2\files-2.1\org.jetbrains.kotlin\kotlin-stdlib-common\1.8.0\f7197e7cc76453ac59f8b0f8d5137cc600becd36\kotlin-stdlib-common-1.8.0.jar;C:\Users\Santiago Mejia\.gradle\caches\modules-2\files-2.1\org.jetbrains\annotations\13.0\919f0dfe192fb4e063e7dacadee7f8bb9a2672a9\annotations-13.0.jar
Launcher Type: SUN_STANDARD

[Global flags]
     intx CICompilerCount                          = 4                                         {product} {ergonomic}
     uint ConcGCThreads                            = 2                                         {product} {ergonomic}
     uint G1ConcRefinementThreads                  = 8                                         {product} {ergonomic}
   size_t G1HeapRegionSize                         = 1048576                                   {product} {ergonomic}
    uintx GCDrainStackTargetSize                   = 64                                        {product} {ergonomic}
   size_t InitialHeapSize                          = 132120576                                 {product} {ergonomic}
   size_t MarkStackSize                            = 4194304                                   {product} {ergonomic}
   size_t MaxHeapSize                              = 2103443456                                {product} {ergonomic}
   size_t MaxNewSize                               = 1261436928                                {product} {ergonomic}
   size_t MinHeapDeltaBytes                        = 1048576                                   {product} {ergonomic}
    uintx NonNMethodCodeHeapSize                   = 5836300                                {pd product} {ergonomic}
    uintx NonProfiledCodeHeapSize                  = 122910970                              {pd product} {ergonomic}
    uintx ProfiledCodeHeapSize                     = 122910970                              {pd product} {ergonomic}
    uintx ReservedCodeCacheSize                    = 251658240                              {pd product} {ergonomic}
     bool SegmentedCodeCache                       = true                                      {product} {ergonomic}
     bool UseCompressedClassPointers               = true                                 {lp64_product} {ergonomic}
     bool UseCompressedOops                        = true                                 {lp64_product} {ergonomic}
     bool UseG1GC                                  = true                                      {product} {ergonomic}
     bool UseLargePagesIndividualAllocation        = false                                  {pd product} {ergonomic}

Logging:
Log output configuration:
 #0: stdout all=warning uptime,level,tags
 #1: stderr all=off uptime,level,tags

Environment Variables:
PATH=D:\Program Files\Scripts\;D:\Program Files\;C:\Program Files\CodeBlocks\MinGW\bin;C:\Program Files (x86)\Common Files\Oracle\Java\javapath;C:\WINDOWS\system32;C:\WINDOWS;C:\WINDOWS\System32\Wbem;C:\WINDOWS\System32\WindowsPowerShell\v1.0\;C:\WINDOWS\System32\OpenSSH\;C:\Program Files\Git\cmd;C:\ProgramData\chocolatey\bin;C:\Users\Santiago Mejia\AppData\Local\Microsoft\WindowsApps;;C:\Program Files\JetBrains\IntelliJ IDEA 2022.1.1\bin;;D:\CLion 2022.2.3\bin;
USERNAME=Santiago Mejia
OS=Windows_NT
PROCESSOR_IDENTIFIER=Intel64 Family 6 Model 142 Stepping 12, GenuineIntel



---------------  S Y S T E M  ---------------

OS: Windows 11 , 64 bit Build 22621 (10.0.22621.1194)
OS uptime: 7 days 1:00 hours

CPU:total 8 (initial active 8) (4 cores per cpu, 2 threads per core) family 6 model 142 stepping 12 microcode 0xde, cmov, cx8, fxsr, mmx, sse, sse2, sse3, ssse3, sse4.1, sse4.2, popcnt, avx, avx2, aes, clmul, erms, 3dnowpref, lzcnt, ht, tsc, tscinvbit, bmi1, bmi2, adx, fma

Memory: 4k page, system-wide physical 8020M (510M free)
TotalPageFile size 18260M (AvailPageFile size 6M)
current process WorkingSet (physical memory assigned to process): 375M, peak: 375M
current process commit charge ("private bytes"): 424M, peak: 424M

vm_info: OpenJDK 64-Bit Server VM (11.0.15+0-b2043.56-9505619) for windows-amd64 JRE (11.0.15+0-b2043.56-9505619), built on Jan 19 2023 02:48:00 by "builduser" with unknown MS VC++:1929

END.
