#
# There is insufficient memory for the Java Runtime Environment to continue.
# Native memory allocation (malloc) failed to allocate 1289136 bytes for Chunk::new
# Possible reasons:
#   The system is out of physical RAM or swap space
#   The process is running with CompressedOops enabled, and the Java Heap may be blocking the growth of the native heap
# Possible solutions:
#   Reduce memory load on the system
#   Increase physical memory or swap space
#   Check if swap backing store is full
#   Decrease Java heap size (-Xmx/-Xms)
#   Decrease number of Java threads
#   Decrease Java thread stack sizes (-Xss)
#   Set larger code cache with -XX:ReservedCodeCacheSize=
#   JVM is running with Unscaled Compressed Oops mode in which the Java heap is
#     placed in the first 4GB address space. The Java Heap base address is the
#     maximum limit for the native heap growth. Please use -XX:HeapBaseMinAddress
#     to set the Java Heap base and to place the Java Heap above 4GB virtual address.
# This output file may be truncated or incomplete.
#
#  Out of Memory Error (src/hotspot/share/memory/arena.cpp:197), pid=18460, tid=22292
#
# JRE version: OpenJDK Runtime Environment (11.0.15) (build 11.0.15+0-b2043.56-9505619)
# Java VM: OpenJDK 64-Bit Server VM (11.0.15+0-b2043.56-9505619, mixed mode, tiered, compressed oops, g1 gc, windows-amd64)
# No core dump will be written. Minidumps are not enabled by default on client versions of Windows
#

---------------  S U M M A R Y ------------

Command Line: org.jetbrains.kotlin.cli.jvm.K2JVMCompiler @D:\Usuarios\Santiago Mejia\Desarrollo_Movil\Proyecto_Movipet\app\build\20230306_13272692064504837198.compiler.options

Host: Intel(R) Core(TM) i5-10210U CPU @ 1.60GHz, 8 cores, 7G,  Windows 11 , 64 bit Build 22621 (10.0.22621.1194)
Time: Mon Mar  6 12:24:50 2023 Hora est. Pacífico, Sudamérica elapsed time: 11.879248 seconds (0d 0h 0m 11s)

---------------  T H R E A D  ---------------

Current thread (0x000002598742c000):  JavaThread "C2 CompilerThread0" daemon [_thread_in_native, id=22292, stack(0x000000c7f2100000,0x000000c7f2200000)]


Current CompileTask:
C2:  11879 10396       4       org.jetbrains.kotlin.backend.jvm.lower.BridgeLowering::createBridges (1007 bytes)

Stack: [0x000000c7f2100000,0x000000c7f2200000]
Native frames: (J=compiled Java code, j=interpreted, Vv=VM code, C=native code)
V  [jvm.dll+0x64135a]
V  [jvm.dll+0x7d39f9]
V  [jvm.dll+0x7d51b9]
V  [jvm.dll+0x7d58a3]
V  [jvm.dll+0x2691c5]
V  [jvm.dll+0xc1a5c]
V  [jvm.dll+0xc200c]
V  [jvm.dll+0x3774a7]
V  [jvm.dll+0x1b3914]
V  [jvm.dll+0x22163e]
V  [jvm.dll+0x220498]
V  [jvm.dll+0x19e851]
V  [jvm.dll+0x230479]
V  [jvm.dll+0x22e5ef]
V  [jvm.dll+0x794de1]
V  [jvm.dll+0x78dc24]
V  [jvm.dll+0x6400f6]
C  [ucrtbase.dll+0x29363]
C  [KERNEL32.DLL+0x126bd]
C  [ntdll.dll+0x5dfb8]


---------------  P R O C E S S  ---------------

Threads class SMR info:
_java_thread_list=0x000002598e28c560, length=11, elements={
0x00000259ec7ce800, 0x0000025986c0a800, 0x0000025986c01000, 0x0000025987423800,
0x0000025987427000, 0x0000025987428800, 0x000002598742c000, 0x000002598742d000,
0x000002598747a800, 0x0000025987620000, 0x0000025987b10000
}

Java Threads: ( => current thread )
  0x00000259ec7ce800 JavaThread "main" [_thread_in_Java, id=19664, stack(0x000000c7f1500000,0x000000c7f1600000)]
  0x0000025986c0a800 JavaThread "Reference Handler" daemon [_thread_blocked, id=18636, stack(0x000000c7f1c00000,0x000000c7f1d00000)]
  0x0000025986c01000 JavaThread "Finalizer" daemon [_thread_blocked, id=11400, stack(0x000000c7f1d00000,0x000000c7f1e00000)]
  0x0000025987423800 JavaThread "Signal Dispatcher" daemon [_thread_blocked, id=22172, stack(0x000000c7f1e00000,0x000000c7f1f00000)]
  0x0000025987427000 JavaThread "Attach Listener" daemon [_thread_blocked, id=18492, stack(0x000000c7f1f00000,0x000000c7f2000000)]
  0x0000025987428800 JavaThread "Service Thread" daemon [_thread_blocked, id=20552, stack(0x000000c7f2000000,0x000000c7f2100000)]
=>0x000002598742c000 JavaThread "C2 CompilerThread0" daemon [_thread_in_native, id=22292, stack(0x000000c7f2100000,0x000000c7f2200000)]
  0x000002598742d000 JavaThread "C1 CompilerThread0" daemon [_thread_blocked, id=19804, stack(0x000000c7f2200000,0x000000c7f2300000)]
  0x000002598747a800 JavaThread "Sweeper thread" daemon [_thread_blocked, id=17764, stack(0x000000c7f2300000,0x000000c7f2400000)]
  0x0000025987620000 JavaThread "Common-Cleaner" daemon [_thread_blocked, id=1112, stack(0x000000c7f2500000,0x000000c7f2600000)]
  0x0000025987b10000 JavaThread "C2 CompilerThread1" daemon [_thread_in_native, id=14212, stack(0x000000c7f2900000,0x000000c7f2a00000)]

Other Threads:
  0x0000025986bd6000 VMThread "VM Thread" [stack: 0x000000c7f1b00000,0x000000c7f1c00000] [id=11676]
  0x000002598761c000 WatcherThread [stack: 0x000000c7f2400000,0x000000c7f2500000] [id=21492]
  0x00000259ec7e6000 GCTaskThread "GC Thread#0" [stack: 0x000000c7f1600000,0x000000c7f1700000] [id=7984]
  0x0000025987b7d000 GCTaskThread "GC Thread#1" [stack: 0x000000c7f2700000,0x000000c7f2800000] [id=19584]
  0x0000025987a9a000 GCTaskThread "GC Thread#2" [stack: 0x000000c7f2800000,0x000000c7f2900000] [id=15464]
  0x000002598c0ba800 GCTaskThread "GC Thread#3" [stack: 0x000000c7f2a00000,0x000000c7f2b00000] [id=2696]
  0x00000259ec815800 ConcurrentGCThread "G1 Main Marker" [stack: 0x000000c7f1700000,0x000000c7f1800000] [id=14320]
  0x00000259ec817800 ConcurrentGCThread "G1 Conc#0" [stack: 0x000000c7f1800000,0x000000c7f1900000] [id=19444]
  0x0000025987df9800 ConcurrentGCThread "G1 Conc#1" [stack: 0x000000c7f2600000,0x000000c7f2700000] [id=2148]
  0x00000259ec89e000 ConcurrentGCThread "G1 Refine#0" [stack: 0x000000c7f1900000,0x000000c7f1a00000] [id=7376]
  0x0000025988041000 ConcurrentGCThread "G1 Refine#1" [stack: 0x000000c7f2b00000,0x000000c7f2c00000] [id=21864]
  0x0000025986a44800 ConcurrentGCThread "G1 Young RemSet Sampling" [stack: 0x000000c7f1a00000,0x000000c7f1b00000] [id=10700]

Threads with active compile tasks:
C2 CompilerThread0    11899 10396       4       org.jetbrains.kotlin.backend.jvm.lower.BridgeLowering::createBridges (1007 bytes)
C1 CompilerThread0    11899 10624       3       org.jetbrains.kotlin.ir.types.impl.IrSimpleTypeImpl::<init> (23 bytes)
C2 CompilerThread1    11899 10537       4       org.jetbrains.kotlin.load.kotlin.TypeSignatureMappingKt::mapBuiltInType (339 bytes)

VM state:not at safepoint (normal execution)

VM Mutex/Monitor currently owned by a thread: None

Heap address: 0x0000000082a00000, size: 2006 MB, Compressed Oops mode: 32-bit
Narrow klass base: 0x0000000000000000, Narrow klass shift: 3
Compressed class space size: 1073741824 Address: 0x0000000100000000

Heap:
 garbage-first heap   total 189440K, used 113114K [0x0000000082a00000, 0x0000000100000000)
  region size 1024K, 54 young (55296K), 8 survivors (8192K)
 Metaspace       used 82315K, capacity 83115K, committed 83352K, reserved 1124352K
  class space    used 9065K, capacity 9412K, committed 9472K, reserved 1048576K
Heap Regions: E=young(eden), S=young(survivor), O=old, HS=humongous(starts), HC=humongous(continues), CS=collection set, F=free, A=archive, TAMS=top-at-mark-start (previous, next)
|   0|0x0000000082a00000, 0x0000000082b00000, 0x0000000082b00000|100%|HS|  |TAMS 0x0000000082b00000, 0x0000000082a00000| Complete 
|   1|0x0000000082b00000, 0x0000000082c00000, 0x0000000082c00000|100%|HC|  |TAMS 0x0000000082c00000, 0x0000000082b00000| Complete 
|   2|0x0000000082c00000, 0x0000000082d00000, 0x0000000082d00000|100%|HC|  |TAMS 0x0000000082d00000, 0x0000000082c00000| Complete 
|   3|0x0000000082d00000, 0x0000000082e00000, 0x0000000082e00000|100%|HC|  |TAMS 0x0000000082e00000, 0x0000000082d00000| Complete 
|   4|0x0000000082e00000, 0x0000000082f00000, 0x0000000082f00000|100%|HS|  |TAMS 0x0000000082f00000, 0x0000000082e00000| Complete 
|   5|0x0000000082f00000, 0x0000000083000000, 0x0000000083000000|100%|HC|  |TAMS 0x0000000083000000, 0x0000000082f00000| Complete 
|   6|0x0000000083000000, 0x0000000083100000, 0x0000000083100000|100%|HC|  |TAMS 0x0000000083100000, 0x0000000083000000| Complete 
|   7|0x0000000083100000, 0x0000000083200000, 0x0000000083200000|100%|HC|  |TAMS 0x0000000083200000, 0x0000000083100000| Complete 
|   8|0x0000000083200000, 0x0000000083300000, 0x0000000083300000|100%|HS|  |TAMS 0x0000000083300000, 0x0000000083200000| Complete 
|   9|0x0000000083300000, 0x0000000083400000, 0x0000000083400000|100%|HC|  |TAMS 0x0000000083400000, 0x0000000083300000| Complete 
|  10|0x0000000083400000, 0x0000000083500000, 0x0000000083500000|100%| O|  |TAMS 0x0000000083500000, 0x0000000083400000| Untracked 
|  11|0x0000000083500000, 0x0000000083600000, 0x0000000083600000|100%| O|  |TAMS 0x0000000083600000, 0x0000000083500000| Untracked 
|  12|0x0000000083600000, 0x0000000083700000, 0x0000000083700000|100%| O|  |TAMS 0x0000000083700000, 0x0000000083600000| Untracked 
|  13|0x0000000083700000, 0x0000000083800000, 0x0000000083800000|100%| O|  |TAMS 0x0000000083800000, 0x0000000083700000| Untracked 
|  14|0x0000000083800000, 0x0000000083900000, 0x0000000083900000|100%| O|  |TAMS 0x0000000083900000, 0x0000000083800000| Untracked 
|  15|0x0000000083900000, 0x0000000083a00000, 0x0000000083a00000|100%| O|  |TAMS 0x0000000083a00000, 0x0000000083900000| Untracked 
|  16|0x0000000083a00000, 0x0000000083b00000, 0x0000000083b00000|100%| O|  |TAMS 0x0000000083b00000, 0x0000000083a00000| Untracked 
|  17|0x0000000083b00000, 0x0000000083c00000, 0x0000000083c00000|100%| O|  |TAMS 0x0000000083c00000, 0x0000000083b00000| Untracked 
|  18|0x0000000083c00000, 0x0000000083d00000, 0x0000000083d00000|100%| O|  |TAMS 0x0000000083d00000, 0x0000000083c00000| Untracked 
|  19|0x0000000083d00000, 0x0000000083e00000, 0x0000000083e00000|100%| O|  |TAMS 0x0000000083e00000, 0x0000000083d00000| Untracked 
|  20|0x0000000083e00000, 0x0000000083f00000, 0x0000000083f00000|100%| O|  |TAMS 0x0000000083f00000, 0x0000000083e00000| Untracked 
|  21|0x0000000083f00000, 0x0000000084000000, 0x0000000084000000|100%| O|  |TAMS 0x0000000084000000, 0x0000000083f00000| Untracked 
|  22|0x0000000084000000, 0x0000000084100000, 0x0000000084100000|100%| O|  |TAMS 0x0000000084100000, 0x0000000084000000| Untracked 
|  23|0x0000000084100000, 0x0000000084200000, 0x0000000084200000|100%| O|  |TAMS 0x0000000084200000, 0x0000000084100000| Untracked 
|  24|0x0000000084200000, 0x0000000084300000, 0x0000000084300000|100%| O|  |TAMS 0x0000000084300000, 0x0000000084200000| Untracked 
|  25|0x0000000084300000, 0x0000000084400000, 0x0000000084400000|100%| O|  |TAMS 0x0000000084400000, 0x0000000084300000| Untracked 
|  26|0x0000000084400000, 0x0000000084500000, 0x0000000084500000|100%| O|  |TAMS 0x0000000084500000, 0x0000000084400000| Untracked 
|  27|0x0000000084500000, 0x0000000084600000, 0x0000000084600000|100%| O|  |TAMS 0x0000000084600000, 0x0000000084500000| Untracked 
|  28|0x0000000084600000, 0x0000000084700000, 0x0000000084700000|100%| O|  |TAMS 0x0000000084700000, 0x0000000084600000| Untracked 
|  29|0x0000000084700000, 0x0000000084800000, 0x0000000084800000|100%| O|  |TAMS 0x0000000084800000, 0x0000000084700000| Untracked 
|  30|0x0000000084800000, 0x0000000084900000, 0x0000000084900000|100%| O|  |TAMS 0x0000000084900000, 0x0000000084800000| Untracked 
|  31|0x0000000084900000, 0x0000000084a00000, 0x0000000084a00000|100%| O|  |TAMS 0x0000000084a00000, 0x0000000084900000| Untracked 
|  32|0x0000000084a00000, 0x0000000084b00000, 0x0000000084b00000|100%| O|  |TAMS 0x0000000084b00000, 0x0000000084a00000| Untracked 
|  33|0x0000000084b00000, 0x0000000084c00000, 0x0000000084c00000|100%| O|  |TAMS 0x0000000084c00000, 0x0000000084b00000| Untracked 
|  34|0x0000000084c00000, 0x0000000084d00000, 0x0000000084d00000|100%| O|  |TAMS 0x0000000084d00000, 0x0000000084c00000| Untracked 
|  35|0x0000000084d00000, 0x0000000084e00000, 0x0000000084e00000|100%| O|  |TAMS 0x0000000084e00000, 0x0000000084d00000| Untracked 
|  36|0x0000000084e00000, 0x0000000084f00000, 0x0000000084f00000|100%| O|  |TAMS 0x0000000084f00000, 0x0000000084e00000| Untracked 
|  37|0x0000000084f00000, 0x0000000085000000, 0x0000000085000000|100%| O|  |TAMS 0x0000000085000000, 0x0000000084f00000| Untracked 
|  38|0x0000000085000000, 0x0000000085100000, 0x0000000085100000|100%| O|  |TAMS 0x0000000085100000, 0x0000000085000000| Untracked 
|  39|0x0000000085100000, 0x0000000085200000, 0x0000000085200000|100%| O|  |TAMS 0x0000000085200000, 0x0000000085100000| Untracked 
|  40|0x0000000085200000, 0x0000000085300000, 0x0000000085300000|100%| O|  |TAMS 0x0000000085300000, 0x0000000085200000| Untracked 
|  41|0x0000000085300000, 0x0000000085400000, 0x0000000085400000|100%| O|  |TAMS 0x0000000085400000, 0x0000000085300000| Untracked 
|  42|0x0000000085400000, 0x0000000085500000, 0x0000000085500000|100%| O|  |TAMS 0x0000000085500000, 0x0000000085400000| Untracked 
|  43|0x0000000085500000, 0x0000000085600000, 0x0000000085600000|100%| O|  |TAMS 0x0000000085600000, 0x0000000085500000| Untracked 
|  44|0x0000000085600000, 0x0000000085700000, 0x0000000085700000|100%| O|  |TAMS 0x0000000085700000, 0x0000000085600000| Untracked 
|  45|0x0000000085700000, 0x0000000085800000, 0x0000000085800000|100%| O|  |TAMS 0x0000000085800000, 0x0000000085700000| Untracked 
|  46|0x0000000085800000, 0x0000000085900000, 0x0000000085900000|100%| O|  |TAMS 0x0000000085900000, 0x0000000085800000| Untracked 
|  47|0x0000000085900000, 0x0000000085a00000, 0x0000000085a00000|100%| O|  |TAMS 0x00000000859f0000, 0x0000000085900000| Untracked 
|  48|0x0000000085a00000, 0x0000000085b00000, 0x0000000085b00000|100%| O|  |TAMS 0x0000000085a00000, 0x0000000085a00000| Untracked 
|  49|0x0000000085b00000, 0x0000000085c00000, 0x0000000085c00000|100%| O|  |TAMS 0x0000000085b00000, 0x0000000085b00000| Untracked 
|  50|0x0000000085c00000, 0x0000000085d00000, 0x0000000085d00000|100%| O|  |TAMS 0x0000000085c00000, 0x0000000085c00000| Untracked 
|  51|0x0000000085d00000, 0x0000000085e00000, 0x0000000085e00000|100%| O|  |TAMS 0x0000000085d00000, 0x0000000085d00000| Untracked 
|  52|0x0000000085e00000, 0x0000000085f00000, 0x0000000085f00000|100%| O|  |TAMS 0x0000000085e00000, 0x0000000085e00000| Untracked 
|  53|0x0000000085f00000, 0x0000000086000000, 0x0000000086000000|100%| O|  |TAMS 0x0000000085f00000, 0x0000000085f00000| Untracked 
|  54|0x0000000086000000, 0x0000000086100000, 0x0000000086100000|100%| O|  |TAMS 0x0000000086000000, 0x0000000086000000| Untracked 
|  55|0x0000000086100000, 0x0000000086200000, 0x0000000086200000|100%| O|  |TAMS 0x0000000086100000, 0x0000000086100000| Untracked 
|  56|0x0000000086200000, 0x0000000086300000, 0x0000000086300000|100%| O|  |TAMS 0x0000000086200000, 0x0000000086200000| Untracked 
|  57|0x0000000086300000, 0x0000000086400000, 0x0000000086400000|100%| O|  |TAMS 0x0000000086300000, 0x0000000086300000| Untracked 
|  58|0x0000000086400000, 0x0000000086410e00, 0x0000000086500000|  6%| O|  |TAMS 0x0000000086400000, 0x0000000086400000| Untracked 
|  59|0x0000000086500000, 0x0000000086500000, 0x0000000086600000|  0%| F|  |TAMS 0x0000000086500000, 0x0000000086500000| Untracked 
|  60|0x0000000086600000, 0x0000000086600000, 0x0000000086700000|  0%| F|  |TAMS 0x0000000086600000, 0x0000000086600000| Untracked 
|  61|0x0000000086700000, 0x0000000086700000, 0x0000000086800000|  0%| F|  |TAMS 0x0000000086700000, 0x0000000086700000| Untracked 
|  62|0x0000000086800000, 0x0000000086800000, 0x0000000086900000|  0%| F|  |TAMS 0x0000000086800000, 0x0000000086800000| Untracked 
|  63|0x0000000086900000, 0x0000000086900000, 0x0000000086a00000|  0%| F|  |TAMS 0x0000000086900000, 0x0000000086900000| Untracked 
|  64|0x0000000086a00000, 0x0000000086a00000, 0x0000000086b00000|  0%| F|  |TAMS 0x0000000086a00000, 0x0000000086a00000| Untracked 
|  65|0x0000000086b00000, 0x0000000086b00000, 0x0000000086c00000|  0%| F|  |TAMS 0x0000000086b00000, 0x0000000086b00000| Untracked 
|  66|0x0000000086c00000, 0x0000000086c00000, 0x0000000086d00000|  0%| F|  |TAMS 0x0000000086c00000, 0x0000000086c00000| Untracked 
|  67|0x0000000086d00000, 0x0000000086d00000, 0x0000000086e00000|  0%| F|  |TAMS 0x0000000086d00000, 0x0000000086d00000| Untracked 
|  68|0x0000000086e00000, 0x0000000086e00000, 0x0000000086f00000|  0%| F|  |TAMS 0x0000000086e00000, 0x0000000086e00000| Untracked 
|  69|0x0000000086f00000, 0x0000000086f00000, 0x0000000087000000|  0%| F|  |TAMS 0x0000000086f00000, 0x0000000086f00000| Untracked 
|  70|0x0000000087000000, 0x0000000087000000, 0x0000000087100000|  0%| F|  |TAMS 0x0000000087000000, 0x0000000087000000| Untracked 
|  71|0x0000000087100000, 0x0000000087100000, 0x0000000087200000|  0%| F|  |TAMS 0x0000000087100000, 0x0000000087100000| Untracked 
|  72|0x0000000087200000, 0x0000000087200000, 0x0000000087300000|  0%| F|  |TAMS 0x0000000087200000, 0x0000000087200000| Untracked 
|  73|0x0000000087300000, 0x0000000087300000, 0x0000000087400000|  0%| F|  |TAMS 0x0000000087300000, 0x0000000087300000| Untracked 
|  74|0x0000000087400000, 0x0000000087400000, 0x0000000087500000|  0%| F|  |TAMS 0x0000000087400000, 0x0000000087400000| Untracked 
|  75|0x0000000087500000, 0x0000000087500000, 0x0000000087600000|  0%| F|  |TAMS 0x0000000087500000, 0x0000000087500000| Untracked 
|  76|0x0000000087600000, 0x0000000087600000, 0x0000000087700000|  0%| F|  |TAMS 0x0000000087600000, 0x0000000087600000| Untracked 
|  77|0x0000000087700000, 0x0000000087700000, 0x0000000087800000|  0%| F|  |TAMS 0x0000000087700000, 0x0000000087700000| Untracked 
|  78|0x0000000087800000, 0x0000000087800000, 0x0000000087900000|  0%| F|  |TAMS 0x0000000087800000, 0x0000000087800000| Untracked 
|  79|0x0000000087900000, 0x0000000087900000, 0x0000000087a00000|  0%| F|  |TAMS 0x0000000087900000, 0x0000000087900000| Untracked 
|  80|0x0000000087a00000, 0x0000000087a00000, 0x0000000087b00000|  0%| F|  |TAMS 0x0000000087a00000, 0x0000000087a00000| Untracked 
|  81|0x0000000087b00000, 0x0000000087b00000, 0x0000000087c00000|  0%| F|  |TAMS 0x0000000087b00000, 0x0000000087b00000| Untracked 
|  82|0x0000000087c00000, 0x0000000087c00000, 0x0000000087d00000|  0%| F|  |TAMS 0x0000000087c00000, 0x0000000087c00000| Untracked 
|  83|0x0000000087d00000, 0x0000000087d00000, 0x0000000087e00000|  0%| F|  |TAMS 0x0000000087d00000, 0x0000000087d00000| Untracked 
|  84|0x0000000087e00000, 0x0000000087e00000, 0x0000000087f00000|  0%| F|  |TAMS 0x0000000087e00000, 0x0000000087e00000| Untracked 
|  85|0x0000000087f00000, 0x0000000087f00000, 0x0000000088000000|  0%| F|  |TAMS 0x0000000087f00000, 0x0000000087f00000| Untracked 
|  86|0x0000000088000000, 0x0000000088000000, 0x0000000088100000|  0%| F|  |TAMS 0x0000000088000000, 0x0000000088000000| Untracked 
|  87|0x0000000088100000, 0x0000000088100000, 0x0000000088200000|  0%| F|  |TAMS 0x0000000088100000, 0x0000000088100000| Untracked 
|  88|0x0000000088200000, 0x0000000088200000, 0x0000000088300000|  0%| F|  |TAMS 0x0000000088200000, 0x0000000088200000| Untracked 
|  89|0x0000000088300000, 0x0000000088300000, 0x0000000088400000|  0%| F|  |TAMS 0x0000000088300000, 0x0000000088300000| Untracked 
|  90|0x0000000088400000, 0x0000000088400000, 0x0000000088500000|  0%| F|  |TAMS 0x0000000088400000, 0x0000000088400000| Untracked 
|  91|0x0000000088500000, 0x0000000088500000, 0x0000000088600000|  0%| F|  |TAMS 0x0000000088500000, 0x0000000088500000| Untracked 
|  92|0x0000000088600000, 0x0000000088665d10, 0x0000000088700000| 39%| S|CS|TAMS 0x0000000088600000, 0x0000000088600000| Complete 
|  93|0x0000000088700000, 0x0000000088700000, 0x0000000088800000|  0%| F|  |TAMS 0x0000000088700000, 0x0000000088700000| Untracked 
|  94|0x0000000088800000, 0x0000000088800000, 0x0000000088900000|  0%| F|  |TAMS 0x0000000088800000, 0x0000000088800000| Untracked 
|  95|0x0000000088900000, 0x0000000088900000, 0x0000000088a00000|  0%| F|  |TAMS 0x0000000088900000, 0x0000000088900000| Untracked 
|  96|0x0000000088a00000, 0x0000000088a00000, 0x0000000088b00000|  0%| F|  |TAMS 0x0000000088a00000, 0x0000000088a00000| Untracked 
|  97|0x0000000088b00000, 0x0000000088b00000, 0x0000000088c00000|  0%| F|  |TAMS 0x0000000088b00000, 0x0000000088b00000| Untracked 
|  98|0x0000000088c00000, 0x0000000088c00000, 0x0000000088d00000|  0%| F|  |TAMS 0x0000000088c00000, 0x0000000088c00000| Untracked 
|  99|0x0000000088d00000, 0x0000000088d00000, 0x0000000088e00000|  0%| F|  |TAMS 0x0000000088d00000, 0x0000000088d00000| Untracked 
| 100|0x0000000088e00000, 0x0000000088e00000, 0x0000000088f00000|  0%| F|  |TAMS 0x0000000088e00000, 0x0000000088e00000| Untracked 
| 101|0x0000000088f00000, 0x0000000088f00000, 0x0000000089000000|  0%| F|  |TAMS 0x0000000088f00000, 0x0000000088f00000| Untracked 
| 102|0x0000000089000000, 0x0000000089000000, 0x0000000089100000|  0%| F|  |TAMS 0x0000000089000000, 0x0000000089000000| Untracked 
| 103|0x0000000089100000, 0x0000000089100000, 0x0000000089200000|  0%| F|  |TAMS 0x0000000089100000, 0x0000000089100000| Untracked 
| 104|0x0000000089200000, 0x0000000089300000, 0x0000000089300000|100%| S|CS|TAMS 0x0000000089200000, 0x0000000089200000| Complete 
| 105|0x0000000089300000, 0x0000000089400000, 0x0000000089400000|100%| S|CS|TAMS 0x0000000089300000, 0x0000000089300000| Complete 
| 106|0x0000000089400000, 0x0000000089500000, 0x0000000089500000|100%| S|CS|TAMS 0x0000000089400000, 0x0000000089400000| Complete 
| 107|0x0000000089500000, 0x0000000089600000, 0x0000000089600000|100%| S|CS|TAMS 0x0000000089500000, 0x0000000089500000| Complete 
| 108|0x0000000089600000, 0x0000000089700000, 0x0000000089700000|100%| S|CS|TAMS 0x0000000089600000, 0x0000000089600000| Complete 
| 109|0x0000000089700000, 0x0000000089800000, 0x0000000089800000|100%| S|CS|TAMS 0x0000000089700000, 0x0000000089700000| Complete 
| 110|0x0000000089800000, 0x0000000089900000, 0x0000000089900000|100%| S|CS|TAMS 0x0000000089800000, 0x0000000089800000| Complete 
| 111|0x0000000089900000, 0x0000000089900000, 0x0000000089a00000|  0%| F|  |TAMS 0x0000000089900000, 0x0000000089900000| Untracked 
| 112|0x0000000089a00000, 0x0000000089a00000, 0x0000000089b00000|  0%| F|  |TAMS 0x0000000089a00000, 0x0000000089a00000| Untracked 
| 113|0x0000000089b00000, 0x0000000089b00000, 0x0000000089c00000|  0%| F|  |TAMS 0x0000000089b00000, 0x0000000089b00000| Untracked 
| 114|0x0000000089c00000, 0x0000000089c00000, 0x0000000089d00000|  0%| F|  |TAMS 0x0000000089c00000, 0x0000000089c00000| Untracked 
| 115|0x0000000089d00000, 0x0000000089d00000, 0x0000000089e00000|  0%| F|  |TAMS 0x0000000089d00000, 0x0000000089d00000| Untracked 
| 116|0x0000000089e00000, 0x0000000089e00000, 0x0000000089f00000|  0%| F|  |TAMS 0x0000000089e00000, 0x0000000089e00000| Untracked 
| 117|0x0000000089f00000, 0x0000000089f00000, 0x000000008a000000|  0%| F|  |TAMS 0x0000000089f00000, 0x0000000089f00000| Untracked 
| 118|0x000000008a000000, 0x000000008a000000, 0x000000008a100000|  0%| F|  |TAMS 0x000000008a000000, 0x000000008a000000| Untracked 
| 119|0x000000008a100000, 0x000000008a100000, 0x000000008a200000|  0%| F|  |TAMS 0x000000008a100000, 0x000000008a100000| Untracked 
| 120|0x000000008a200000, 0x000000008a200000, 0x000000008a300000|  0%| F|  |TAMS 0x000000008a200000, 0x000000008a200000| Untracked 
| 121|0x000000008a300000, 0x000000008a300000, 0x000000008a400000|  0%| F|  |TAMS 0x000000008a300000, 0x000000008a300000| Untracked 
| 122|0x000000008a400000, 0x000000008a400000, 0x000000008a500000|  0%| F|  |TAMS 0x000000008a400000, 0x000000008a400000| Untracked 
| 123|0x000000008a500000, 0x000000008a500000, 0x000000008a600000|  0%| F|  |TAMS 0x000000008a500000, 0x000000008a500000| Untracked 
| 124|0x000000008a600000, 0x000000008a600000, 0x000000008a700000|  0%| F|  |TAMS 0x000000008a600000, 0x000000008a600000| Untracked 
| 125|0x000000008a700000, 0x000000008a700000, 0x000000008a800000|  0%| F|  |TAMS 0x000000008a700000, 0x000000008a700000| Untracked 
| 126|0x000000008a800000, 0x000000008a800000, 0x000000008a900000|  0%| F|  |TAMS 0x000000008a800000, 0x000000008a800000| Untracked 
| 127|0x000000008a900000, 0x000000008a900000, 0x000000008aa00000|  0%| F|  |TAMS 0x000000008a900000, 0x000000008a900000| Untracked 
| 128|0x000000008aa00000, 0x000000008aa00000, 0x000000008ab00000|  0%| F|  |TAMS 0x000000008aa00000, 0x000000008aa00000| Untracked 
| 129|0x000000008ab00000, 0x000000008ab00000, 0x000000008ac00000|  0%| F|  |TAMS 0x000000008ab00000, 0x000000008ab00000| Untracked 
| 130|0x000000008ac00000, 0x000000008ac00000, 0x000000008ad00000|  0%| F|  |TAMS 0x000000008ac00000, 0x000000008ac00000| Untracked 
| 131|0x000000008ad00000, 0x000000008ad00000, 0x000000008ae00000|  0%| F|  |TAMS 0x000000008ad00000, 0x000000008ad00000| Untracked 
| 132|0x000000008ae00000, 0x000000008ae00000, 0x000000008af00000|  0%| F|  |TAMS 0x000000008ae00000, 0x000000008ae00000| Untracked 
| 133|0x000000008af00000, 0x000000008af00000, 0x000000008b000000|  0%| F|  |TAMS 0x000000008af00000, 0x000000008af00000| Untracked 
| 134|0x000000008b000000, 0x000000008b000000, 0x000000008b100000|  0%| F|  |TAMS 0x000000008b000000, 0x000000008b000000| Untracked 
| 135|0x000000008b100000, 0x000000008b100000, 0x000000008b200000|  0%| F|  |TAMS 0x000000008b100000, 0x000000008b100000| Untracked 
| 136|0x000000008b200000, 0x000000008b200000, 0x000000008b300000|  0%| F|  |TAMS 0x000000008b200000, 0x000000008b200000| Untracked 
| 137|0x000000008b300000, 0x000000008b300000, 0x000000008b400000|  0%| F|  |TAMS 0x000000008b300000, 0x000000008b300000| Untracked 
| 138|0x000000008b400000, 0x000000008b400000, 0x000000008b500000|  0%| F|  |TAMS 0x000000008b400000, 0x000000008b400000| Untracked 
| 139|0x000000008b500000, 0x000000008b600000, 0x000000008b600000|100%| E|  |TAMS 0x000000008b500000, 0x000000008b500000| Complete 
| 140|0x000000008b600000, 0x000000008b700000, 0x000000008b700000|100%| E|CS|TAMS 0x000000008b600000, 0x000000008b600000| Complete 
| 141|0x000000008b700000, 0x000000008b800000, 0x000000008b800000|100%| E|CS|TAMS 0x000000008b700000, 0x000000008b700000| Complete 
| 142|0x000000008b800000, 0x000000008b900000, 0x000000008b900000|100%| E|CS|TAMS 0x000000008b800000, 0x000000008b800000| Complete 
| 143|0x000000008b900000, 0x000000008ba00000, 0x000000008ba00000|100%| E|CS|TAMS 0x000000008b900000, 0x000000008b900000| Complete 
| 144|0x000000008ba00000, 0x000000008bb00000, 0x000000008bb00000|100%| E|CS|TAMS 0x000000008ba00000, 0x000000008ba00000| Complete 
| 145|0x000000008bb00000, 0x000000008bc00000, 0x000000008bc00000|100%| E|CS|TAMS 0x000000008bb00000, 0x000000008bb00000| Complete 
| 146|0x000000008bc00000, 0x000000008bd00000, 0x000000008bd00000|100%| E|CS|TAMS 0x000000008bc00000, 0x000000008bc00000| Complete 
| 147|0x000000008bd00000, 0x000000008be00000, 0x000000008be00000|100%| E|CS|TAMS 0x000000008bd00000, 0x000000008bd00000| Complete 
| 148|0x000000008be00000, 0x000000008bf00000, 0x000000008bf00000|100%| E|CS|TAMS 0x000000008be00000, 0x000000008be00000| Complete 
| 149|0x000000008bf00000, 0x000000008c000000, 0x000000008c000000|100%| E|CS|TAMS 0x000000008bf00000, 0x000000008bf00000| Complete 
| 150|0x000000008c000000, 0x000000008c100000, 0x000000008c100000|100%| E|CS|TAMS 0x000000008c000000, 0x000000008c000000| Complete 
| 151|0x000000008c100000, 0x000000008c200000, 0x000000008c200000|100%| E|CS|TAMS 0x000000008c100000, 0x000000008c100000| Complete 
| 152|0x000000008c200000, 0x000000008c300000, 0x000000008c300000|100%| E|CS|TAMS 0x000000008c200000, 0x000000008c200000| Complete 
| 153|0x000000008c300000, 0x000000008c400000, 0x000000008c400000|100%| E|CS|TAMS 0x000000008c300000, 0x000000008c300000| Complete 
| 154|0x000000008c400000, 0x000000008c500000, 0x000000008c500000|100%| E|CS|TAMS 0x000000008c400000, 0x000000008c400000| Complete 
| 155|0x000000008c500000, 0x000000008c600000, 0x000000008c600000|100%| E|CS|TAMS 0x000000008c500000, 0x000000008c500000| Complete 
| 156|0x000000008c600000, 0x000000008c700000, 0x000000008c700000|100%| E|CS|TAMS 0x000000008c600000, 0x000000008c600000| Complete 
| 157|0x000000008c700000, 0x000000008c800000, 0x000000008c800000|100%| E|CS|TAMS 0x000000008c700000, 0x000000008c700000| Complete 
| 158|0x000000008c800000, 0x000000008c900000, 0x000000008c900000|100%| E|CS|TAMS 0x000000008c800000, 0x000000008c800000| Complete 
| 159|0x000000008c900000, 0x000000008ca00000, 0x000000008ca00000|100%| E|CS|TAMS 0x000000008c900000, 0x000000008c900000| Complete 
| 160|0x000000008ca00000, 0x000000008cb00000, 0x000000008cb00000|100%| E|CS|TAMS 0x000000008ca00000, 0x000000008ca00000| Complete 
| 161|0x000000008cb00000, 0x000000008cc00000, 0x000000008cc00000|100%| E|CS|TAMS 0x000000008cb00000, 0x000000008cb00000| Complete 
| 162|0x000000008cc00000, 0x000000008cd00000, 0x000000008cd00000|100%| E|CS|TAMS 0x000000008cc00000, 0x000000008cc00000| Complete 
| 163|0x000000008cd00000, 0x000000008ce00000, 0x000000008ce00000|100%| E|CS|TAMS 0x000000008cd00000, 0x000000008cd00000| Complete 
| 164|0x000000008ce00000, 0x000000008cf00000, 0x000000008cf00000|100%| E|CS|TAMS 0x000000008ce00000, 0x000000008ce00000| Complete 
| 165|0x000000008cf00000, 0x000000008d000000, 0x000000008d000000|100%| E|CS|TAMS 0x000000008cf00000, 0x000000008cf00000| Complete 
| 166|0x000000008d000000, 0x000000008d100000, 0x000000008d100000|100%| E|CS|TAMS 0x000000008d000000, 0x000000008d000000| Complete 
| 167|0x000000008d100000, 0x000000008d200000, 0x000000008d200000|100%| E|CS|TAMS 0x000000008d100000, 0x000000008d100000| Complete 
| 168|0x000000008d200000, 0x000000008d300000, 0x000000008d300000|100%| E|CS|TAMS 0x000000008d200000, 0x000000008d200000| Complete 
| 169|0x000000008d300000, 0x000000008d400000, 0x000000008d400000|100%| E|CS|TAMS 0x000000008d300000, 0x000000008d300000| Complete 
| 170|0x000000008d400000, 0x000000008d500000, 0x000000008d500000|100%| E|CS|TAMS 0x000000008d400000, 0x000000008d400000| Complete 
| 171|0x000000008d500000, 0x000000008d600000, 0x000000008d600000|100%| E|CS|TAMS 0x000000008d500000, 0x000000008d500000| Complete 
| 172|0x000000008d600000, 0x000000008d700000, 0x000000008d700000|100%| E|CS|TAMS 0x000000008d600000, 0x000000008d600000| Complete 
| 173|0x000000008d700000, 0x000000008d800000, 0x000000008d800000|100%| E|CS|TAMS 0x000000008d700000, 0x000000008d700000| Complete 
| 174|0x000000008d800000, 0x000000008d900000, 0x000000008d900000|100%| E|CS|TAMS 0x000000008d800000, 0x000000008d800000| Complete 
| 175|0x000000008d900000, 0x000000008da00000, 0x000000008da00000|100%| E|CS|TAMS 0x000000008d900000, 0x000000008d900000| Complete 
| 176|0x000000008da00000, 0x000000008db00000, 0x000000008db00000|100%| E|CS|TAMS 0x000000008da00000, 0x000000008da00000| Complete 
| 177|0x000000008db00000, 0x000000008dc00000, 0x000000008dc00000|100%| E|CS|TAMS 0x000000008db00000, 0x000000008db00000| Complete 
| 178|0x000000008dc00000, 0x000000008dd00000, 0x000000008dd00000|100%| E|CS|TAMS 0x000000008dc00000, 0x000000008dc00000| Complete 
| 179|0x000000008dd00000, 0x000000008de00000, 0x000000008de00000|100%| E|CS|TAMS 0x000000008dd00000, 0x000000008dd00000| Complete 
| 180|0x000000008de00000, 0x000000008df00000, 0x000000008df00000|100%| E|CS|TAMS 0x000000008de00000, 0x000000008de00000| Complete 
| 181|0x000000008df00000, 0x000000008e000000, 0x000000008e000000|100%| E|CS|TAMS 0x000000008df00000, 0x000000008df00000| Complete 
| 182|0x000000008e000000, 0x000000008e100000, 0x000000008e100000|100%| E|CS|TAMS 0x000000008e000000, 0x000000008e000000| Complete 
| 183|0x000000008e100000, 0x000000008e200000, 0x000000008e200000|100%| E|CS|TAMS 0x000000008e100000, 0x000000008e100000| Complete 
| 184|0x000000008e200000, 0x000000008e300000, 0x000000008e300000|100%| E|CS|TAMS 0x000000008e200000, 0x000000008e200000| Complete 

Card table byte_map: [0x00000259ffa10000,0x00000259ffe00000] _byte_map_base: 0x00000259ff5fb000

Marking Bits (Prev, Next): (CMBitMap*) 0x00000259ec80ccf0, (CMBitMap*) 0x00000259ec80ccb8
 Prev Bits: [0x0000025982350000, 0x00000259842a8000)
 Next Bits: [0x00000259803f0000, 0x0000025982348000)

Polling page: 0x00000259ebfa0000

Metaspace:

Usage:
  Non-class:     72.04 MB capacity,    71.55 MB (>99%) used,   368.16 KB ( <1%) free+waste,   131.50 KB ( <1%) overhead. 
      Class:      9.19 MB capacity,     8.85 MB ( 96%) used,   289.78 KB (  3%) free+waste,    55.94 KB ( <1%) overhead. 
       Both:     81.23 MB capacity,    80.40 MB ( 99%) used,   657.94 KB ( <1%) free+waste,   187.44 KB ( <1%) overhead. 

Virtual space:
  Non-class space:       74.00 MB reserved,      72.15 MB ( 97%) committed 
      Class space:        1.00 GB reserved,       9.25 MB ( <1%) committed 
             Both:        1.07 GB reserved,      81.40 MB (  7%) committed 

Chunk freelists:
   Non-Class:  49.00 KB
       Class:  28.00 KB
        Both:  77.00 KB

MaxMetaspaceSize: 17179869184.00 GB
CompressedClassSpaceSize: 1.00 GB
Initial GC threshold: 20.80 MB
Current GC threshold: 97.54 MB
CDS: off

CodeHeap 'non-profiled nmethods': size=120000Kb used=5466Kb max_used=5466Kb free=114533Kb
 bounds [0x00000259f7dc0000, 0x00000259f8320000, 0x00000259ff2f0000]
CodeHeap 'profiled nmethods': size=120000Kb used=29537Kb max_used=29537Kb free=90463Kb
 bounds [0x00000259f0890000, 0x00000259f2570000, 0x00000259f7dc0000]
CodeHeap 'non-nmethods': size=5760Kb used=1401Kb max_used=1425Kb free=4358Kb
 bounds [0x00000259f02f0000, 0x00000259f0560000, 0x00000259f0890000]
 total_blobs=11269 nmethods=10562 adapters=614
 compilation: enabled
              stopped_count=0, restarted_count=0
 full_count=0

Compilation events (20 events):
Event: 11.833 Thread 0x000002598742d000 10599       3       org.jetbrains.kotlin.types.AbstractTypeConstructor$supertypes$1::invoke (5 bytes)
Event: 11.835 Thread 0x000002598742d000 nmethod 10599 0x00000259f2556710 code [0x00000259f25569c0, 0x00000259f2557618]
Event: 11.835 Thread 0x000002598742d000 10600       3       org.jetbrains.kotlin.types.AbstractTypeConstructor$supertypes$1::invoke (15 bytes)
Event: 11.836 Thread 0x000002598742d000 nmethod 10600 0x00000259f2557a90 code [0x00000259f2557d40, 0x00000259f2558938]
Event: 11.836 Thread 0x000002598742d000 10601       3       org.jetbrains.kotlin.types.AbstractTypeConstructor$Supertypes::<init> (29 bytes)
Event: 11.836 Thread 0x000002598742d000 nmethod 10601 0x00000259f2558d90 code [0x00000259f2559020, 0x00000259f2559a88]
Event: 11.836 Thread 0x000002598742d000 10602       3       org.jetbrains.kotlin.types.error.ErrorUtils::getErrorTypeForLoopInSupertypes (4 bytes)
Event: 11.837 Thread 0x000002598742d000 nmethod 10602 0x00000259f2559e90 code [0x00000259f255a040, 0x00000259f255a158]
Event: 11.837 Thread 0x000002598742d000 10603   !   3       org.jetbrains.kotlin.storage.LockBasedStorageManager$LockBasedLazyValueWithPostCompute::postCompute (34 bytes)
Event: 11.837 Thread 0x000002598742d000 nmethod 10603 0x00000259f255a210 code [0x00000259f255a400, 0x00000259f255a928]
Event: 11.837 Thread 0x000002598742d000 10604       3       org.jetbrains.kotlin.storage.SingleThreadValue::<init> (17 bytes)
Event: 11.837 Thread 0x000002598742d000 nmethod 10604 0x00000259f255aa90 code [0x00000259f255ac40, 0x00000259f255ae78]
Event: 11.868 Thread 0x000002598742d000 10605       3       org.jetbrains.kotlin.com.intellij.util.containers.hash.LinkedHashMap::get (91 bytes)
Event: 11.869 Thread 0x000002598742d000 nmethod 10605 0x00000259f255af10 code [0x00000259f255b120, 0x00000259f255b778]
Event: 11.873 Thread 0x000002598742d000 10606       3       java.lang.invoke.LambdaForm$MH/0x0000000100193440::invokeExact_MT (29 bytes)
Event: 11.873 Thread 0x000002598742d000 nmethod 10606 0x00000259f255ba10 code [0x00000259f255bc20, 0x00000259f255c358]
Event: 11.873 Thread 0x000002598742d000 10607       3       java.lang.invoke.LambdaForm$DMH/0x000000010017e040::invokeSpecial (22 bytes)
Event: 11.874 Thread 0x000002598742d000 nmethod 10607 0x00000259f255c590 code [0x00000259f255c760, 0x00000259f255cb38]
Event: 11.874 Thread 0x000002598742d000 10608       3       sun.misc.Unsafe::compareAndSwapLong (13 bytes)
Event: 11.874 Thread 0x000002598742d000 nmethod 10608 0x00000259f255cc90 code [0x00000259f255ce40, 0x00000259f255cf58]

GC Heap History (20 events):
Event: 1.724 GC heap before
{Heap before GC invocations=1 (full 0):
 garbage-first heap   total 129024K, used 44509K [0x0000000082a00000, 0x0000000100000000)
  region size 1024K, 41 young (41984K), 3 survivors (3072K)
 Metaspace       used 21000K, capacity 21190K, committed 21248K, reserved 1069056K
  class space    used 2224K, capacity 2304K, committed 2304K, reserved 1048576K
}
Event: 1.739 GC heap after
{Heap after GC invocations=2 (full 0):
 garbage-first heap   total 129024K, used 10446K [0x0000000082a00000, 0x0000000100000000)
  region size 1024K, 7 young (7168K), 7 survivors (7168K)
 Metaspace       used 21000K, capacity 21190K, committed 21248K, reserved 1069056K
  class space    used 2224K, capacity 2304K, committed 2304K, reserved 1048576K
}
Event: 2.927 GC heap before
{Heap before GC invocations=3 (full 0):
 garbage-first heap   total 129024K, used 69838K [0x0000000082a00000, 0x0000000100000000)
  region size 1024K, 59 young (60416K), 7 survivors (7168K)
 Metaspace       used 33061K, capacity 33506K, committed 33792K, reserved 1079296K
  class space    used 4100K, capacity 4273K, committed 4352K, reserved 1048576K
}
Event: 2.948 GC heap after
{Heap after GC invocations=4 (full 0):
 garbage-first heap   total 129024K, used 23014K [0x0000000082a00000, 0x0000000100000000)
  region size 1024K, 8 young (8192K), 8 survivors (8192K)
 Metaspace       used 33061K, capacity 33506K, committed 33792K, reserved 1079296K
  class space    used 4100K, capacity 4273K, committed 4352K, reserved 1048576K
}
Event: 3.115 GC heap before
{Heap before GC invocations=4 (full 0):
 garbage-first heap   total 129024K, used 31206K [0x0000000082a00000, 0x0000000100000000)
  region size 1024K, 17 young (17408K), 8 survivors (8192K)
 Metaspace       used 35102K, capacity 35490K, committed 35628K, reserved 1081344K
  class space    used 4312K, capacity 4465K, committed 4480K, reserved 1048576K
}
Event: 3.140 GC heap after
{Heap after GC invocations=5 (full 0):
 garbage-first heap   total 129024K, used 24781K [0x0000000082a00000, 0x0000000100000000)
  region size 1024K, 2 young (2048K), 2 survivors (2048K)
 Metaspace       used 35102K, capacity 35490K, committed 35628K, reserved 1081344K
  class space    used 4312K, capacity 4465K, committed 4480K, reserved 1048576K
}
Event: 4.126 GC heap before
{Heap before GC invocations=6 (full 0):
 garbage-first heap   total 129024K, used 67789K [0x0000000082a00000, 0x0000000100000000)
  region size 1024K, 44 young (45056K), 2 survivors (2048K)
 Metaspace       used 43270K, capacity 43707K, committed 43948K, reserved 1087488K
  class space    used 5097K, capacity 5281K, committed 5376K, reserved 1048576K
}
Event: 4.135 GC heap after
{Heap after GC invocations=7 (full 0):
 garbage-first heap   total 157696K, used 26843K [0x0000000082a00000, 0x0000000100000000)
  region size 1024K, 6 young (6144K), 6 survivors (6144K)
 Metaspace       used 43270K, capacity 43707K, committed 43948K, reserved 1087488K
  class space    used 5097K, capacity 5281K, committed 5376K, reserved 1048576K
}
Event: 5.103 GC heap before
{Heap before GC invocations=7 (full 0):
 garbage-first heap   total 157696K, used 87259K [0x0000000082a00000, 0x0000000100000000)
  region size 1024K, 62 young (63488K), 6 survivors (6144K)
 Metaspace       used 49557K, capacity 50092K, committed 50220K, reserved 1093632K
  class space    used 5768K, capacity 5980K, committed 6016K, reserved 1048576K
}
Event: 5.120 GC heap after
{Heap after GC invocations=8 (full 0):
 garbage-first heap   total 157696K, used 35103K [0x0000000082a00000, 0x0000000100000000)
  region size 1024K, 7 young (7168K), 7 survivors (7168K)
 Metaspace       used 49557K, capacity 50092K, committed 50220K, reserved 1093632K
  class space    used 5768K, capacity 5980K, committed 6016K, reserved 1048576K
}
Event: 6.514 GC heap before
{Heap before GC invocations=8 (full 0):
 garbage-first heap   total 157696K, used 94495K [0x0000000082a00000, 0x0000000100000000)
  region size 1024K, 65 young (66560K), 7 survivors (7168K)
 Metaspace       used 56195K, capacity 56762K, committed 57004K, reserved 1099776K
  class space    used 6384K, capacity 6618K, committed 6656K, reserved 1048576K
}
Event: 6.535 GC heap after
{Heap after GC invocations=9 (full 0):
 garbage-first heap   total 157696K, used 43349K [0x0000000082a00000, 0x0000000100000000)
  region size 1024K, 9 young (9216K), 9 survivors (9216K)
 Metaspace       used 56195K, capacity 56762K, committed 57004K, reserved 1099776K
  class space    used 6384K, capacity 6618K, committed 6656K, reserved 1048576K
}
Event: 7.174 GC heap before
{Heap before GC invocations=9 (full 0):
 garbage-first heap   total 157696K, used 101717K [0x0000000082a00000, 0x0000000100000000)
  region size 1024K, 66 young (67584K), 9 survivors (9216K)
 Metaspace       used 58144K, capacity 58782K, committed 59052K, reserved 1101824K
  class space    used 6595K, capacity 6864K, committed 6912K, reserved 1048576K
}
Event: 7.194 GC heap after
{Heap after GC invocations=10 (full 0):
 garbage-first heap   total 157696K, used 48964K [0x0000000082a00000, 0x0000000100000000)
  region size 1024K, 6 young (6144K), 6 survivors (6144K)
 Metaspace       used 58144K, capacity 58782K, committed 59052K, reserved 1101824K
  class space    used 6595K, capacity 6864K, committed 6912K, reserved 1048576K
}
Event: 7.392 GC heap before
{Heap before GC invocations=10 (full 0):
 garbage-first heap   total 157696K, used 54084K [0x0000000082a00000, 0x0000000100000000)
  region size 1024K, 12 young (12288K), 6 survivors (6144K)
 Metaspace       used 58861K, capacity 59499K, committed 59564K, reserved 1101824K
  class space    used 6663K, capacity 6911K, committed 6912K, reserved 1048576K
}
Event: 7.403 GC heap after
{Heap after GC invocations=11 (full 0):
 garbage-first heap   total 189440K, used 50838K [0x0000000082a00000, 0x0000000100000000)
  region size 1024K, 2 young (2048K), 2 survivors (2048K)
 Metaspace       used 58861K, capacity 59499K, committed 59564K, reserved 1101824K
  class space    used 6663K, capacity 6911K, committed 6912K, reserved 1048576K
}
Event: 10.002 GC heap before
{Heap before GC invocations=12 (full 0):
 garbage-first heap   total 189440K, used 131734K [0x0000000082a00000, 0x0000000100000000)
  region size 1024K, 81 young (82944K), 2 survivors (2048K)
 Metaspace       used 70712K, capacity 71497K, committed 71704K, reserved 1112064K
  class space    used 7923K, capacity 8250K, committed 8320K, reserved 1048576K
}
Event: 10.020 GC heap after
{Heap after GC invocations=13 (full 0):
 garbage-first heap   total 189440K, used 59857K [0x0000000082a00000, 0x0000000100000000)
  region size 1024K, 11 young (11264K), 11 survivors (11264K)
 Metaspace       used 70712K, capacity 71497K, committed 71704K, reserved 1112064K
  class space    used 7923K, capacity 8250K, committed 8320K, reserved 1048576K
}
Event: 11.286 GC heap before
{Heap before GC invocations=13 (full 0):
 garbage-first heap   total 189440K, used 135633K [0x0000000082a00000, 0x0000000100000000)
  region size 1024K, 85 young (87040K), 11 survivors (11264K)
 Metaspace       used 79342K, capacity 80186K, committed 80280K, reserved 1120256K
  class space    used 8828K, capacity 9183K, committed 9216K, reserved 1048576K
}
Event: 11.317 GC heap after
{Heap after GC invocations=14 (full 0):
 garbage-first heap   total 189440K, used 67034K [0x0000000082a00000, 0x0000000100000000)
  region size 1024K, 8 young (8192K), 8 survivors (8192K)
 Metaspace       used 79342K, capacity 80186K, committed 80280K, reserved 1120256K
  class space    used 8828K, capacity 9183K, committed 9216K, reserved 1048576K
}

Deoptimization events (20 events):
Event: 11.564 Thread 0x00000259ec7ce800 Uncommon trap: trap_request=0xffffffde fr.pc=0x00000259f8238a34 relative=0x0000000000000254
Event: 11.564 Thread 0x00000259ec7ce800 Uncommon trap: reason=class_check action=maybe_recompile pc=0x00000259f8238a34 method=org.jetbrains.kotlin.utils.ThreadLocalDelegate.getValue(Ljava/lang/Object;Lkotlin/reflect/KProperty;)Ljava/lang/Object; @ 42 c2
Event: 11.564 Thread 0x00000259ec7ce800 DEOPT PACKING pc=0x00000259f8238a34 sp=0x000000c7f15fdda0
Event: 11.564 Thread 0x00000259ec7ce800 DEOPT UNPACKING pc=0x00000259f033a1af sp=0x000000c7f15fdd40 mode 2
Event: 11.618 Thread 0x00000259ec7ce800 Uncommon trap: trap_request=0xffffff4d fr.pc=0x00000259f811af1c relative=0x00000000000002dc
Event: 11.618 Thread 0x00000259ec7ce800 Uncommon trap: reason=unstable_if action=reinterpret pc=0x00000259f811af1c method=java.util.ArrayList.add(ILjava/lang/Object;)V @ 29 c2
Event: 11.618 Thread 0x00000259ec7ce800 DEOPT PACKING pc=0x00000259f811af1c sp=0x000000c7f15fdb10
Event: 11.618 Thread 0x00000259ec7ce800 DEOPT UNPACKING pc=0x00000259f033a1af sp=0x000000c7f15fdad8 mode 2
Event: 11.619 Thread 0x00000259ec7ce800 Uncommon trap: trap_request=0xffffff4d fr.pc=0x00000259f82d83d0 relative=0x0000000000000230
Event: 11.619 Thread 0x00000259ec7ce800 Uncommon trap: reason=unstable_if action=reinterpret pc=0x00000259f82d83d0 method=java.util.HashMap.clear()V @ 23 c2
Event: 11.619 Thread 0x00000259ec7ce800 DEOPT PACKING pc=0x00000259f82d83d0 sp=0x000000c7f15fddc0
Event: 11.619 Thread 0x00000259ec7ce800 DEOPT UNPACKING pc=0x00000259f033a1af sp=0x000000c7f15fdd68 mode 2
Event: 11.813 Thread 0x00000259ec7ce800 Uncommon trap: trap_request=0xffffff4d fr.pc=0x00000259f7f091b0 relative=0x0000000000000090
Event: 11.813 Thread 0x00000259ec7ce800 Uncommon trap: reason=unstable_if action=reinterpret pc=0x00000259f7f091b0 method=java.lang.StringLatin1.lastIndexOf([BI[BII)I @ 32 c2
Event: 11.813 Thread 0x00000259ec7ce800 DEOPT PACKING pc=0x00000259f7f091b0 sp=0x000000c7f15fde20
Event: 11.813 Thread 0x00000259ec7ce800 DEOPT UNPACKING pc=0x00000259f033a1af sp=0x000000c7f15fdd78 mode 2
Event: 11.833 Thread 0x00000259ec7ce800 Uncommon trap: trap_request=0xffffff4d fr.pc=0x00000259f7f78e68 relative=0x0000000000000e28
Event: 11.833 Thread 0x00000259ec7ce800 Uncommon trap: reason=unstable_if action=reinterpret pc=0x00000259f7f78e68 method=org.jetbrains.kotlin.metadata.ProtoBuf$Type.isInitialized()Z @ 7 c2
Event: 11.833 Thread 0x00000259ec7ce800 DEOPT PACKING pc=0x00000259f7f78e68 sp=0x000000c7f15fdb50
Event: 11.833 Thread 0x00000259ec7ce800 DEOPT UNPACKING pc=0x00000259f033a1af sp=0x000000c7f15fdaf0 mode 2

Classes redefined (0 events):
No events

Internal exceptions (20 events):
Event: 7.688 Thread 0x00000259ec7ce800 Exception <a 'java/lang/NoSuchMethodError'{0x000000008dbc8cc0}: 'java.lang.Object java.lang.invoke.DirectMethodHandle$Holder.invokeSpecial(java.lang.Object, java.lang.Object, java.lang.Object, java.lang.Object, java.lang.Object, int)'> (0x000000008dbc8cc0) thrown at [src/hotspot/share/interpreter/linkResolver.cpp, line 773]
Event: 7.688 Thread 0x00000259ec7ce800 Exception <a 'java/lang/NoSuchMethodError'{0x000000008dbccdb0}: 'java.lang.Object java.lang.invoke.Invokers$Holder.linkToTargetMethod(java.lang.Object, java.lang.Object, java.lang.Object, int, java.lang.Object)'> (0x000000008dbccdb0) thrown at [src/hotspot/share/interpreter/linkResolver.cpp, line 773]
Event: 7.764 Thread 0x00000259ec7ce800 Exception <a 'java/lang/NoSuchMethodError'{0x000000008d9cef20}: 'void java.lang.invoke.DirectMethodHandle$Holder.invokeInterface(java.lang.Object, java.lang.Object)'> (0x000000008d9cef20) thrown at [src/hotspot/share/interpreter/linkResolver.cpp, line 773]
Event: 7.826 Thread 0x00000259ec7ce800 Exception <a 'java/lang/IncompatibleClassChangeError'{0x000000008d77e4d0}: Found class java.lang.Object, but interface was expected> (0x000000008d77e4d0) thrown at [src/hotspot/share/interpreter/linkResolver.cpp, line 839]
Event: 8.089 Thread 0x00000259ec7ce800 Exception <a 'java/lang/NoSuchMethodError'{0x000000008d155428}: 'int java.lang.invoke.DirectMethodHandle$Holder.invokeStaticInit(java.lang.Object, int)'> (0x000000008d155428) thrown at [src/hotspot/share/interpreter/linkResolver.cpp, line 773]
Event: 8.862 Thread 0x00000259ec7ce800 Implicit null exception at 0x00000259f7e1baf5 to 0x00000259f7e1bcbc
Event: 8.977 Thread 0x00000259ec7ce800 Implicit null exception at 0x00000259f8161d81 to 0x00000259f8162080
Event: 8.978 Thread 0x00000259ec7ce800 Implicit null exception at 0x00000259f805bd77 to 0x00000259f805c044
Event: 9.079 Thread 0x00000259ec7ce800 Exception <a 'java/lang/NoSuchMethodError'{0x000000008b7be500}: 'java.lang.Object java.lang.invoke.DirectMethodHandle$Holder.invokeStaticInit(java.lang.Object, java.lang.Object, java.lang.Object, java.lang.Object)'> (0x000000008b7be500) thrown at [src/hotspot/share/interpreter/linkResolver.cpp, line 773]
Event: 9.375 Thread 0x00000259ec7ce800 Exception <a 'java/lang/NoSuchMethodError'{0x000000008aadd9a0}: 'java.lang.Object java.lang.invoke.DirectMethodHandle$Holder.invokeStatic(java.lang.Object, java.lang.Object, java.lang.Object, int, int, java.lang.Object, java.lang.Object, java.lang.Object)'> (0x000000008aadd9a0) thrown at [src/hotspot/share/interpreter/linkResolver.cpp, line 773]
Event: 9.376 Thread 0x00000259ec7ce800 Exception <a 'java/lang/NoSuchMethodError'{0x000000008aae7fb8}: 'java.lang.Object java.lang.invoke.DirectMethodHandle$Holder.invokeStatic(java.lang.Object, java.lang.Object, java.lang.Object, int, int)'> (0x000000008aae7fb8) thrown at [src/hotspot/share/interpreter/linkResolver.cpp, line 773]
Event: 9.377 Thread 0x00000259ec7ce800 Exception <a 'java/lang/NoSuchMethodError'{0x000000008aaeb798}: 'java.lang.Object java.lang.invoke.DirectMethodHandle$Holder.invokeSpecial(java.lang.Object, java.lang.Object, java.lang.Object, java.lang.Object, int, int)'> (0x000000008aaeb798) thrown at [src/hotspot/share/interpreter/linkResolver.cpp, line 773]
Event: 9.377 Thread 0x00000259ec7ce800 Exception <a 'java/lang/NoSuchMethodError'{0x000000008aaee8a0}: 'java.lang.Object java.lang.invoke.Invokers$Holder.linkToTargetMethod(java.lang.Object, java.lang.Object, int, int, java.lang.Object)'> (0x000000008aaee8a0) thrown at [src/hotspot/share/interpreter/linkResolver.cpp, line 773]
Event: 9.390 Thread 0x00000259ec7ce800 Exception <a 'java/lang/NoSuchMethodError'{0x000000008a94c7e0}: 'java.lang.Object java.lang.invoke.DirectMethodHandle$Holder.invokeStatic(java.lang.Object, java.lang.Object, java.lang.Object, int, int, java.lang.Object, java.lang.Object)'> (0x000000008a94c7e0) thrown at [src/hotspot/share/interpreter/linkResolver.cpp, line 773]
Event: 9.390 Thread 0x00000259ec7ce800 Exception <a 'java/lang/NoSuchMethodError'{0x000000008a9503f8}: 'java.lang.Object java.lang.invoke.DirectMethodHandle$Holder.invokeSpecial(java.lang.Object, java.lang.Object, java.lang.Object, java.lang.Object, int, int, java.lang.Object, java.lang.Object)'> (0x000000008a9503f8) thrown at [src/hotspot/share/interpreter/linkResolver.cpp, line 773]
Event: 9.391 Thread 0x00000259ec7ce800 Exception <a 'java/lang/NoSuchMethodError'{0x000000008a953808}: 'java.lang.Object java.lang.invoke.Invokers$Holder.linkToTargetMethod(java.lang.Object, java.lang.Object, int, int, java.lang.Object, java.lang.Object, java.lang.Object)'> (0x000000008a953808) thrown at [src/hotspot/share/interpreter/linkResolver.cpp, line 773]
Event: 9.408 Thread 0x00000259ec7ce800 Exception <a 'java/lang/NoSuchMethodError'{0x000000008a9c3188}: 'java.lang.Object java.lang.invoke.DirectMethodHandle$Holder.invokeStatic(java.lang.Object, java.lang.Object, java.lang.Object, int, int, java.lang.Object, java.lang.Object, java.lang.Object, java.lang.Object)'> (0x000000008a9c3188) thrown at [src/hotspot/share/interpreter/linkResolver.cpp, line 773]
Event: 9.408 Thread 0x00000259ec7ce800 Exception <a 'java/lang/NoSuchMethodError'{0x000000008a9cb228}: 'java.lang.Object java.lang.invoke.Invokers$Holder.linkToTargetMethod(java.lang.Object, java.lang.Object, int, int, java.lang.Object, java.lang.Object, java.lang.Object, java.lang.Object, java.lang.Object)'> (0x000000008a9cb228) thrown at [src/hotspot/share/interpreter/linkResolver.cpp, line 773]
Event: 9.970 Thread 0x00000259ec7ce800 Exception <a 'java/lang/NoSuchMethodError'{0x000000008935a758}: 'java.lang.Object java.lang.invoke.DirectMethodHandle$Holder.invokeSpecial(java.lang.Object, java.lang.Object, int, java.lang.Object, java.lang.Object)'> (0x000000008935a758) thrown at [src/hotspot/share/interpreter/linkResolver.cpp, line 773]
Event: 9.978 Thread 0x00000259ec7ce800 Implicit null exception at 0x00000259f7e295f4 to 0x00000259f7e2980c

Events (20 events):
Event: 11.829 loading class org/jetbrains/kotlin/resolve/MemberComparator$1
Event: 11.829 loading class org/jetbrains/kotlin/resolve/MemberComparator$1 done
Event: 11.830 loading class org/jetbrains/kotlin/metadata/ProtoBuf$Function$Builder
Event: 11.830 loading class org/jetbrains/kotlin/metadata/ProtoBuf$Function$Builder done
Event: 11.832 loading class org/jetbrains/kotlin/metadata/ProtoBuf$ValueParameter$Builder
Event: 11.832 loading class org/jetbrains/kotlin/metadata/ProtoBuf$ValueParameter$Builder done
Event: 11.833 loading class org/jetbrains/kotlin/resolve/calls/components/ArgumentsUtilsKt$isActualParameterWithAnyExpectedDefault$1
Event: 11.833 loading class org/jetbrains/kotlin/resolve/calls/components/ArgumentsUtilsKt$isActualParameterWithAnyExpectedDefault$1 done
Event: 11.869 loading class org/jetbrains/kotlin/codegen/binding/CodegenBinding
Event: 11.869 loading class org/jetbrains/kotlin/codegen/binding/CodegenBinding done
Event: 11.870 loading class org/jetbrains/kotlin/codegen/binding/CodegenAnnotatingVisitor
Event: 11.870 loading class org/jetbrains/kotlin/codegen/binding/CodegenAnnotatingVisitor done
Event: 11.873 loading class org/jetbrains/kotlin/serialization/DescriptorSerializer$hasInlineClassTypesInSignature$2$1
Event: 11.873 loading class org/jetbrains/kotlin/serialization/DescriptorSerializer$hasInlineClassTypesInSignature$2$1 done
Event: 11.874 loading class org/jetbrains/kotlin/codegen/DescriptorAsmUtil
Event: 11.874 loading class org/jetbrains/kotlin/codegen/DescriptorAsmUtil done
Event: 11.877 loading class org/jetbrains/kotlin/codegen/DescriptorAsmUtil$1
Event: 11.877 loading class org/jetbrains/kotlin/codegen/DescriptorAsmUtil$1 done
Event: 11.878 loading class org/jetbrains/kotlin/codegen/DescriptorAsmUtil$2
Event: 11.878 loading class org/jetbrains/kotlin/codegen/DescriptorAsmUtil$2 done


Dynamic libraries:
0x00007ff791f20000 - 0x00007ff791f2a000 	D:\Programas Nuevos\Android Studio\jbr\bin\java.exe
0x00007ffe8cbf0000 - 0x00007ffe8ce04000 	C:\WINDOWS\SYSTEM32\ntdll.dll
0x00007ffe8c300000 - 0x00007ffe8c3c3000 	C:\WINDOWS\System32\KERNEL32.DLL
0x00007ffe8a320000 - 0x00007ffe8a6bc000 	C:\WINDOWS\System32\KERNELBASE.dll
0x00007ffe8a200000 - 0x00007ffe8a311000 	C:\WINDOWS\System32\ucrtbase.dll
0x00007ffe84180000 - 0x00007ffe8419b000 	D:\Programas Nuevos\Android Studio\jbr\bin\VCRUNTIME140.dll
0x00007ffe83ca0000 - 0x00007ffe83cb7000 	D:\Programas Nuevos\Android Studio\jbr\bin\jli.dll
0x00007ffe8c5d0000 - 0x00007ffe8c77d000 	C:\WINDOWS\System32\USER32.dll
0x00007ffe7fa70000 - 0x00007ffe7fcfe000 	C:\WINDOWS\WinSxS\amd64_microsoft.windows.common-controls_6595b64144ccf1df_6.0.22621.608_none_a9444ca7c10bb01d\COMCTL32.dll
0x00007ffe8a150000 - 0x00007ffe8a176000 	C:\WINDOWS\System32\win32u.dll
0x00007ffe8b870000 - 0x00007ffe8b917000 	C:\WINDOWS\System32\msvcrt.dll
0x00007ffe8cb80000 - 0x00007ffe8cba9000 	C:\WINDOWS\System32\GDI32.dll
0x00007ffe8a030000 - 0x00007ffe8a142000 	C:\WINDOWS\System32\gdi32full.dll
0x00007ffe8a7f0000 - 0x00007ffe8a88a000 	C:\WINDOWS\System32\msvcp_win.dll
0x00007ffe8ae00000 - 0x00007ffe8ae32000 	C:\WINDOWS\System32\IMM32.DLL
0x00007ffe858f0000 - 0x00007ffe858fc000 	D:\Programas Nuevos\Android Studio\jbr\bin\vcruntime140_1.dll
0x00007ffe741b0000 - 0x00007ffe7423d000 	D:\Programas Nuevos\Android Studio\jbr\bin\msvcp140.dll
0x00007ffe1eb20000 - 0x00007ffe1f6dc000 	D:\Programas Nuevos\Android Studio\jbr\bin\server\jvm.dll
0x00007ffe8c920000 - 0x00007ffe8c9ce000 	C:\WINDOWS\System32\ADVAPI32.dll
0x00007ffe8c070000 - 0x00007ffe8c114000 	C:\WINDOWS\System32\sechost.dll
0x00007ffe8c1d0000 - 0x00007ffe8c2e5000 	C:\WINDOWS\System32\RPCRT4.dll
0x00007ffe8c060000 - 0x00007ffe8c068000 	C:\WINDOWS\System32\PSAPI.DLL
0x00007ffe3bc90000 - 0x00007ffe3bc99000 	C:\WINDOWS\SYSTEM32\WSOCK32.dll
0x00007ffe82b90000 - 0x00007ffe82bc4000 	C:\WINDOWS\SYSTEM32\WINMM.dll
0x00007ffe7f250000 - 0x00007ffe7f25a000 	C:\WINDOWS\SYSTEM32\VERSION.dll
0x00007ffe8ca20000 - 0x00007ffe8ca91000 	C:\WINDOWS\System32\WS2_32.dll
0x00007ffe89170000 - 0x00007ffe89188000 	C:\WINDOWS\SYSTEM32\kernel.appcore.dll
0x00007ffe87460000 - 0x00007ffe87470000 	D:\Programas Nuevos\Android Studio\jbr\bin\verify.dll
0x00007ffe7a310000 - 0x00007ffe7a53e000 	C:\WINDOWS\SYSTEM32\DBGHELP.DLL
0x00007ffe8aa60000 - 0x00007ffe8adea000 	C:\WINDOWS\System32\combase.dll
0x00007ffe8caa0000 - 0x00007ffe8cb77000 	C:\WINDOWS\System32\OLEAUT32.dll
0x00007ffe6b260000 - 0x00007ffe6b292000 	C:\WINDOWS\SYSTEM32\dbgcore.DLL
0x00007ffe8a180000 - 0x00007ffe8a1fb000 	C:\WINDOWS\System32\bcryptPrimitives.dll
0x00007ffe83fc0000 - 0x00007ffe83fe8000 	D:\Programas Nuevos\Android Studio\jbr\bin\java.dll
0x00007ffe87450000 - 0x00007ffe8745a000 	D:\Programas Nuevos\Android Studio\jbr\bin\jimage.dll
0x00007ffe85720000 - 0x00007ffe85738000 	D:\Programas Nuevos\Android Studio\jbr\bin\zip.dll
0x00007ffe8ae40000 - 0x00007ffe8b62f000 	C:\WINDOWS\System32\SHELL32.dll
0x00007ffe88050000 - 0x00007ffe88918000 	C:\WINDOWS\SYSTEM32\windows.storage.dll
0x00007ffe87f10000 - 0x00007ffe8804e000 	C:\WINDOWS\SYSTEM32\wintypes.dll
0x00007ffe8b630000 - 0x00007ffe8b721000 	C:\WINDOWS\System32\SHCORE.dll
0x00007ffe8aa00000 - 0x00007ffe8aa5e000 	C:\WINDOWS\System32\shlwapi.dll
0x00007ffe89f60000 - 0x00007ffe89f81000 	C:\WINDOWS\SYSTEM32\profapi.dll
0x00007ffe84210000 - 0x00007ffe84229000 	D:\Programas Nuevos\Android Studio\jbr\bin\net.dll
0x00007ffe82050000 - 0x00007ffe8217f000 	C:\WINDOWS\SYSTEM32\WINHTTP.dll
0x00007ffe895e0000 - 0x00007ffe89649000 	C:\WINDOWS\system32\mswsock.dll
0x00007ffe83ed0000 - 0x00007ffe83ee3000 	D:\Programas Nuevos\Android Studio\jbr\bin\nio.dll

dbghelp: loaded successfully - version: 4.0.5 - missing functions: none
symbol engine: initialized successfully - sym options: 0x614 - pdb path: .;D:\Programas Nuevos\Android Studio\jbr\bin;C:\WINDOWS\SYSTEM32;C:\WINDOWS\WinSxS\amd64_microsoft.windows.common-controls_6595b64144ccf1df_6.0.22621.608_none_a9444ca7c10bb01d;D:\Programas Nuevos\Android Studio\jbr\bin\server

VM Arguments:
java_command: org.jetbrains.kotlin.cli.jvm.K2JVMCompiler @D:\Usuarios\Santiago Mejia\Desarrollo_Movil\Proyecto_Movipet\app\build\20230306_13272692064504837198.compiler.options
java_class_path (initial): C:\Users\Santiago Mejia\.gradle\caches\modules-2\files-2.1\org.jetbrains.kotlin\kotlin-compiler-embeddable\1.8.0\eb9118d4bcceaa2a94b2ae2a33a4ddba7c9a947f\kotlin-compiler-embeddable-1.8.0.jar;C:\Users\Santiago Mejia\.gradle\caches\modules-2\files-2.1\org.jetbrains.kotlin\kotlin-stdlib\1.8.0\1796921c7a3e2e2665a83e6c8d33399336cd39bc\kotlin-stdlib-1.8.0.jar;C:\Users\Santiago Mejia\.gradle\caches\modules-2\files-2.1\org.jetbrains.kotlin\kotlin-script-runtime\1.8.0\b2f7e760d283cb339974851c222a4c1d48f2d3d\kotlin-script-runtime-1.8.0.jar;C:\Users\Santiago Mejia\.gradle\caches\modules-2\files-2.1\org.jetbrains.kotlin\kotlin-reflect\1.6.10\1cbe9c92c12a94eea200d23c2bbaedaf3daf5132\kotlin-reflect-1.6.10.jar;C:\Users\Santiago Mejia\.gradle\caches\modules-2\files-2.1\org.jetbrains.kotlin\kotlin-daemon-embeddable\1.8.0\d255216c551685dc3a7e852b53617f5f01aaaa5c\kotlin-daemon-embeddable-1.8.0.jar;C:\Users\Santiago Mejia\.gradle\caches\modules-2\files-2.1\org.jetbrains.intellij.deps\trove4j\1.0.20200330\3afb14d5f9ceb459d724e907a21145e8ff394f02\trove4j-1.0.20200330.jar;C:\Users\Santiago Mejia\.gradle\caches\modules-2\files-2.1\net.java.dev.jna\jna\5.6.0\330f2244e9030119ab3030fc3fededc86713d9cc\jna-5.6.0.jar;C:\Users\Santiago Mejia\.gradle\caches\modules-2\files-2.1\org.jetbrains.kotlin\kotlin-stdlib-common\1.8.0\f7197e7cc76453ac59f8b0f8d5137cc600becd36\kotlin-stdlib-common-1.8.0.jar;C:\Users\Santiago Mejia\.gradle\caches\modules-2\files-2.1\org.jetbrains\annotations\13.0\919f0dfe192fb4e063e7dacadee7f8bb9a2672a9\annotations-13.0.jar
Launcher Type: SUN_STANDARD

[Global flags]
     intx CICompilerCount                          = 4                                         {product} {ergonomic}
     uint ConcGCThreads                            = 2                                         {product} {ergonomic}
     uint G1ConcRefinementThreads                  = 8                                         {product} {ergonomic}
   size_t G1HeapRegionSize                         = 1048576                                   {product} {ergonomic}
    uintx GCDrainStackTargetSize                   = 64                                        {product} {ergonomic}
   size_t InitialHeapSize                          = 132120576                                 {product} {ergonomic}
   size_t MarkStackSize                            = 4194304                                   {product} {ergonomic}
   size_t MaxHeapSize                              = 2103443456                                {product} {ergonomic}
   size_t MaxNewSize                               = 1261436928                                {product} {ergonomic}
   size_t MinHeapDeltaBytes                        = 1048576                                   {product} {ergonomic}
    uintx NonNMethodCodeHeapSize                   = 5836300                                {pd product} {ergonomic}
    uintx NonProfiledCodeHeapSize                  = 122910970                              {pd product} {ergonomic}
    uintx ProfiledCodeHeapSize                     = 122910970                              {pd product} {ergonomic}
    uintx ReservedCodeCacheSize                    = 251658240                              {pd product} {ergonomic}
     bool SegmentedCodeCache                       = true                                      {product} {ergonomic}
     bool UseCompressedClassPointers               = true                                 {lp64_product} {ergonomic}
     bool UseCompressedOops                        = true                                 {lp64_product} {ergonomic}
     bool UseG1GC                                  = true                                      {product} {ergonomic}
     bool UseLargePagesIndividualAllocation        = false                                  {pd product} {ergonomic}

Logging:
Log output configuration:
 #0: stdout all=warning uptime,level,tags
 #1: stderr all=off uptime,level,tags

Environment Variables:
PATH=D:\Program Files\Scripts\;D:\Program Files\;C:\Program Files\CodeBlocks\MinGW\bin;C:\Program Files (x86)\Common Files\Oracle\Java\javapath;C:\WINDOWS\system32;C:\WINDOWS;C:\WINDOWS\System32\Wbem;C:\WINDOWS\System32\WindowsPowerShell\v1.0\;C:\WINDOWS\System32\OpenSSH\;C:\Program Files\Git\cmd;C:\ProgramData\chocolatey\bin;C:\Users\Santiago Mejia\AppData\Local\Microsoft\WindowsApps;;C:\Program Files\JetBrains\IntelliJ IDEA 2022.1.1\bin;;D:\CLion 2022.2.3\bin;
USERNAME=Santiago Mejia
OS=Windows_NT
PROCESSOR_IDENTIFIER=Intel64 Family 6 Model 142 Stepping 12, GenuineIntel



---------------  S Y S T E M  ---------------

OS: Windows 11 , 64 bit Build 22621 (10.0.22621.1194)
OS uptime: 7 days 1:02 hours

CPU:total 8 (initial active 8) (4 cores per cpu, 2 threads per core) family 6 model 142 stepping 12 microcode 0xde, cmov, cx8, fxsr, mmx, sse, sse2, sse3, ssse3, sse4.1, sse4.2, popcnt, avx, avx2, aes, clmul, erms, 3dnowpref, lzcnt, ht, tsc, tscinvbit, bmi1, bmi2, adx, fma

Memory: 4k page, system-wide physical 8020M (428M free)
TotalPageFile size 18260M (AvailPageFile size 8M)
current process WorkingSet (physical memory assigned to process): 405M, peak: 410M
current process commit charge ("private bytes"): 446M, peak: 451M

vm_info: OpenJDK 64-Bit Server VM (11.0.15+0-b2043.56-9505619) for windows-amd64 JRE (11.0.15+0-b2043.56-9505619), built on Jan 19 2023 02:48:00 by "builduser" with unknown MS VC++:1929

END.
