#
# There is insufficient memory for the Java Runtime Environment to continue.
# Native memory allocation (mmap) failed to map 32505856 bytes for Failed to commit area from 0x000000008c200000 to 0x000000008e100000 of length 32505856.
# Possible reasons:
#   The system is out of physical RAM or swap space
#   The process is running with CompressedOops enabled, and the Java Heap may be blocking the growth of the native heap
# Possible solutions:
#   Reduce memory load on the system
#   Increase physical memory or swap space
#   Check if swap backing store is full
#   Decrease Java heap size (-Xmx/-Xms)
#   Decrease number of Java threads
#   Decrease Java thread stack sizes (-Xss)
#   Set larger code cache with -XX:ReservedCodeCacheSize=
#   JVM is running with Unscaled Compressed Oops mode in which the Java heap is
#     placed in the first 4GB address space. The Java Heap base address is the
#     maximum limit for the native heap growth. Please use -XX:HeapBaseMinAddress
#     to set the Java Heap base and to place the Java Heap above 4GB virtual address.
# This output file may be truncated or incomplete.
#
#  Out of Memory Error (src/hotspot/os/windows/os_windows.cpp:3627), pid=19548, tid=1304
#
# JRE version: OpenJDK Runtime Environment (11.0.15) (build 11.0.15+0-b2043.56-9505619)
# Java VM: OpenJDK 64-Bit Server VM (11.0.15+0-b2043.56-9505619, mixed mode, tiered, compressed oops, g1 gc, windows-amd64)
# No core dump will be written. Minidumps are not enabled by default on client versions of Windows
#

---------------  S U M M A R Y ------------

Command Line: org.jetbrains.kotlin.cli.jvm.K2JVMCompiler @D:\Usuarios\Santiago Mejia\Desarrollo_Movil\Proyecto_Movipet\app\build\20230306_18117384372976594282.compiler.options

Host: Intel(R) Core(TM) i5-10210U CPU @ 1.60GHz, 8 cores, 7G,  Windows 11 , 64 bit Build 22621 (10.0.22621.1194)
Time: Mon Mar  6 12:23:59 2023 Hora est. Pacífico, Sudamérica elapsed time: 9.345615 seconds (0d 0h 0m 9s)

---------------  T H R E A D  ---------------

Current thread (0x00000213d1f37800):  VMThread "VM Thread" [stack: 0x0000001ed6f00000,0x0000001ed7000000] [id=1304]

Stack: [0x0000001ed6f00000,0x0000001ed7000000]
[error occurred during error reporting (printing stack bounds), id 0xc0000005, EXCEPTION_ACCESS_VIOLATION (0xc0000005) at pc=0x00000213bb74112d]

Native frames: (J=compiled Java code, j=interpreted, Vv=VM code, C=native code)
V  [jvm.dll+0x64135a]
V  [jvm.dll+0x7d39f9]
V  [jvm.dll+0x7d51b9]
V  [jvm.dll+0x7d5805]
V  [jvm.dll+0x7d57bb]
V  [jvm.dll+0x640655]
V  [jvm.dll+0x640d68]
C  [ntdll.dll+0xa3eaf]
C  [ntdll.dll+0x1eae6]
C  [ntdll.dll+0xa2e9e]
C  0x00000213bb74112d

VM_Operation (0x0000001ed69fc500): CollectForMetadataAllocation, mode: safepoint, requested by thread 0x00000213b7c1e000


---------------  P R O C E S S  ---------------

Threads class SMR info:
_java_thread_list=0x00000213d4bac820, length=12, elements={
0x00000213b7c1e000, 0x00000213d1f6c000, 0x00000213d1f6d000, 0x00000213d2784800,
0x00000213d2786800, 0x00000213d278a000, 0x00000213d278b000, 0x00000213d278d000,
0x00000213d27da800, 0x00000213d294b000, 0x00000213d40f6800, 0x00000213d7896800
}

Java Threads: ( => current thread )
  0x00000213b7c1e000 JavaThread "main" [_thread_blocked, id=9404, stack(0x0000001ed6900000,0x0000001ed6a00000)]
  0x00000213d1f6c000 JavaThread "Reference Handler" daemon [_thread_blocked, id=5408, stack(0x0000001ed7000000,0x0000001ed7100000)]
  0x00000213d1f6d000 JavaThread "Finalizer" daemon [_thread_blocked, id=19260, stack(0x0000001ed7100000,0x0000001ed7200000)]
  0x00000213d2784800 JavaThread "Signal Dispatcher" daemon [_thread_blocked, id=19492, stack(0x0000001ed7200000,0x0000001ed7300000)]
  0x00000213d2786800 JavaThread "Attach Listener" daemon [_thread_blocked, id=10032, stack(0x0000001ed7300000,0x0000001ed7400000)]
  0x00000213d278a000 JavaThread "Service Thread" daemon [_thread_blocked, id=10276, stack(0x0000001ed7400000,0x0000001ed7500000)]
  0x00000213d278b000 JavaThread "C2 CompilerThread0" daemon [_thread_blocked, id=21308, stack(0x0000001ed7500000,0x0000001ed7600000)]
  0x00000213d278d000 JavaThread "C1 CompilerThread0" daemon [_thread_blocked, id=21104, stack(0x0000001ed7600000,0x0000001ed7700000)]
  0x00000213d27da800 JavaThread "Sweeper thread" daemon [_thread_blocked, id=17816, stack(0x0000001ed7700000,0x0000001ed7800000)]
  0x00000213d294b000 JavaThread "Common-Cleaner" daemon [_thread_blocked, id=19996, stack(0x0000001ed7900000,0x0000001ed7a00000)]
  0x00000213d40f6800 JavaThread "C2 CompilerThread1" daemon [_thread_blocked, id=22208, stack(0x0000001ed7b00000,0x0000001ed7c00000)]
  0x00000213d7896800 JavaThread "C2 CompilerThread2" daemon [_thread_blocked, id=12084, stack(0x0000001ed7e00000,0x0000001ed7f00000)]

Other Threads:
=>0x00000213d1f37800 VMThread "VM Thread" [stack: 0x0000001ed6f00000,0x0000001ed7000000] [id=1304]
  0x00000213d294e000 WatcherThread [stack: 0x0000001ed7800000,0x0000001ed7900000] [id=9692]
  0x00000213b7c35800 GCTaskThread "GC Thread#0" [stack: 0x0000001ed6a00000,0x0000001ed6b00000] [id=10072]
  0x00000213d3084000 GCTaskThread "GC Thread#1" [stack: 0x0000001ed7c00000,0x0000001ed7d00000] [id=5992]
  0x00000213d2ec0800 GCTaskThread "GC Thread#2" [stack: 0x0000001ed7d00000,0x0000001ed7e00000] [id=15900]
  0x00000213b7c65000 ConcurrentGCThread "G1 Main Marker" [stack: 0x0000001ed6b00000,0x0000001ed6c00000] [id=14788]
  0x00000213b7c67000 ConcurrentGCThread "G1 Conc#0" [stack: 0x0000001ed6c00000,0x0000001ed6d00000] [id=15148]
  0x00000213d3cfc800 ConcurrentGCThread "G1 Conc#1" [stack: 0x0000001ed7a00000,0x0000001ed7b00000] [id=17040]
  0x00000213d1da2800 ConcurrentGCThread "G1 Refine#0" [stack: 0x0000001ed6d00000,0x0000001ed6e00000] [id=15140]
  0x00000213d3eab000 ConcurrentGCThread "G1 Refine#1" [stack: 0x0000001ed7f00000,0x0000001ed8000000] [id=3032]
  0x00000213d1da5800 ConcurrentGCThread "G1 Young RemSet Sampling" [stack: 0x0000001ed6e00000,0x0000001ed6f00000] [id=1784]

Threads with active compile tasks:

VM state:at safepoint (normal execution)

VM Mutex/Monitor currently owned by a thread:  ([mutex/lock_event])
[0x00000213b7c19520] Threads_lock - owner thread: 0x00000213d1f37800
[0x00000213b7c19400] Heap_lock - owner thread: 0x00000213b7c1e000

Heap address: 0x0000000082a00000, size: 2006 MB, Compressed Oops mode: 32-bit
Narrow klass base: 0x0000000000000000, Narrow klass shift: 3
Compressed class space size: 1073741824 Address: 0x0000000100000000

Heap:
 garbage-first heap   total 187392K, used 54714K [0x0000000082a00000, 0x0000000100000000)
  region size 1024K, 8 young (8192K), 8 survivors (8192K)
 Metaspace       used 68581K, capacity 69356K, committed 69416K, reserved 1116160K
  class space    used 7733K, capacity 8062K, committed 8064K, reserved 1048576K
Heap Regions: E=young(eden), S=young(survivor), O=old, HS=humongous(starts), HC=humongous(continues), CS=collection set, F=free, A=archive, TAMS=top-at-mark-start (previous, next)
|   0|0x0000000082a00000, 0x0000000082b00000, 0x0000000082b00000|100%|HS|  |TAMS 0x0000000082b00000, 0x0000000082b00000| Complete 
|   1|0x0000000082b00000, 0x0000000082c00000, 0x0000000082c00000|100%|HC|  |TAMS 0x0000000082c00000, 0x0000000082c00000| Complete 
|   2|0x0000000082c00000, 0x0000000082d00000, 0x0000000082d00000|100%|HC|  |TAMS 0x0000000082d00000, 0x0000000082d00000| Complete 
|   3|0x0000000082d00000, 0x0000000082e00000, 0x0000000082e00000|100%|HC|  |TAMS 0x0000000082e00000, 0x0000000082e00000| Complete 
|   4|0x0000000082e00000, 0x0000000082f00000, 0x0000000082f00000|100%|HS|  |TAMS 0x0000000082f00000, 0x0000000082f00000| Complete 
|   5|0x0000000082f00000, 0x0000000083000000, 0x0000000083000000|100%|HC|  |TAMS 0x0000000083000000, 0x0000000083000000| Complete 
|   6|0x0000000083000000, 0x0000000083100000, 0x0000000083100000|100%|HC|  |TAMS 0x0000000083100000, 0x0000000083100000| Complete 
|   7|0x0000000083100000, 0x0000000083200000, 0x0000000083200000|100%|HC|  |TAMS 0x0000000083200000, 0x0000000083200000| Complete 
|   8|0x0000000083200000, 0x0000000083300000, 0x0000000083300000|100%|HS|  |TAMS 0x0000000083300000, 0x0000000083300000| Complete 
|   9|0x0000000083300000, 0x0000000083400000, 0x0000000083400000|100%|HC|  |TAMS 0x0000000083400000, 0x0000000083400000| Complete 
|  10|0x0000000083400000, 0x0000000083500000, 0x0000000083500000|100%| O|  |TAMS 0x0000000083500000, 0x0000000083500000| Untracked 
|  11|0x0000000083500000, 0x0000000083600000, 0x0000000083600000|100%| O|  |TAMS 0x0000000083600000, 0x0000000083600000| Untracked 
|  12|0x0000000083600000, 0x0000000083700000, 0x0000000083700000|100%| O|  |TAMS 0x0000000083700000, 0x0000000083700000| Untracked 
|  13|0x0000000083700000, 0x0000000083800000, 0x0000000083800000|100%| O|  |TAMS 0x0000000083800000, 0x0000000083800000| Untracked 
|  14|0x0000000083800000, 0x0000000083900000, 0x0000000083900000|100%| O|  |TAMS 0x0000000083900000, 0x0000000083900000| Untracked 
|  15|0x0000000083900000, 0x0000000083a00000, 0x0000000083a00000|100%| O|  |TAMS 0x0000000083a00000, 0x0000000083a00000| Untracked 
|  16|0x0000000083a00000, 0x0000000083b00000, 0x0000000083b00000|100%| O|  |TAMS 0x0000000083b00000, 0x0000000083b00000| Untracked 
|  17|0x0000000083b00000, 0x0000000083c00000, 0x0000000083c00000|100%| O|  |TAMS 0x0000000083c00000, 0x0000000083c00000| Untracked 
|  18|0x0000000083c00000, 0x0000000083d00000, 0x0000000083d00000|100%| O|  |TAMS 0x0000000083d00000, 0x0000000083d00000| Untracked 
|  19|0x0000000083d00000, 0x0000000083e00000, 0x0000000083e00000|100%| O|  |TAMS 0x0000000083e00000, 0x0000000083e00000| Untracked 
|  20|0x0000000083e00000, 0x0000000083f00000, 0x0000000083f00000|100%| O|  |TAMS 0x0000000083f00000, 0x0000000083f00000| Untracked 
|  21|0x0000000083f00000, 0x0000000084000000, 0x0000000084000000|100%| O|  |TAMS 0x0000000084000000, 0x0000000084000000| Untracked 
|  22|0x0000000084000000, 0x0000000084100000, 0x0000000084100000|100%| O|  |TAMS 0x0000000084100000, 0x0000000084100000| Untracked 
|  23|0x0000000084100000, 0x0000000084200000, 0x0000000084200000|100%| O|  |TAMS 0x0000000084200000, 0x0000000084200000| Untracked 
|  24|0x0000000084200000, 0x0000000084300000, 0x0000000084300000|100%| O|  |TAMS 0x0000000084300000, 0x0000000084300000| Untracked 
|  25|0x0000000084300000, 0x0000000084400000, 0x0000000084400000|100%| O|  |TAMS 0x0000000084400000, 0x0000000084400000| Untracked 
|  26|0x0000000084400000, 0x0000000084500000, 0x0000000084500000|100%| O|  |TAMS 0x0000000084500000, 0x0000000084500000| Untracked 
|  27|0x0000000084500000, 0x0000000084600000, 0x0000000084600000|100%| O|  |TAMS 0x0000000084600000, 0x0000000084600000| Untracked 
|  28|0x0000000084600000, 0x0000000084700000, 0x0000000084700000|100%| O|  |TAMS 0x0000000084700000, 0x0000000084700000| Untracked 
|  29|0x0000000084700000, 0x0000000084800000, 0x0000000084800000|100%| O|  |TAMS 0x0000000084800000, 0x0000000084800000| Untracked 
|  30|0x0000000084800000, 0x0000000084900000, 0x0000000084900000|100%| O|  |TAMS 0x0000000084900000, 0x0000000084900000| Untracked 
|  31|0x0000000084900000, 0x0000000084a00000, 0x0000000084a00000|100%| O|  |TAMS 0x0000000084a00000, 0x0000000084a00000| Untracked 
|  32|0x0000000084a00000, 0x0000000084b00000, 0x0000000084b00000|100%| O|  |TAMS 0x0000000084b00000, 0x0000000084b00000| Untracked 
|  33|0x0000000084b00000, 0x0000000084c00000, 0x0000000084c00000|100%| O|  |TAMS 0x0000000084c00000, 0x0000000084c00000| Untracked 
|  34|0x0000000084c00000, 0x0000000084d00000, 0x0000000084d00000|100%| O|  |TAMS 0x0000000084d00000, 0x0000000084d00000| Untracked 
|  35|0x0000000084d00000, 0x0000000084e00000, 0x0000000084e00000|100%| O|  |TAMS 0x0000000084e00000, 0x0000000084e00000| Untracked 
|  36|0x0000000084e00000, 0x0000000084f00000, 0x0000000084f00000|100%| O|  |TAMS 0x0000000084f00000, 0x0000000084f00000| Untracked 
|  37|0x0000000084f00000, 0x0000000085000000, 0x0000000085000000|100%| O|  |TAMS 0x0000000085000000, 0x0000000085000000| Untracked 
|  38|0x0000000085000000, 0x0000000085100000, 0x0000000085100000|100%| O|  |TAMS 0x0000000085100000, 0x0000000085100000| Untracked 
|  39|0x0000000085100000, 0x0000000085200000, 0x0000000085200000|100%| O|  |TAMS 0x0000000085200000, 0x0000000085200000| Untracked 
|  40|0x0000000085200000, 0x0000000085300000, 0x0000000085300000|100%| O|  |TAMS 0x0000000085300000, 0x0000000085300000| Untracked 
|  41|0x0000000085300000, 0x0000000085400000, 0x0000000085400000|100%| O|  |TAMS 0x0000000085400000, 0x0000000085400000| Untracked 
|  42|0x0000000085400000, 0x0000000085500000, 0x0000000085500000|100%| O|  |TAMS 0x0000000085500000, 0x0000000085500000| Untracked 
|  43|0x0000000085500000, 0x0000000085600000, 0x0000000085600000|100%| O|  |TAMS 0x0000000085600000, 0x0000000085600000| Untracked 
|  44|0x0000000085600000, 0x0000000085700000, 0x0000000085700000|100%| O|  |TAMS 0x0000000085700000, 0x0000000085700000| Untracked 
|  45|0x0000000085700000, 0x000000008576e800, 0x0000000085800000| 43%| O|  |TAMS 0x000000008576e800, 0x000000008576e800| Untracked 
|  46|0x0000000085800000, 0x0000000085800000, 0x0000000085900000|  0%| F|  |TAMS 0x0000000085800000, 0x0000000085800000| Untracked 
|  47|0x0000000085900000, 0x0000000085900000, 0x0000000085a00000|  0%| F|  |TAMS 0x0000000085900000, 0x0000000085900000| Untracked 
|  48|0x0000000085a00000, 0x0000000085a00000, 0x0000000085b00000|  0%| F|  |TAMS 0x0000000085a00000, 0x0000000085a00000| Untracked 
|  49|0x0000000085b00000, 0x0000000085b00000, 0x0000000085c00000|  0%| F|  |TAMS 0x0000000085b00000, 0x0000000085b00000| Untracked 
|  50|0x0000000085c00000, 0x0000000085c00000, 0x0000000085d00000|  0%| F|  |TAMS 0x0000000085c00000, 0x0000000085c00000| Untracked 
|  51|0x0000000085d00000, 0x0000000085d00000, 0x0000000085e00000|  0%| F|  |TAMS 0x0000000085d00000, 0x0000000085d00000| Untracked 
|  52|0x0000000085e00000, 0x0000000085e00000, 0x0000000085f00000|  0%| F|  |TAMS 0x0000000085e00000, 0x0000000085e00000| Untracked 
|  53|0x0000000085f00000, 0x0000000085f00000, 0x0000000086000000|  0%| F|  |TAMS 0x0000000085f00000, 0x0000000085f00000| Untracked 
|  54|0x0000000086000000, 0x0000000086000000, 0x0000000086100000|  0%| F|  |TAMS 0x0000000086000000, 0x0000000086000000| Untracked 
|  55|0x0000000086100000, 0x0000000086100000, 0x0000000086200000|  0%| F|  |TAMS 0x0000000086100000, 0x0000000086100000| Untracked 
|  56|0x0000000086200000, 0x0000000086200000, 0x0000000086300000|  0%| F|  |TAMS 0x0000000086200000, 0x0000000086200000| Untracked 
|  57|0x0000000086300000, 0x0000000086300000, 0x0000000086400000|  0%| F|  |TAMS 0x0000000086300000, 0x0000000086300000| Untracked 
|  58|0x0000000086400000, 0x0000000086400000, 0x0000000086500000|  0%| F|  |TAMS 0x0000000086400000, 0x0000000086400000| Untracked 
|  59|0x0000000086500000, 0x0000000086500000, 0x0000000086600000|  0%| F|  |TAMS 0x0000000086500000, 0x0000000086500000| Untracked 
|  60|0x0000000086600000, 0x0000000086600000, 0x0000000086700000|  0%| F|  |TAMS 0x0000000086600000, 0x0000000086600000| Untracked 
|  61|0x0000000086700000, 0x0000000086700000, 0x0000000086800000|  0%| F|  |TAMS 0x0000000086700000, 0x0000000086700000| Untracked 
|  62|0x0000000086800000, 0x0000000086800000, 0x0000000086900000|  0%| F|  |TAMS 0x0000000086800000, 0x0000000086800000| Untracked 
|  63|0x0000000086900000, 0x0000000086900000, 0x0000000086a00000|  0%| F|  |TAMS 0x0000000086900000, 0x0000000086900000| Untracked 
|  64|0x0000000086a00000, 0x0000000086a00000, 0x0000000086b00000|  0%| F|  |TAMS 0x0000000086a00000, 0x0000000086a00000| Untracked 
|  65|0x0000000086b00000, 0x0000000086b00000, 0x0000000086c00000|  0%| F|  |TAMS 0x0000000086b00000, 0x0000000086b00000| Untracked 
|  66|0x0000000086c00000, 0x0000000086c00000, 0x0000000086d00000|  0%| F|  |TAMS 0x0000000086c00000, 0x0000000086c00000| Untracked 
|  67|0x0000000086d00000, 0x0000000086d00000, 0x0000000086e00000|  0%| F|  |TAMS 0x0000000086d00000, 0x0000000086d00000| Untracked 
|  68|0x0000000086e00000, 0x0000000086e00000, 0x0000000086f00000|  0%| F|  |TAMS 0x0000000086e00000, 0x0000000086e00000| Untracked 
|  69|0x0000000086f00000, 0x0000000086f00000, 0x0000000087000000|  0%| F|  |TAMS 0x0000000086f00000, 0x0000000086f00000| Untracked 
|  70|0x0000000087000000, 0x0000000087000000, 0x0000000087100000|  0%| F|  |TAMS 0x0000000087000000, 0x0000000087000000| Untracked 
|  71|0x0000000087100000, 0x0000000087100000, 0x0000000087200000|  0%| F|  |TAMS 0x0000000087100000, 0x0000000087100000| Untracked 
|  72|0x0000000087200000, 0x0000000087200000, 0x0000000087300000|  0%| F|  |TAMS 0x0000000087200000, 0x0000000087200000| Untracked 
|  73|0x0000000087300000, 0x0000000087300000, 0x0000000087400000|  0%| F|  |TAMS 0x0000000087300000, 0x0000000087300000| Untracked 
|  74|0x0000000087400000, 0x0000000087400000, 0x0000000087500000|  0%| F|  |TAMS 0x0000000087400000, 0x0000000087400000| Untracked 
|  75|0x0000000087500000, 0x0000000087500000, 0x0000000087600000|  0%| F|  |TAMS 0x0000000087500000, 0x0000000087500000| Untracked 
|  76|0x0000000087600000, 0x0000000087600000, 0x0000000087700000|  0%| F|  |TAMS 0x0000000087600000, 0x0000000087600000| Untracked 
|  77|0x0000000087700000, 0x0000000087700000, 0x0000000087800000|  0%| F|  |TAMS 0x0000000087700000, 0x0000000087700000| Untracked 
|  78|0x0000000087800000, 0x0000000087800000, 0x0000000087900000|  0%| F|  |TAMS 0x0000000087800000, 0x0000000087800000| Untracked 
|  79|0x0000000087900000, 0x0000000087900000, 0x0000000087a00000|  0%| F|  |TAMS 0x0000000087900000, 0x0000000087900000| Untracked 
|  80|0x0000000087a00000, 0x0000000087a00000, 0x0000000087b00000|  0%| F|  |TAMS 0x0000000087a00000, 0x0000000087a00000| Untracked 
|  81|0x0000000087b00000, 0x0000000087b00000, 0x0000000087c00000|  0%| F|  |TAMS 0x0000000087b00000, 0x0000000087b00000| Untracked 
|  82|0x0000000087c00000, 0x0000000087c00000, 0x0000000087d00000|  0%| F|  |TAMS 0x0000000087c00000, 0x0000000087c00000| Untracked 
|  83|0x0000000087d00000, 0x0000000087d00000, 0x0000000087e00000|  0%| F|  |TAMS 0x0000000087d00000, 0x0000000087d00000| Untracked 
|  84|0x0000000087e00000, 0x0000000087e00000, 0x0000000087f00000|  0%| F|  |TAMS 0x0000000087e00000, 0x0000000087e00000| Untracked 
|  85|0x0000000087f00000, 0x0000000087f00000, 0x0000000088000000|  0%| F|  |TAMS 0x0000000087f00000, 0x0000000087f00000| Untracked 
|  86|0x0000000088000000, 0x0000000088000000, 0x0000000088100000|  0%| F|  |TAMS 0x0000000088000000, 0x0000000088000000| Untracked 
|  87|0x0000000088100000, 0x0000000088100000, 0x0000000088200000|  0%| F|  |TAMS 0x0000000088100000, 0x0000000088100000| Untracked 
|  88|0x0000000088200000, 0x0000000088200000, 0x0000000088300000|  0%| F|  |TAMS 0x0000000088200000, 0x0000000088200000| Untracked 
|  89|0x0000000088300000, 0x0000000088300000, 0x0000000088400000|  0%| F|  |TAMS 0x0000000088300000, 0x0000000088300000| Untracked 
|  90|0x0000000088400000, 0x0000000088500000, 0x0000000088500000|100%| S|CS|TAMS 0x0000000088400000, 0x0000000088400000| Complete 
|  91|0x0000000088500000, 0x0000000088600000, 0x0000000088600000|100%| S|CS|TAMS 0x0000000088500000, 0x0000000088500000| Complete 
|  92|0x0000000088600000, 0x0000000088700000, 0x0000000088700000|100%| S|CS|TAMS 0x0000000088600000, 0x0000000088600000| Complete 
|  93|0x0000000088700000, 0x0000000088800000, 0x0000000088800000|100%| S|CS|TAMS 0x0000000088700000, 0x0000000088700000| Complete 
|  94|0x0000000088800000, 0x0000000088900000, 0x0000000088900000|100%| S|CS|TAMS 0x0000000088800000, 0x0000000088800000| Complete 
|  95|0x0000000088900000, 0x0000000088a00000, 0x0000000088a00000|100%| S|CS|TAMS 0x0000000088900000, 0x0000000088900000| Complete 
|  96|0x0000000088a00000, 0x0000000088b00000, 0x0000000088b00000|100%| S|CS|TAMS 0x0000000088a00000, 0x0000000088a00000| Complete 
|  97|0x0000000088b00000, 0x0000000088c00000, 0x0000000088c00000|100%| S|CS|TAMS 0x0000000088b00000, 0x0000000088b00000| Complete 
|  98|0x0000000088c00000, 0x0000000088c00000, 0x0000000088d00000|  0%| F|  |TAMS 0x0000000088c00000, 0x0000000088c00000| Untracked 
|  99|0x0000000088d00000, 0x0000000088d00000, 0x0000000088e00000|  0%| F|  |TAMS 0x0000000088d00000, 0x0000000088d00000| Untracked 
| 100|0x0000000088e00000, 0x0000000088e00000, 0x0000000088f00000|  0%| F|  |TAMS 0x0000000088e00000, 0x0000000088e00000| Untracked 
| 101|0x0000000088f00000, 0x0000000088f00000, 0x0000000089000000|  0%| F|  |TAMS 0x0000000088f00000, 0x0000000088f00000| Untracked 
| 102|0x0000000089000000, 0x0000000089000000, 0x0000000089100000|  0%| F|  |TAMS 0x0000000089000000, 0x0000000089000000| Untracked 
| 103|0x0000000089100000, 0x0000000089100000, 0x0000000089200000|  0%| F|  |TAMS 0x0000000089100000, 0x0000000089100000| Untracked 
| 104|0x0000000089200000, 0x0000000089200000, 0x0000000089300000|  0%| F|  |TAMS 0x0000000089200000, 0x0000000089200000| Untracked 
| 105|0x0000000089300000, 0x0000000089300000, 0x0000000089400000|  0%| F|  |TAMS 0x0000000089300000, 0x0000000089300000| Untracked 
| 106|0x0000000089400000, 0x0000000089400000, 0x0000000089500000|  0%| F|  |TAMS 0x0000000089400000, 0x0000000089400000| Untracked 
| 107|0x0000000089500000, 0x0000000089500000, 0x0000000089600000|  0%| F|  |TAMS 0x0000000089500000, 0x0000000089500000| Untracked 
| 108|0x0000000089600000, 0x0000000089600000, 0x0000000089700000|  0%| F|  |TAMS 0x0000000089600000, 0x0000000089600000| Untracked 
| 109|0x0000000089700000, 0x0000000089700000, 0x0000000089800000|  0%| F|  |TAMS 0x0000000089700000, 0x0000000089700000| Untracked 
| 110|0x0000000089800000, 0x0000000089800000, 0x0000000089900000|  0%| F|  |TAMS 0x0000000089800000, 0x0000000089800000| Untracked 
| 111|0x0000000089900000, 0x0000000089900000, 0x0000000089a00000|  0%| F|  |TAMS 0x0000000089900000, 0x0000000089900000| Untracked 
| 112|0x0000000089a00000, 0x0000000089a00000, 0x0000000089b00000|  0%| F|  |TAMS 0x0000000089a00000, 0x0000000089a00000| Untracked 
| 113|0x0000000089b00000, 0x0000000089b00000, 0x0000000089c00000|  0%| F|  |TAMS 0x0000000089b00000, 0x0000000089b00000| Untracked 
| 114|0x0000000089c00000, 0x0000000089c00000, 0x0000000089d00000|  0%| F|  |TAMS 0x0000000089c00000, 0x0000000089c00000| Untracked 
| 115|0x0000000089d00000, 0x0000000089d00000, 0x0000000089e00000|  0%| F|  |TAMS 0x0000000089d00000, 0x0000000089d00000| Untracked 
| 116|0x0000000089e00000, 0x0000000089e00000, 0x0000000089f00000|  0%| F|  |TAMS 0x0000000089e00000, 0x0000000089e00000| Untracked 
| 117|0x0000000089f00000, 0x0000000089f00000, 0x000000008a000000|  0%| F|  |TAMS 0x0000000089f00000, 0x0000000089f00000| Untracked 
| 118|0x000000008a000000, 0x000000008a000000, 0x000000008a100000|  0%| F|  |TAMS 0x000000008a000000, 0x000000008a000000| Untracked 
| 119|0x000000008a100000, 0x000000008a100000, 0x000000008a200000|  0%| F|  |TAMS 0x000000008a100000, 0x000000008a100000| Untracked 
| 120|0x000000008a200000, 0x000000008a200000, 0x000000008a300000|  0%| F|  |TAMS 0x000000008a200000, 0x000000008a200000| Untracked 
| 121|0x000000008a300000, 0x000000008a300000, 0x000000008a400000|  0%| F|  |TAMS 0x000000008a300000, 0x000000008a300000| Untracked 
| 122|0x000000008a400000, 0x000000008a400000, 0x000000008a500000|  0%| F|  |TAMS 0x000000008a400000, 0x000000008a400000| Untracked 
| 123|0x000000008a500000, 0x000000008a500000, 0x000000008a600000|  0%| F|  |TAMS 0x000000008a500000, 0x000000008a500000| Untracked 
| 124|0x000000008a600000, 0x000000008a600000, 0x000000008a700000|  0%| F|  |TAMS 0x000000008a600000, 0x000000008a600000| Untracked 
| 125|0x000000008a700000, 0x000000008a700000, 0x000000008a800000|  0%| F|  |TAMS 0x000000008a700000, 0x000000008a700000| Untracked 
| 126|0x000000008a800000, 0x000000008a800000, 0x000000008a900000|  0%| F|  |TAMS 0x000000008a800000, 0x000000008a800000| Untracked 
| 127|0x000000008a900000, 0x000000008a900000, 0x000000008aa00000|  0%| F|  |TAMS 0x000000008a900000, 0x000000008a900000| Untracked 
| 128|0x000000008aa00000, 0x000000008aa00000, 0x000000008ab00000|  0%| F|  |TAMS 0x000000008aa00000, 0x000000008aa00000| Untracked 
| 129|0x000000008ab00000, 0x000000008ab00000, 0x000000008ac00000|  0%| F|  |TAMS 0x000000008ab00000, 0x000000008ab00000| Untracked 
| 130|0x000000008ac00000, 0x000000008ac00000, 0x000000008ad00000|  0%| F|  |TAMS 0x000000008ac00000, 0x000000008ac00000| Untracked 
| 131|0x000000008ad00000, 0x000000008ad00000, 0x000000008ae00000|  0%| F|  |TAMS 0x000000008ad00000, 0x000000008ad00000| Untracked 
| 132|0x000000008ae00000, 0x000000008ae00000, 0x000000008af00000|  0%| F|  |TAMS 0x000000008ae00000, 0x000000008ae00000| Untracked 
| 133|0x000000008af00000, 0x000000008af00000, 0x000000008b000000|  0%| F|  |TAMS 0x000000008af00000, 0x000000008af00000| Untracked 
| 134|0x000000008b000000, 0x000000008b000000, 0x000000008b100000|  0%| F|  |TAMS 0x000000008b000000, 0x000000008b000000| Untracked 
| 135|0x000000008b100000, 0x000000008b100000, 0x000000008b200000|  0%| F|  |TAMS 0x000000008b100000, 0x000000008b100000| Untracked 
| 136|0x000000008b200000, 0x000000008b200000, 0x000000008b300000|  0%| F|  |TAMS 0x000000008b200000, 0x000000008b200000| Untracked 
| 137|0x000000008b300000, 0x000000008b300000, 0x000000008b400000|  0%| F|  |TAMS 0x000000008b300000, 0x000000008b300000| Untracked 
| 138|0x000000008b400000, 0x000000008b400000, 0x000000008b500000|  0%| F|  |TAMS 0x000000008b400000, 0x000000008b400000| Untracked 
| 139|0x000000008b500000, 0x000000008b500000, 0x000000008b600000|  0%| F|  |TAMS 0x000000008b500000, 0x000000008b500000| Untracked 
| 140|0x000000008b600000, 0x000000008b600000, 0x000000008b700000|  0%| F|  |TAMS 0x000000008b600000, 0x000000008b600000| Untracked 
| 141|0x000000008b700000, 0x000000008b700000, 0x000000008b800000|  0%| F|  |TAMS 0x000000008b700000, 0x000000008b700000| Untracked 
| 142|0x000000008b800000, 0x000000008b800000, 0x000000008b900000|  0%| F|  |TAMS 0x000000008b800000, 0x000000008b800000| Untracked 
| 143|0x000000008b900000, 0x000000008b900000, 0x000000008ba00000|  0%| F|  |TAMS 0x000000008b900000, 0x000000008b900000| Untracked 
| 144|0x000000008ba00000, 0x000000008ba00000, 0x000000008bb00000|  0%| F|  |TAMS 0x000000008ba00000, 0x000000008ba00000| Untracked 
| 145|0x000000008bb00000, 0x000000008bb00000, 0x000000008bc00000|  0%| F|  |TAMS 0x000000008bb00000, 0x000000008bb00000| Untracked 
| 146|0x000000008bc00000, 0x000000008bc00000, 0x000000008bd00000|  0%| F|  |TAMS 0x000000008bc00000, 0x000000008bc00000| Untracked 
| 147|0x000000008bd00000, 0x000000008bd00000, 0x000000008be00000|  0%| F|  |TAMS 0x000000008bd00000, 0x000000008bd00000| Untracked 
| 148|0x000000008be00000, 0x000000008be00000, 0x000000008bf00000|  0%| F|  |TAMS 0x000000008be00000, 0x000000008be00000| Untracked 
| 149|0x000000008bf00000, 0x000000008bf00000, 0x000000008c000000|  0%| F|  |TAMS 0x000000008bf00000, 0x000000008bf00000| Untracked 
| 150|0x000000008c000000, 0x000000008c000000, 0x000000008c100000|  0%| F|  |TAMS 0x000000008c000000, 0x000000008c000000| Untracked 
| 151|0x000000008c100000, 0x000000008c100000, 0x000000008c200000|  0%| F|  |TAMS 0x000000008c100000, 0x000000008c100000| Untracked 

Card table byte_map: [0x00000213cae60000,0x00000213cb250000] _byte_map_base: 0x00000213caa4b000

Marking Bits (Prev, Next): (CMBitMap*) 0x00000213b7c5c6f0, (CMBitMap*) 0x00000213b7c5c6b8
 Prev Bits: [0x00000213cd5a0000, 0x00000213cf4f8000)
 Next Bits: [0x00000213cb640000, 0x00000213cd598000)

Polling page: 0x00000213b5db0000

Metaspace:

Usage:
  Non-class:     59.86 MB capacity,    59.42 MB (>99%) used,   330.62 KB ( <1%) free+waste,   115.81 KB ( <1%) overhead. 
      Class:      7.87 MB capacity,     7.55 MB ( 96%) used,   277.42 KB (  3%) free+waste,    51.00 KB ( <1%) overhead. 
       Both:     67.73 MB capacity,    66.97 MB ( 99%) used,   608.04 KB ( <1%) free+waste,   166.81 KB ( <1%) overhead. 

Virtual space:
  Non-class space:       66.00 MB reserved,      59.91 MB ( 91%) committed 
      Class space:        1.00 GB reserved,       7.88 MB ( <1%) committed 
             Both:        1.06 GB reserved,      67.79 MB (  6%) committed 

Chunk freelists:
   Non-Class:  58.00 KB
       Class:  2.00 KB
        Both:  60.00 KB

MaxMetaspaceSize: 17179869184.00 GB
CompressedClassSpaceSize: 1.00 GB
Initial GC threshold: 20.80 MB
Current GC threshold: 99.44 MB
CDS: off

CodeHeap 'non-profiled nmethods': size=120000Kb used=4275Kb max_used=4275Kb free=115724Kb
 bounds [0x00000213c3210000, 0x00000213c3640000, 0x00000213ca740000]
CodeHeap 'profiled nmethods': size=120000Kb used=21797Kb max_used=21797Kb free=98202Kb
 bounds [0x00000213bbce0000, 0x00000213bd230000, 0x00000213c3210000]
CodeHeap 'non-nmethods': size=5760Kb used=1346Kb max_used=1365Kb free=4414Kb
 bounds [0x00000213bb740000, 0x00000213bb9b0000, 0x00000213bbce0000]
 total_blobs=8892 nmethods=8249 adapters=552
 compilation: enabled
              stopped_count=0, restarted_count=0
 full_count=0

Compilation events (20 events):
Event: 9.263 Thread 0x00000213d278d000 8280       1       org.jetbrains.kotlin.ir.util.SymbolTable::getSignaturer (5 bytes)
Event: 9.263 Thread 0x00000213d278d000 nmethod 8280 0x00000213c3638510 code [0x00000213c36386c0, 0x00000213c3638778]
Event: 9.263 Thread 0x00000213d278d000 8278       3       org.jetbrains.kotlin.name.FqName::shortNameOrSpecial (17 bytes)
Event: 9.264 Thread 0x00000213d278d000 nmethod 8278 0x00000213bd221b10 code [0x00000213bd221d20, 0x00000213bd222128]
Event: 9.264 Thread 0x00000213d278d000 8282 %     3       org.jetbrains.kotlin.cli.jvm.index.JvmDependenciesIndexImpl::search @ 178 (379 bytes)
Event: 9.264 Thread 0x00000213d278b000 8283       4       kotlin.collections.ArraysKt___ArraysKt::toCollection (45 bytes)
Event: 9.264 Thread 0x00000213d40f6800 nmethod 8251 0x00000213c3638810 code [0x00000213c36389c0, 0x00000213c3638e78]
Event: 9.267 Thread 0x00000213d278b000 nmethod 8283 0x00000213c3639290 code [0x00000213c3639460, 0x00000213c3639618]
Event: 9.268 Thread 0x00000213d278d000 nmethod 8282% 0x00000213bd222310 code [0x00000213bd2229a0, 0x00000213bd226778]
Event: 9.268 Thread 0x00000213d278d000 8286       1       org.jetbrains.kotlin.serialization.SerializerExtensionProtocol::getTypeAnnotation (5 bytes)
Event: 9.269 Thread 0x00000213d278d000 nmethod 8286 0x00000213c3639890 code [0x00000213c3639a40, 0x00000213c3639af8]
Event: 9.269 Thread 0x00000213d278d000 8284       3       org.jetbrains.kotlin.load.java.lazy.descriptors.LazyJavaClassDescriptor$moduleAnnotations$2::<init> (11 bytes)
Event: 9.269 Thread 0x00000213d278d000 nmethod 8284 0x00000213bd227d90 code [0x00000213bd227f40, 0x00000213bd228158]
Event: 9.269 Thread 0x00000213d278d000 8285       3       org.jetbrains.kotlin.load.java.lazy.descriptors.LazyJavaClassDescriptor$LazyJavaClassTypeConstructor::<init> (50 bytes)
Event: 9.269 Thread 0x00000213d278d000 nmethod 8285 0x00000213bd228290 code [0x00000213bd2284c0, 0x00000213bd228b88]
Event: 9.271 Thread 0x00000213d7896800 nmethod 8237 0x00000213c3639b90 code [0x00000213c3639e80, 0x00000213c363ba20]
Event: 9.310 Thread 0x00000213d278d000 8287       3       java.lang.Package::<init> (47 bytes)
Event: 9.310 Thread 0x00000213d278d000 nmethod 8287 0x00000213bd228e90 code [0x00000213bd229080, 0x00000213bd2294c8]
Event: 9.310 Thread 0x00000213d278d000 8288       1       org.jetbrains.kotlin.ir.symbols.impl.IrBindableSymbolBase::getSignature (2 bytes)
Event: 9.310 Thread 0x00000213d278d000 nmethod 8288 0x00000213c363cc10 code [0x00000213c363cdc0, 0x00000213c363ce78]

GC Heap History (19 events):
Event: 1.012 GC heap before
{Heap before GC invocations=0 (full 0):
 garbage-first heap   total 129024K, used 28672K [0x0000000082a00000, 0x0000000100000000)
  region size 1024K, 24 young (24576K), 0 survivors (0K)
 Metaspace       used 12100K, capacity 12216K, committed 12544K, reserved 1060864K
  class space    used 1119K, capacity 1175K, committed 1280K, reserved 1048576K
}
Event: 1.016 GC heap after
{Heap after GC invocations=1 (full 0):
 garbage-first heap   total 129024K, used 6612K [0x0000000082a00000, 0x0000000100000000)
  region size 1024K, 3 young (3072K), 3 survivors (3072K)
 Metaspace       used 12100K, capacity 12216K, committed 12544K, reserved 1060864K
  class space    used 1119K, capacity 1175K, committed 1280K, reserved 1048576K
}
Event: 1.826 GC heap before
{Heap before GC invocations=1 (full 0):
 garbage-first heap   total 129024K, used 44500K [0x0000000082a00000, 0x0000000100000000)
  region size 1024K, 41 young (41984K), 3 survivors (3072K)
 Metaspace       used 21034K, capacity 21190K, committed 21248K, reserved 1069056K
  class space    used 2224K, capacity 2304K, committed 2304K, reserved 1048576K
}
Event: 1.840 GC heap after
{Heap after GC invocations=2 (full 0):
 garbage-first heap   total 129024K, used 10342K [0x0000000082a00000, 0x0000000100000000)
  region size 1024K, 7 young (7168K), 7 survivors (7168K)
 Metaspace       used 21034K, capacity 21190K, committed 21248K, reserved 1069056K
  class space    used 2224K, capacity 2304K, committed 2304K, reserved 1048576K
}
Event: 2.979 GC heap before
{Heap before GC invocations=3 (full 0):
 garbage-first heap   total 129024K, used 71782K [0x0000000082a00000, 0x0000000100000000)
  region size 1024K, 61 young (62464K), 7 survivors (7168K)
 Metaspace       used 33725K, capacity 34148K, committed 34300K, reserved 1079296K
  class space    used 4168K, capacity 4337K, committed 4352K, reserved 1048576K
}
Event: 3.000 GC heap after
{Heap after GC invocations=4 (full 0):
 garbage-first heap   total 129024K, used 23184K [0x0000000082a00000, 0x0000000100000000)
  region size 1024K, 8 young (8192K), 8 survivors (8192K)
 Metaspace       used 33725K, capacity 34148K, committed 34300K, reserved 1079296K
  class space    used 4168K, capacity 4337K, committed 4352K, reserved 1048576K
}
Event: 3.218 GC heap before
{Heap before GC invocations=4 (full 0):
 garbage-first heap   total 129024K, used 34448K [0x0000000082a00000, 0x0000000100000000)
  region size 1024K, 20 young (20480K), 8 survivors (8192K)
 Metaspace       used 35546K, capacity 35951K, committed 36048K, reserved 1081344K
  class space    used 4351K, capacity 4533K, committed 4608K, reserved 1048576K
}
Event: 3.233 GC heap after
{Heap after GC invocations=5 (full 0):
 garbage-first heap   total 129024K, used 23605K [0x0000000082a00000, 0x0000000100000000)
  region size 1024K, 3 young (3072K), 3 survivors (3072K)
 Metaspace       used 35546K, capacity 35951K, committed 36048K, reserved 1081344K
  class space    used 4351K, capacity 4533K, committed 4608K, reserved 1048576K
}
Event: 4.333 GC heap before
{Heap before GC invocations=6 (full 0):
 garbage-first heap   total 129024K, used 67637K [0x0000000082a00000, 0x0000000100000000)
  region size 1024K, 46 young (47104K), 3 survivors (3072K)
 Metaspace       used 45336K, capacity 45815K, committed 46032K, reserved 1089536K
  class space    used 5329K, capacity 5533K, committed 5632K, reserved 1048576K
}
Event: 4.341 GC heap after
{Heap after GC invocations=7 (full 0):
 garbage-first heap   total 129024K, used 27117K [0x0000000082a00000, 0x0000000100000000)
  region size 1024K, 6 young (6144K), 6 survivors (6144K)
 Metaspace       used 45336K, capacity 45815K, committed 46032K, reserved 1089536K
  class space    used 5329K, capacity 5533K, committed 5632K, reserved 1048576K
}
Event: 4.977 GC heap before
{Heap before GC invocations=7 (full 0):
 garbage-first heap   total 129024K, used 77293K [0x0000000082a00000, 0x0000000100000000)
  region size 1024K, 52 young (53248K), 6 survivors (6144K)
 Metaspace       used 48748K, capacity 49289K, committed 49360K, reserved 1093632K
  class space    used 5670K, capacity 5883K, committed 5888K, reserved 1048576K
}
Event: 4.995 GC heap after
{Heap after GC invocations=8 (full 0):
 garbage-first heap   total 155648K, used 34313K [0x0000000082a00000, 0x0000000100000000)
  region size 1024K, 6 young (6144K), 6 survivors (6144K)
 Metaspace       used 48748K, capacity 49289K, committed 49360K, reserved 1093632K
  class space    used 5670K, capacity 5883K, committed 5888K, reserved 1048576K
}
Event: 6.385 GC heap before
{Heap before GC invocations=8 (full 0):
 garbage-first heap   total 155648K, used 91657K [0x0000000082a00000, 0x0000000100000000)
  region size 1024K, 62 young (63488K), 6 survivors (6144K)
 Metaspace       used 56111K, capacity 56698K, committed 56784K, reserved 1099776K
  class space    used 6385K, capacity 6618K, committed 6656K, reserved 1048576K
}
Event: 6.402 GC heap after
{Heap after GC invocations=9 (full 0):
 garbage-first heap   total 155648K, used 42226K [0x0000000082a00000, 0x0000000100000000)
  region size 1024K, 8 young (8192K), 8 survivors (8192K)
 Metaspace       used 56111K, capacity 56698K, committed 56784K, reserved 1099776K
  class space    used 6385K, capacity 6618K, committed 6656K, reserved 1048576K
}
Event: 6.868 GC heap before
{Heap before GC invocations=9 (full 0):
 garbage-first heap   total 155648K, used 98546K [0x0000000082a00000, 0x0000000100000000)
  region size 1024K, 63 young (64512K), 8 survivors (8192K)
 Metaspace       used 56777K, capacity 57334K, committed 57680K, reserved 1099776K
  class space    used 6424K, capacity 6658K, committed 6784K, reserved 1048576K
}
Event: 6.887 GC heap after
{Heap after GC invocations=10 (full 0):
 garbage-first heap   total 155648K, used 46873K [0x0000000082a00000, 0x0000000100000000)
  region size 1024K, 5 young (5120K), 5 survivors (5120K)
 Metaspace       used 56777K, capacity 57334K, committed 57680K, reserved 1099776K
  class space    used 6424K, capacity 6658K, committed 6784K, reserved 1048576K
}
Event: 7.514 GC heap before
{Heap before GC invocations=10 (full 0):
 garbage-first heap   total 155648K, used 66329K [0x0000000082a00000, 0x0000000100000000)
  region size 1024K, 25 young (25600K), 5 survivors (5120K)
 Metaspace       used 59658K, capacity 60298K, committed 60496K, reserved 1103872K
  class space    used 6768K, capacity 7027K, committed 7040K, reserved 1048576K
}
Event: 7.530 GC heap after
{Heap after GC invocations=11 (full 0):
 garbage-first heap   total 155648K, used 49918K [0x0000000082a00000, 0x0000000100000000)
  region size 1024K, 4 young (4096K), 4 survivors (4096K)
 Metaspace       used 59658K, capacity 60298K, committed 60496K, reserved 1103872K
  class space    used 6768K, capacity 7027K, committed 7040K, reserved 1048576K
}
Event: 9.327 GC heap before
{Heap before GC invocations=12 (full 0):
 garbage-first heap   total 155648K, used 100094K [0x0000000082a00000, 0x0000000100000000)
  region size 1024K, 54 young (55296K), 4 survivors (4096K)
 Metaspace       used 68581K, capacity 69356K, committed 69416K, reserved 1116160K
  class space    used 7733K, capacity 8062K, committed 8064K, reserved 1048576K
}

Deoptimization events (20 events):
Event: 9.199 Thread 0x00000213b7c1e000 DEOPT PACKING pc=0x00000213c3594c00 sp=0x0000001ed69fe240
Event: 9.199 Thread 0x00000213b7c1e000 DEOPT UNPACKING pc=0x00000213bb78a1af sp=0x0000001ed69fe1c0 mode 2
Event: 9.202 Thread 0x00000213b7c1e000 Uncommon trap: trap_request=0xffffff4d fr.pc=0x00000213c3529cc0 relative=0x0000000000000200
Event: 9.202 Thread 0x00000213b7c1e000 Uncommon trap: reason=unstable_if action=reinterpret pc=0x00000213c3529cc0 method=org.jetbrains.kotlin.name.FqNameUnsafe.toSafe()Lorg/jetbrains/kotlin/name/FqName; @ 4 c2
Event: 9.202 Thread 0x00000213b7c1e000 DEOPT PACKING pc=0x00000213c3529cc0 sp=0x0000001ed69fe370
Event: 9.202 Thread 0x00000213b7c1e000 DEOPT UNPACKING pc=0x00000213bb78a1af sp=0x0000001ed69fe330 mode 2
Event: 9.210 Thread 0x00000213b7c1e000 DEOPT PACKING pc=0x00000213bc5149ab sp=0x0000001ed69fd830
Event: 9.210 Thread 0x00000213b7c1e000 DEOPT UNPACKING pc=0x00000213bb78a95e sp=0x0000001ed69fccd0 mode 0
Event: 9.211 Thread 0x00000213b7c1e000 DEOPT PACKING pc=0x00000213bc47a841 sp=0x0000001ed69fdaa0
Event: 9.211 Thread 0x00000213b7c1e000 DEOPT UNPACKING pc=0x00000213bb78a95e sp=0x0000001ed69fcfa8 mode 0
Event: 9.247 Thread 0x00000213b7c1e000 DEOPT PACKING pc=0x00000213bc3ff57c sp=0x0000001ed69fd200
Event: 9.247 Thread 0x00000213b7c1e000 DEOPT UNPACKING pc=0x00000213bb78a95e sp=0x0000001ed69fc6d0 mode 0
Event: 9.250 Thread 0x00000213b7c1e000 Uncommon trap: trap_request=0xffffffc6 fr.pc=0x00000213c352b764 relative=0x0000000000000744
Event: 9.250 Thread 0x00000213b7c1e000 Uncommon trap: reason=bimorphic_or_optimized_type_check action=maybe_recompile pc=0x00000213c352b764 method=org.jetbrains.kotlin.storage.LockBasedStorageManager$LockBasedLazyValue.invoke()Ljava/lang/Object; @ 181 c2
Event: 9.250 Thread 0x00000213b7c1e000 DEOPT PACKING pc=0x00000213c352b764 sp=0x0000001ed69fe280
Event: 9.250 Thread 0x00000213b7c1e000 DEOPT UNPACKING pc=0x00000213bb78a1af sp=0x0000001ed69fe238 mode 2
Event: 9.250 Thread 0x00000213b7c1e000 Uncommon trap: trap_request=0xffffffc6 fr.pc=0x00000213c352b764 relative=0x0000000000000744
Event: 9.250 Thread 0x00000213b7c1e000 Uncommon trap: reason=bimorphic_or_optimized_type_check action=maybe_recompile pc=0x00000213c352b764 method=org.jetbrains.kotlin.storage.LockBasedStorageManager$LockBasedLazyValue.invoke()Ljava/lang/Object; @ 181 c2
Event: 9.250 Thread 0x00000213b7c1e000 DEOPT PACKING pc=0x00000213c352b764 sp=0x0000001ed69fdeb0
Event: 9.250 Thread 0x00000213b7c1e000 DEOPT UNPACKING pc=0x00000213bb78a1af sp=0x0000001ed69fde68 mode 2

Classes redefined (0 events):
No events

Internal exceptions (20 events):
Event: 7.065 Thread 0x00000213b7c1e000 Exception <a 'java/lang/NoSuchMethodError'{0x000000008bba5ad0}: 'java.lang.Object java.lang.invoke.DirectMethodHandle$Holder.invokeStatic(java.lang.Object, int, java.lang.Object, java.lang.Object)'> (0x000000008bba5ad0) thrown at [src/hotspot/share/interpreter/linkResolver.cpp, line 773]
Event: 7.066 Thread 0x00000213b7c1e000 Exception <a 'java/lang/NoSuchMethodError'{0x000000008bbb06b0}: 'java.lang.Object java.lang.invoke.DirectMethodHandle$Holder.invokeStatic(java.lang.Object, int, java.lang.Object)'> (0x000000008bbb06b0) thrown at [src/hotspot/share/interpreter/linkResolver.cpp, line 773]
Event: 7.067 Thread 0x00000213b7c1e000 Exception <a 'java/lang/NoSuchMethodError'{0x000000008bbb6a98}: 'int java.lang.invoke.DirectMethodHandle$Holder.invokeInterface(java.lang.Object, java.lang.Object)'> (0x000000008bbb6a98) thrown at [src/hotspot/share/interpreter/linkResolver.cpp, line 773]
Event: 7.108 Thread 0x00000213b7c1e000 Implicit null exception at 0x00000213c3273c5e to 0x00000213c32743ca
Event: 7.108 Thread 0x00000213b7c1e000 Implicit null exception at 0x00000213c32725af to 0x00000213c327261d
Event: 7.201 Thread 0x00000213b7c1e000 Exception <a 'java/lang/NoSuchMethodError'{0x000000008b763e08}: 'java.lang.Object java.lang.invoke.DirectMethodHandle$Holder.invokeInterface(java.lang.Object, java.lang.Object, java.lang.Object)'> (0x000000008b763e08) thrown at [src/hotspot/share/interpreter/linkResolver.cpp, line 773]
Event: 7.202 Thread 0x00000213b7c1e000 Exception <a 'java/lang/IncompatibleClassChangeError'{0x000000008b767588}: Found class java.lang.Object, but interface was expected> (0x000000008b767588) thrown at [src/hotspot/share/interpreter/linkResolver.cpp, line 839]
Event: 7.208 Thread 0x00000213b7c1e000 Exception <a 'java/lang/NoSuchMethodError'{0x000000008b797890}: 'java.lang.Object java.lang.invoke.Invokers$Holder.linkToTargetMethod(java.lang.Object, java.lang.Object, java.lang.Object, java.lang.Object, java.lang.Object, java.lang.Object, java.lang.Object)'> (0x000000008b797890) thrown at [src/hotspot/share/interpreter/linkResolver.cpp, line 773]
Event: 7.322 Thread 0x00000213b7c1e000 Exception <a 'java/lang/NoSuchMethodError'{0x000000008b42a998}: 'java.lang.Object java.lang.invoke.Invokers$Holder.linkToTargetMethod(java.lang.Object, java.lang.Object, java.lang.Object, int, int, java.lang.Object)'> (0x000000008b42a998) thrown at [src/hotspot/share/interpreter/linkResolver.cpp, line 773]
Event: 7.367 Thread 0x00000213b7c1e000 Implicit null exception at 0x00000213c34a775c to 0x00000213c34a8184
Event: 7.509 Thread 0x00000213b7c1e000 Exception <a 'java/lang/NoSuchMethodError'{0x000000008afe8c98}: 'int java.lang.invoke.DirectMethodHandle$Holder.invokeVirtual(java.lang.Object, java.lang.Object, java.lang.Object)'> (0x000000008afe8c98) thrown at [src/hotspot/share/interpreter/linkResolver.cpp, line 773]
Event: 7.656 Thread 0x00000213b7c1e000 Exception <a 'java/lang/NoSuchMethodError'{0x000000008be5d2e0}: 'java.lang.Object java.lang.invoke.DirectMethodHandle$Holder.invokeSpecial(java.lang.Object, java.lang.Object, java.lang.Object, java.lang.Object, java.lang.Object, int)'> (0x000000008be5d2e0) thrown at [src/hotspot/share/interpreter/linkResolver.cpp, line 773]
Event: 7.656 Thread 0x00000213b7c1e000 Exception <a 'java/lang/NoSuchMethodError'{0x000000008be613d0}: 'java.lang.Object java.lang.invoke.Invokers$Holder.linkToTargetMethod(java.lang.Object, java.lang.Object, java.lang.Object, int, java.lang.Object)'> (0x000000008be613d0) thrown at [src/hotspot/share/interpreter/linkResolver.cpp, line 773]
Event: 7.715 Thread 0x00000213b7c1e000 Exception <a 'java/lang/NoSuchMethodError'{0x000000008bc63700}: 'void java.lang.invoke.DirectMethodHandle$Holder.invokeInterface(java.lang.Object, java.lang.Object)'> (0x000000008bc63700) thrown at [src/hotspot/share/interpreter/linkResolver.cpp, line 773]
Event: 7.779 Thread 0x00000213b7c1e000 Exception <a 'java/lang/IncompatibleClassChangeError'{0x000000008ba13318}: Found class java.lang.Object, but interface was expected> (0x000000008ba13318) thrown at [src/hotspot/share/interpreter/linkResolver.cpp, line 839]
Event: 8.032 Thread 0x00000213b7c1e000 Exception <a 'java/lang/NoSuchMethodError'{0x000000008b5eb0e0}: 'int java.lang.invoke.DirectMethodHandle$Holder.invokeStaticInit(java.lang.Object, int)'> (0x000000008b5eb0e0) thrown at [src/hotspot/share/interpreter/linkResolver.cpp, line 773]
Event: 8.859 Thread 0x00000213b7c1e000 Implicit null exception at 0x00000213c326e3f5 to 0x00000213c326e5bc
Event: 8.997 Thread 0x00000213b7c1e000 Implicit null exception at 0x00000213c351bd01 to 0x00000213c351c014
Event: 8.998 Thread 0x00000213b7c1e000 Implicit null exception at 0x00000213c3493a7b to 0x00000213c3493d1c
Event: 9.094 Thread 0x00000213b7c1e000 Exception <a 'java/lang/NoSuchMethodError'{0x0000000089846c08}: 'java.lang.Object java.lang.invoke.DirectMethodHandle$Holder.invokeStaticInit(java.lang.Object, java.lang.Object, java.lang.Object, java.lang.Object)'> (0x0000000089846c08) thrown at [src/hotspot/share/interpreter/linkResolver.cpp, line 773]

Events (20 events):
Event: 9.322 loading class org/jetbrains/kotlin/ir/symbols/impl/IrFileSymbolImpl done
Event: 9.322 loading class org/jetbrains/kotlin/ir/symbols/IrFileSymbol
Event: 9.322 loading class org/jetbrains/kotlin/ir/symbols/IrFileSymbol done
Event: 9.322 loading class org/jetbrains/kotlin/ir/declarations/DescriptorMetadataSource$File
Event: 9.322 loading class org/jetbrains/kotlin/ir/declarations/DescriptorMetadataSource$File done
Event: 9.323 loading class org/jetbrains/kotlin/ir/declarations/MetadataSource$File
Event: 9.323 loading class org/jetbrains/kotlin/ir/declarations/MetadataSource$File done
Event: 9.323 loading class org/jetbrains/kotlin/ir/declarations/MetadataSource
Event: 9.323 loading class org/jetbrains/kotlin/ir/declarations/MetadataSource done
Event: 9.323 loading class org/jetbrains/kotlin/ir/declarations/DescriptorMetadataSource
Event: 9.323 loading class org/jetbrains/kotlin/ir/declarations/DescriptorMetadataSource done
Event: 9.323 loading class org/jetbrains/kotlin/backend/common/CodegenUtil
Event: 9.323 loading class org/jetbrains/kotlin/backend/common/CodegenUtil done
Event: 9.325 loading class org/jetbrains/kotlin/psi/KtFile
Event: 9.325 loading class org/jetbrains/kotlin/psi/KtFile done
Event: 9.325 loading class org/jetbrains/kotlin/psi/KtFile
Event: 9.325 loading class org/jetbrains/kotlin/psi/KtFile done
Event: 9.325 loading class org/jetbrains/kotlin/psi2ir/generators/ClassGenerator
Event: 9.325 loading class org/jetbrains/kotlin/psi2ir/generators/ClassGenerator done
Event: 9.327 Executing VM operation: CollectForMetadataAllocation


Dynamic libraries:
0x00007ff791f20000 - 0x00007ff791f2a000 	D:\Programas Nuevos\Android Studio\jbr\bin\java.exe
0x00007ffe8cbf0000 - 0x00007ffe8ce04000 	C:\WINDOWS\SYSTEM32\ntdll.dll
0x00007ffe8c300000 - 0x00007ffe8c3c3000 	C:\WINDOWS\System32\KERNEL32.DLL
0x00007ffe8a320000 - 0x00007ffe8a6bc000 	C:\WINDOWS\System32\KERNELBASE.dll
0x00007ffe8a200000 - 0x00007ffe8a311000 	C:\WINDOWS\System32\ucrtbase.dll
0x00007ffe83ca0000 - 0x00007ffe83cb7000 	D:\Programas Nuevos\Android Studio\jbr\bin\jli.dll
0x00007ffe84180000 - 0x00007ffe8419b000 	D:\Programas Nuevos\Android Studio\jbr\bin\VCRUNTIME140.dll
0x00007ffe8c5d0000 - 0x00007ffe8c77d000 	C:\WINDOWS\System32\USER32.dll
0x00007ffe7fa70000 - 0x00007ffe7fcfe000 	C:\WINDOWS\WinSxS\amd64_microsoft.windows.common-controls_6595b64144ccf1df_6.0.22621.608_none_a9444ca7c10bb01d\COMCTL32.dll
0x00007ffe8a150000 - 0x00007ffe8a176000 	C:\WINDOWS\System32\win32u.dll
0x00007ffe8b870000 - 0x00007ffe8b917000 	C:\WINDOWS\System32\msvcrt.dll
0x00007ffe8cb80000 - 0x00007ffe8cba9000 	C:\WINDOWS\System32\GDI32.dll
0x00007ffe8a030000 - 0x00007ffe8a142000 	C:\WINDOWS\System32\gdi32full.dll
0x00007ffe8a7f0000 - 0x00007ffe8a88a000 	C:\WINDOWS\System32\msvcp_win.dll
0x00007ffe8ae00000 - 0x00007ffe8ae32000 	C:\WINDOWS\System32\IMM32.DLL
0x00007ffe858f0000 - 0x00007ffe858fc000 	D:\Programas Nuevos\Android Studio\jbr\bin\vcruntime140_1.dll
0x00007ffe741b0000 - 0x00007ffe7423d000 	D:\Programas Nuevos\Android Studio\jbr\bin\msvcp140.dll
0x00007ffe1eb20000 - 0x00007ffe1f6dc000 	D:\Programas Nuevos\Android Studio\jbr\bin\server\jvm.dll
0x00007ffe8c920000 - 0x00007ffe8c9ce000 	C:\WINDOWS\System32\ADVAPI32.dll
0x00007ffe8c070000 - 0x00007ffe8c114000 	C:\WINDOWS\System32\sechost.dll
0x00007ffe8c1d0000 - 0x00007ffe8c2e5000 	C:\WINDOWS\System32\RPCRT4.dll
0x00007ffe8c060000 - 0x00007ffe8c068000 	C:\WINDOWS\System32\PSAPI.DLL
0x00007ffe3bc90000 - 0x00007ffe3bc99000 	C:\WINDOWS\SYSTEM32\WSOCK32.dll
0x00007ffe82b90000 - 0x00007ffe82bc4000 	C:\WINDOWS\SYSTEM32\WINMM.dll
0x00007ffe7f250000 - 0x00007ffe7f25a000 	C:\WINDOWS\SYSTEM32\VERSION.dll
0x00007ffe8ca20000 - 0x00007ffe8ca91000 	C:\WINDOWS\System32\WS2_32.dll
0x00007ffe89170000 - 0x00007ffe89188000 	C:\WINDOWS\SYSTEM32\kernel.appcore.dll
0x00007ffe87460000 - 0x00007ffe87470000 	D:\Programas Nuevos\Android Studio\jbr\bin\verify.dll
0x00007ffe7a310000 - 0x00007ffe7a53e000 	C:\WINDOWS\SYSTEM32\DBGHELP.DLL
0x00007ffe8aa60000 - 0x00007ffe8adea000 	C:\WINDOWS\System32\combase.dll
0x00007ffe8caa0000 - 0x00007ffe8cb77000 	C:\WINDOWS\System32\OLEAUT32.dll
0x00007ffe6b260000 - 0x00007ffe6b292000 	C:\WINDOWS\SYSTEM32\dbgcore.DLL
0x00007ffe8a180000 - 0x00007ffe8a1fb000 	C:\WINDOWS\System32\bcryptPrimitives.dll
0x00007ffe83fc0000 - 0x00007ffe83fe8000 	D:\Programas Nuevos\Android Studio\jbr\bin\java.dll
0x00007ffe87450000 - 0x00007ffe8745a000 	D:\Programas Nuevos\Android Studio\jbr\bin\jimage.dll
0x00007ffe85720000 - 0x00007ffe85738000 	D:\Programas Nuevos\Android Studio\jbr\bin\zip.dll
0x00007ffe8ae40000 - 0x00007ffe8b62f000 	C:\WINDOWS\System32\SHELL32.dll
0x00007ffe88050000 - 0x00007ffe88918000 	C:\WINDOWS\SYSTEM32\windows.storage.dll
0x00007ffe87f10000 - 0x00007ffe8804e000 	C:\WINDOWS\SYSTEM32\wintypes.dll
0x00007ffe8b630000 - 0x00007ffe8b721000 	C:\WINDOWS\System32\SHCORE.dll
0x00007ffe8aa00000 - 0x00007ffe8aa5e000 	C:\WINDOWS\System32\shlwapi.dll
0x00007ffe89f60000 - 0x00007ffe89f81000 	C:\WINDOWS\SYSTEM32\profapi.dll
0x00007ffe84210000 - 0x00007ffe84229000 	D:\Programas Nuevos\Android Studio\jbr\bin\net.dll
0x00007ffe82050000 - 0x00007ffe8217f000 	C:\WINDOWS\SYSTEM32\WINHTTP.dll
0x00007ffe895e0000 - 0x00007ffe89649000 	C:\WINDOWS\system32\mswsock.dll
0x00007ffe83ed0000 - 0x00007ffe83ee3000 	D:\Programas Nuevos\Android Studio\jbr\bin\nio.dll

dbghelp: loaded successfully - version: 4.0.5 - missing functions: none
symbol engine: initialized successfully - sym options: 0x614 - pdb path: .;D:\Programas Nuevos\Android Studio\jbr\bin;C:\WINDOWS\SYSTEM32;C:\WINDOWS\WinSxS\amd64_microsoft.windows.common-controls_6595b64144ccf1df_6.0.22621.608_none_a9444ca7c10bb01d;D:\Programas Nuevos\Android Studio\jbr\bin\server

VM Arguments:
java_command: org.jetbrains.kotlin.cli.jvm.K2JVMCompiler @D:\Usuarios\Santiago Mejia\Desarrollo_Movil\Proyecto_Movipet\app\build\20230306_18117384372976594282.compiler.options
java_class_path (initial): C:\Users\Santiago Mejia\.gradle\caches\modules-2\files-2.1\org.jetbrains.kotlin\kotlin-compiler-embeddable\1.8.0\eb9118d4bcceaa2a94b2ae2a33a4ddba7c9a947f\kotlin-compiler-embeddable-1.8.0.jar;C:\Users\Santiago Mejia\.gradle\caches\modules-2\files-2.1\org.jetbrains.kotlin\kotlin-stdlib\1.8.0\1796921c7a3e2e2665a83e6c8d33399336cd39bc\kotlin-stdlib-1.8.0.jar;C:\Users\Santiago Mejia\.gradle\caches\modules-2\files-2.1\org.jetbrains.kotlin\kotlin-script-runtime\1.8.0\b2f7e760d283cb339974851c222a4c1d48f2d3d\kotlin-script-runtime-1.8.0.jar;C:\Users\Santiago Mejia\.gradle\caches\modules-2\files-2.1\org.jetbrains.kotlin\kotlin-reflect\1.6.10\1cbe9c92c12a94eea200d23c2bbaedaf3daf5132\kotlin-reflect-1.6.10.jar;C:\Users\Santiago Mejia\.gradle\caches\modules-2\files-2.1\org.jetbrains.kotlin\kotlin-daemon-embeddable\1.8.0\d255216c551685dc3a7e852b53617f5f01aaaa5c\kotlin-daemon-embeddable-1.8.0.jar;C:\Users\Santiago Mejia\.gradle\caches\modules-2\files-2.1\org.jetbrains.intellij.deps\trove4j\1.0.20200330\3afb14d5f9ceb459d724e907a21145e8ff394f02\trove4j-1.0.20200330.jar;C:\Users\Santiago Mejia\.gradle\caches\modules-2\files-2.1\net.java.dev.jna\jna\5.6.0\330f2244e9030119ab3030fc3fededc86713d9cc\jna-5.6.0.jar;C:\Users\Santiago Mejia\.gradle\caches\modules-2\files-2.1\org.jetbrains.kotlin\kotlin-stdlib-common\1.8.0\f7197e7cc76453ac59f8b0f8d5137cc600becd36\kotlin-stdlib-common-1.8.0.jar;C:\Users\Santiago Mejia\.gradle\caches\modules-2\files-2.1\org.jetbrains\annotations\13.0\919f0dfe192fb4e063e7dacadee7f8bb9a2672a9\annotations-13.0.jar
Launcher Type: SUN_STANDARD

[Global flags]
     intx CICompilerCount                          = 4                                         {product} {ergonomic}
     uint ConcGCThreads                            = 2                                         {product} {ergonomic}
     uint G1ConcRefinementThreads                  = 8                                         {product} {ergonomic}
   size_t G1HeapRegionSize                         = 1048576                                   {product} {ergonomic}
    uintx GCDrainStackTargetSize                   = 64                                        {product} {ergonomic}
   size_t InitialHeapSize                          = 132120576                                 {product} {ergonomic}
   size_t MarkStackSize                            = 4194304                                   {product} {ergonomic}
   size_t MaxHeapSize                              = 2103443456                                {product} {ergonomic}
   size_t MaxNewSize                               = 1261436928                                {product} {ergonomic}
   size_t MinHeapDeltaBytes                        = 1048576                                   {product} {ergonomic}
    uintx NonNMethodCodeHeapSize                   = 5836300                                {pd product} {ergonomic}
    uintx NonProfiledCodeHeapSize                  = 122910970                              {pd product} {ergonomic}
    uintx ProfiledCodeHeapSize                     = 122910970                              {pd product} {ergonomic}
    uintx ReservedCodeCacheSize                    = 251658240                              {pd product} {ergonomic}
     bool SegmentedCodeCache                       = true                                      {product} {ergonomic}
     bool UseCompressedClassPointers               = true                                 {lp64_product} {ergonomic}
     bool UseCompressedOops                        = true                                 {lp64_product} {ergonomic}
     bool UseG1GC                                  = true                                      {product} {ergonomic}
     bool UseLargePagesIndividualAllocation        = false                                  {pd product} {ergonomic}

Logging:
Log output configuration:
 #0: stdout all=warning uptime,level,tags
 #1: stderr all=off uptime,level,tags

Environment Variables:
PATH=D:\Program Files\Scripts\;D:\Program Files\;C:\Program Files\CodeBlocks\MinGW\bin;C:\Program Files (x86)\Common Files\Oracle\Java\javapath;C:\WINDOWS\system32;C:\WINDOWS;C:\WINDOWS\System32\Wbem;C:\WINDOWS\System32\WindowsPowerShell\v1.0\;C:\WINDOWS\System32\OpenSSH\;C:\Program Files\Git\cmd;C:\ProgramData\chocolatey\bin;C:\Users\Santiago Mejia\AppData\Local\Microsoft\WindowsApps;;C:\Program Files\JetBrains\IntelliJ IDEA 2022.1.1\bin;;D:\CLion 2022.2.3\bin;
USERNAME=Santiago Mejia
OS=Windows_NT
PROCESSOR_IDENTIFIER=Intel64 Family 6 Model 142 Stepping 12, GenuineIntel



---------------  S Y S T E M  ---------------

OS: Windows 11 , 64 bit Build 22621 (10.0.22621.1194)
OS uptime: 7 days 1:02 hours

CPU:total 8 (initial active 8) (4 cores per cpu, 2 threads per core) family 6 model 142 stepping 12 microcode 0xde, cmov, cx8, fxsr, mmx, sse, sse2, sse3, ssse3, sse4.1, sse4.2, popcnt, avx, avx2, aes, clmul, erms, 3dnowpref, lzcnt, ht, tsc, tscinvbit, bmi1, bmi2, adx, fma

Memory: 4k page, system-wide physical 8020M (633M free)
TotalPageFile size 18260M (AvailPageFile size 0M)
current process WorkingSet (physical memory assigned to process): 327M, peak: 327M
current process commit charge ("private bytes"): 376M, peak: 407M

vm_info: OpenJDK 64-Bit Server VM (11.0.15+0-b2043.56-9505619) for windows-amd64 JRE (11.0.15+0-b2043.56-9505619), built on Jan 19 2023 02:48:00 by "builduser" with unknown MS VC++:1929

END.
